#
# There is insufficient memory for the Java Runtime Environment to continue.
# Native memory allocation (malloc) failed to allocate 32744 bytes for Chunk::new
# Possible reasons:
#   The system is out of physical RAM or swap space
#   The process is running with CompressedOops enabled, and the Java Heap may be blocking the growth of the native heap
# Possible solutions:
#   Reduce memory load on the system
#   Increase physical memory or swap space
#   Check if swap backing store is full
#   Decrease Java heap size (-Xmx/-Xms)
#   Decrease number of Java threads
#     to set the Java Heap base and to place the Java Heap above 4GB virtual address.
# This output file may be truncated or incomplete.
#
#  Out of Memory Error (arena.cpp:184), pid=19148, tid=19272
#
# JRE version: Java(TM) SE Runtime Environment (20.0+36) (build 20+36-2344)
# Java VM: Java HotSpot(TM) 64-Bit Server VM (20+36-2344, mixed mode, sharing, tiered, compressed oops, compressed class ptrs, g1 gc, windows-amd64)
# No core dump will be written. Minidumps are not enabled by default on client versions of Windows
#

---------------  S U M M A R Y ------------

Command Line: -Dfile.encoding=UTF-8 --module-path=C:\Users\DELL\Documents\NetBeansProjects\Quiz Application\build\classes quiz.application.Quiz

Host: Intel(R) Core(TM) i3-7020U CPU @ 2.30GHz, 4 cores, 3G,  Windows 10 , 64 bit Build 19041 (10.0.19041.2788)
Time: Tue Apr 18 13:27:27 2023 India Standard Time elapsed time: 67.065858 seconds (0d 0h 1m 7s)

---------------  T H R E A D  ---------------

Current thread (0x0000028c4a02f3b0):  JavaThread "C1 CompilerThread0" daemon [_thread_in_native, id=19272, stack(0x000000b03a300000,0x000000b03a400000)]


Current CompileTask:
C1:  67066 1072       3       jdk.internal.org.objectweb.asm.MethodWriter::computeMethodInfoSize (571 bytes)

Stack: [0x000000b03a300000,0x000000b03a400000]
Native frames: (J=compiled Java code, j=interpreted, Vv=VM code, C=native code)
V  [jvm.dll+0x6bb95a]
V  [jvm.dll+0x8483aa]
V  [jvm.dll+0x849fa5]
V  [jvm.dll+0x84a6a3]
V  [jvm.dll+0x280b0f]
V  [jvm.dll+0xc2b11]
V  [jvm.dll+0xc2e35]
V  [jvm.dll+0xd0444]
V  [jvm.dll+0x297e1a]
V  [jvm.dll+0x2948aa]
V  [jvm.dll+0x294d45]
V  [jvm.dll+0x1620e5]
V  [jvm.dll+0x164687]
V  [jvm.dll+0x162ca5]
V  [jvm.dll+0x15cafa]
V  [jvm.dll+0x16c606]
V  [jvm.dll+0x157d40]
V  [jvm.dll+0x1580c3]
V  [jvm.dll+0x158384]
V  [jvm.dll+0x1577c6]
V  [jvm.dll+0x1594fd]
V  [jvm.dll+0x259e1b]
V  [jvm.dll+0x2584f0]
V  [jvm.dll+0x3f2895]
V  [jvm.dll+0x7f4906]
V  [jvm.dll+0x6ba5cb]
C  [ucrtbase.dll+0x21bb2]
C  [KERNEL32.DLL+0x17604]
C  [ntdll.dll+0x526a1]


---------------  P R O C E S S  ---------------

Threads class SMR info:
_java_thread_list=0x0000028c4ee0a2f0, length=15, elements={
0x0000028c4a019ba0, 0x0000028c4a01a5b0, 0x0000028c4a01fdf0, 0x0000028c4a020340,
0x0000028c4a021030, 0x0000028c4a021580, 0x0000028c4a028d60, 0x0000028c4a02f3b0,
0x0000028c4e44d0a0, 0x0000028c4e539350, 0x0000028c4e6e6ad0, 0x0000028c4e5cd350,
0x0000028c4e6f11d0, 0x0000028c4ed08090, 0x0000028c2d41bfe0
}

Java Threads: ( => current thread )
  0x0000028c4a019ba0 JavaThread "Reference Handler" daemon [_thread_blocked, id=19244, stack(0x000000b039c00000,0x000000b039d00000)]
  0x0000028c4a01a5b0 JavaThread "Finalizer" daemon [_thread_blocked, id=19248, stack(0x000000b039d00000,0x000000b039e00000)]
  0x0000028c4a01fdf0 JavaThread "Signal Dispatcher" daemon [_thread_blocked, id=19252, stack(0x000000b039e00000,0x000000b039f00000)]
  0x0000028c4a020340 JavaThread "Attach Listener" daemon [_thread_blocked, id=19256, stack(0x000000b039f00000,0x000000b03a000000)]
  0x0000028c4a021030 JavaThread "Service Thread" daemon [_thread_blocked, id=19260, stack(0x000000b03a000000,0x000000b03a100000)]
  0x0000028c4a021580 JavaThread "Monitor Deflation Thread" daemon [_thread_blocked, id=19264, stack(0x000000b03a100000,0x000000b03a200000)]
  0x0000028c4a028d60 JavaThread "C2 CompilerThread0" daemon [_thread_blocked, id=19268, stack(0x000000b03a200000,0x000000b03a300000)]
=>0x0000028c4a02f3b0 JavaThread "C1 CompilerThread0" daemon [_thread_in_native, id=19272, stack(0x000000b03a300000,0x000000b03a400000)]
  0x0000028c4e44d0a0 JavaThread "Common-Cleaner" daemon [_thread_blocked, id=19276, stack(0x000000b03a400000,0x000000b03a500000)]
  0x0000028c4e539350 JavaThread "Notification Thread" daemon [_thread_blocked, id=19280, stack(0x000000b03a500000,0x000000b03a600000)]
  0x0000028c4e6e6ad0 JavaThread "Java2D Disposer" daemon [_thread_blocked, id=19288, stack(0x000000b03a700000,0x000000b03a800000)]
  0x0000028c4e5cd350 JavaThread "AWT-Shutdown" [_thread_blocked, id=19292, stack(0x000000b03a800000,0x000000b03a900000)]
  0x0000028c4e6f11d0 JavaThread "AWT-Windows" daemon [_thread_in_native, id=19296, stack(0x000000b03a900000,0x000000b03aa00000)]
  0x0000028c4ed08090 JavaThread "AWT-EventQueue-0" [_thread_in_native, id=19308, stack(0x000000b03ab00000,0x000000b03ac00000)]
  0x0000028c2d41bfe0 JavaThread "DestroyJavaVM" [_thread_blocked, id=19216, stack(0x000000b039500000,0x000000b039600000)]

Other Threads:
  0x0000028c2f66be60 VMThread "VM Thread" [stack: 0x000000b039b00000,0x000000b039c00000] [id=19240]
  0x0000028c4e5a2c00 WatcherThread "VM Periodic Task Thread" [stack: 0x000000b03a600000,0x000000b03a700000] [id=19284]
  0x0000028c2f5ebe30 WorkerThread "GC Thread#0" [stack: 0x000000b039600000,0x000000b039700000] [id=19220]
  0x0000028c2f5f5a00 ConcurrentGCThread "G1 Main Marker" [stack: 0x000000b039700000,0x000000b039800000] [id=19224]
  0x0000028c2f5f6ae0 WorkerThread "G1 Conc#0" [stack: 0x000000b039800000,0x000000b039900000] [id=19228]
  0x0000028c2f6496a0 ConcurrentGCThread "G1 Refine#0" [stack: 0x000000b039900000,0x000000b039a00000] [id=19232]
  0x0000028c2f64bc70 ConcurrentGCThread "G1 Service" [stack: 0x000000b039a00000,0x000000b039b00000] [id=19236]

Threads with active compile tasks:
C1 CompilerThread0    67257 1072       3       jdk.internal.org.objectweb.asm.MethodWriter::computeMethodInfoSize (571 bytes)

VM state: not at safepoint (normal execution)

VM Mutex/Monitor currently owned by a thread: None

Heap address: 0x00000000c2000000, size: 992 MB, Compressed Oops mode: 32-bit

CDS archive(s) mapped at: [0x0000000800000000-0x0000000800c60000-0x0000000800c60000), size 12976128, SharedBaseAddress: 0x0000000800000000, ArchiveRelocationMode: 0.
Compressed class space mapped at: 0x0000000801000000-0x0000000841000000, reserved size: 1073741824
Narrow klass base: 0x0000000800000000, Narrow klass shift: 0, Narrow klass range: 0x100000000

GC Precious Log:
 CardTable entry size: 512
 Card Set container configuration: InlinePtr #cards 5 size 8 Array Of Cards #cards 12 size 40 Howl #buckets 4 coarsen threshold 1843 Howl Bitmap #cards 512 size 80 coarsen threshold 460 Card regions per heap region 1 cards per card region 2048
 CPUs: 4 total, 4 available
 Memory: 3962M
 Large Page Support: Disabled
 NUMA Support: Disabled
 Compressed Oops: Enabled (32-bit)
 Heap Region Size: 1M
 Heap Min Capacity: 8M
 Heap Initial Capacity: 62M
 Heap Max Capacity: 992M
 Pre-touch: Disabled
 Parallel Workers: 4
 Concurrent Workers: 1
 Concurrent Refinement Workers: 4
 Periodic GC: Disabled

Heap:
 garbage-first heap   total 63488K, used 16384K [0x00000000c2000000, 0x0000000100000000)
  region size 1024K, 11 young (11264K), 0 survivors (0K)
 Metaspace       used 7286K, committed 7488K, reserved 1114112K
  class space    used 786K, committed 896K, reserved 1048576K

Heap Regions: E=young(eden), S=young(survivor), O=old, HS=humongous(starts), HC=humongous(continues), CS=collection set, F=free, OA=open archive, CA=closed archive, TAMS=top-at-mark-start, PB=parsable bottom
|   0|0x00000000c2000000, 0x00000000c2100000, 0x00000000c2100000|100%|HS|  |TAMS 0x00000000c2000000| PB 0x00000000c2000000| Complete 
|   1|0x00000000c2100000, 0x00000000c2200000, 0x00000000c2200000|100%|HC|  |TAMS 0x00000000c2100000| PB 0x00000000c2100000| Complete 
|   2|0x00000000c2200000, 0x00000000c2300000, 0x00000000c2300000|100%|HC|  |TAMS 0x00000000c2200000| PB 0x00000000c2200000| Complete 
|   3|0x00000000c2300000, 0x00000000c2400000, 0x00000000c2400000|100%|HS|  |TAMS 0x00000000c2300000| PB 0x00000000c2300000| Complete 
|   4|0x00000000c2400000, 0x00000000c2500000, 0x00000000c2500000|100%|HC|  |TAMS 0x00000000c2400000| PB 0x00000000c2400000| Complete 
|   5|0x00000000c2500000, 0x00000000c2600000, 0x00000000c2600000|100%|HC|  |TAMS 0x00000000c2500000| PB 0x00000000c2500000| Complete 
|   6|0x00000000c2600000, 0x00000000c2600000, 0x00000000c2700000|  0%| F|  |TAMS 0x00000000c2600000| PB 0x00000000c2600000| Untracked 
|   7|0x00000000c2700000, 0x00000000c2700000, 0x00000000c2800000|  0%| F|  |TAMS 0x00000000c2700000| PB 0x00000000c2700000| Untracked 
|   8|0x00000000c2800000, 0x00000000c2800000, 0x00000000c2900000|  0%| F|  |TAMS 0x00000000c2800000| PB 0x00000000c2800000| Untracked 
|   9|0x00000000c2900000, 0x00000000c2900000, 0x00000000c2a00000|  0%| F|  |TAMS 0x00000000c2900000| PB 0x00000000c2900000| Untracked 
|  10|0x00000000c2a00000, 0x00000000c2a00000, 0x00000000c2b00000|  0%| F|  |TAMS 0x00000000c2a00000| PB 0x00000000c2a00000| Untracked 
|  11|0x00000000c2b00000, 0x00000000c2b00000, 0x00000000c2c00000|  0%| F|  |TAMS 0x00000000c2b00000| PB 0x00000000c2b00000| Untracked 
|  12|0x00000000c2c00000, 0x00000000c2c00000, 0x00000000c2d00000|  0%| F|  |TAMS 0x00000000c2c00000| PB 0x00000000c2c00000| Untracked 
|  13|0x00000000c2d00000, 0x00000000c2d00000, 0x00000000c2e00000|  0%| F|  |TAMS 0x00000000c2d00000| PB 0x00000000c2d00000| Untracked 
|  14|0x00000000c2e00000, 0x00000000c2e00000, 0x00000000c2f00000|  0%| F|  |TAMS 0x00000000c2e00000| PB 0x00000000c2e00000| Untracked 
|  15|0x00000000c2f00000, 0x00000000c2f00000, 0x00000000c3000000|  0%| F|  |TAMS 0x00000000c2f00000| PB 0x00000000c2f00000| Untracked 
|  16|0x00000000c3000000, 0x00000000c3000000, 0x00000000c3100000|  0%| F|  |TAMS 0x00000000c3000000| PB 0x00000000c3000000| Untracked 
|  17|0x00000000c3100000, 0x00000000c3100000, 0x00000000c3200000|  0%| F|  |TAMS 0x00000000c3100000| PB 0x00000000c3100000| Untracked 
|  18|0x00000000c3200000, 0x00000000c3200000, 0x00000000c3300000|  0%| F|  |TAMS 0x00000000c3200000| PB 0x00000000c3200000| Untracked 
|  19|0x00000000c3300000, 0x00000000c3300000, 0x00000000c3400000|  0%| F|  |TAMS 0x00000000c3300000| PB 0x00000000c3300000| Untracked 
|  20|0x00000000c3400000, 0x00000000c3400000, 0x00000000c3500000|  0%| F|  |TAMS 0x00000000c3400000| PB 0x00000000c3400000| Untracked 
|  21|0x00000000c3500000, 0x00000000c3500000, 0x00000000c3600000|  0%| F|  |TAMS 0x00000000c3500000| PB 0x00000000c3500000| Untracked 
|  22|0x00000000c3600000, 0x00000000c3600000, 0x00000000c3700000|  0%| F|  |TAMS 0x00000000c3600000| PB 0x00000000c3600000| Untracked 
|  23|0x00000000c3700000, 0x00000000c3700000, 0x00000000c3800000|  0%| F|  |TAMS 0x00000000c3700000| PB 0x00000000c3700000| Untracked 
|  24|0x00000000c3800000, 0x00000000c3800000, 0x00000000c3900000|  0%| F|  |TAMS 0x00000000c3800000| PB 0x00000000c3800000| Untracked 
|  25|0x00000000c3900000, 0x00000000c3900000, 0x00000000c3a00000|  0%| F|  |TAMS 0x00000000c3900000| PB 0x00000000c3900000| Untracked 
|  26|0x00000000c3a00000, 0x00000000c3a00000, 0x00000000c3b00000|  0%| F|  |TAMS 0x00000000c3a00000| PB 0x00000000c3a00000| Untracked 
|  27|0x00000000c3b00000, 0x00000000c3b00000, 0x00000000c3c00000|  0%| F|  |TAMS 0x00000000c3b00000| PB 0x00000000c3b00000| Untracked 
|  28|0x00000000c3c00000, 0x00000000c3c00000, 0x00000000c3d00000|  0%| F|  |TAMS 0x00000000c3c00000| PB 0x00000000c3c00000| Untracked 
|  29|0x00000000c3d00000, 0x00000000c3d00000, 0x00000000c3e00000|  0%| F|  |TAMS 0x00000000c3d00000| PB 0x00000000c3d00000| Untracked 
|  30|0x00000000c3e00000, 0x00000000c3e00000, 0x00000000c3f00000|  0%| F|  |TAMS 0x00000000c3e00000| PB 0x00000000c3e00000| Untracked 
|  31|0x00000000c3f00000, 0x00000000c3f00000, 0x00000000c4000000|  0%| F|  |TAMS 0x00000000c3f00000| PB 0x00000000c3f00000| Untracked 
|  32|0x00000000c4000000, 0x00000000c4000000, 0x00000000c4100000|  0%| F|  |TAMS 0x00000000c4000000| PB 0x00000000c4000000| Untracked 
|  33|0x00000000c4100000, 0x00000000c4100000, 0x00000000c4200000|  0%| F|  |TAMS 0x00000000c4100000| PB 0x00000000c4100000| Untracked 
|  34|0x00000000c4200000, 0x00000000c4200000, 0x00000000c4300000|  0%| F|  |TAMS 0x00000000c4200000| PB 0x00000000c4200000| Untracked 
|  35|0x00000000c4300000, 0x00000000c4300000, 0x00000000c4400000|  0%| F|  |TAMS 0x00000000c4300000| PB 0x00000000c4300000| Untracked 
|  36|0x00000000c4400000, 0x00000000c4400000, 0x00000000c4500000|  0%| F|  |TAMS 0x00000000c4400000| PB 0x00000000c4400000| Untracked 
|  37|0x00000000c4500000, 0x00000000c4500000, 0x00000000c4600000|  0%| F|  |TAMS 0x00000000c4500000| PB 0x00000000c4500000| Untracked 
|  38|0x00000000c4600000, 0x00000000c4600000, 0x00000000c4700000|  0%| F|  |TAMS 0x00000000c4600000| PB 0x00000000c4600000| Untracked 
|  39|0x00000000c4700000, 0x00000000c4700000, 0x00000000c4800000|  0%| F|  |TAMS 0x00000000c4700000| PB 0x00000000c4700000| Untracked 
|  40|0x00000000c4800000, 0x00000000c4800000, 0x00000000c4900000|  0%| F|  |TAMS 0x00000000c4800000| PB 0x00000000c4800000| Untracked 
|  41|0x00000000c4900000, 0x00000000c4900000, 0x00000000c4a00000|  0%| F|  |TAMS 0x00000000c4900000| PB 0x00000000c4900000| Untracked 
|  42|0x00000000c4a00000, 0x00000000c4a00000, 0x00000000c4b00000|  0%| F|  |TAMS 0x00000000c4a00000| PB 0x00000000c4a00000| Untracked 
|  43|0x00000000c4b00000, 0x00000000c4b00000, 0x00000000c4c00000|  0%| F|  |TAMS 0x00000000c4b00000| PB 0x00000000c4b00000| Untracked 
|  44|0x00000000c4c00000, 0x00000000c4c00000, 0x00000000c4d00000|  0%| F|  |TAMS 0x00000000c4c00000| PB 0x00000000c4c00000| Untracked 
|  45|0x00000000c4d00000, 0x00000000c4d00000, 0x00000000c4e00000|  0%| F|  |TAMS 0x00000000c4d00000| PB 0x00000000c4d00000| Untracked 
|  46|0x00000000c4e00000, 0x00000000c4e00000, 0x00000000c4f00000|  0%| F|  |TAMS 0x00000000c4e00000| PB 0x00000000c4e00000| Untracked 
|  47|0x00000000c4f00000, 0x00000000c4f00000, 0x00000000c5000000|  0%| F|  |TAMS 0x00000000c4f00000| PB 0x00000000c4f00000| Untracked 
|  48|0x00000000c5000000, 0x00000000c5000000, 0x00000000c5100000|  0%| F|  |TAMS 0x00000000c5000000| PB 0x00000000c5000000| Untracked 
|  49|0x00000000c5100000, 0x00000000c5100000, 0x00000000c5200000|  0%| F|  |TAMS 0x00000000c5100000| PB 0x00000000c5100000| Untracked 
|  50|0x00000000c5200000, 0x00000000c5200000, 0x00000000c5300000|  0%| F|  |TAMS 0x00000000c5200000| PB 0x00000000c5200000| Untracked 
|  51|0x00000000c5300000, 0x00000000c5400000, 0x00000000c5400000|100%| E|  |TAMS 0x00000000c5300000| PB 0x00000000c5300000| Complete 
|  52|0x00000000c5400000, 0x00000000c5500000, 0x00000000c5500000|100%| E|CS|TAMS 0x00000000c5400000| PB 0x00000000c5400000| Complete 
|  53|0x00000000c5500000, 0x00000000c5600000, 0x00000000c5600000|100%| E|CS|TAMS 0x00000000c5500000| PB 0x00000000c5500000| Complete 
|  54|0x00000000c5600000, 0x00000000c5700000, 0x00000000c5700000|100%| E|CS|TAMS 0x00000000c5600000| PB 0x00000000c5600000| Complete 
|  55|0x00000000c5700000, 0x00000000c5800000, 0x00000000c5800000|100%| E|CS|TAMS 0x00000000c5700000| PB 0x00000000c5700000| Complete 
|  56|0x00000000c5800000, 0x00000000c5900000, 0x00000000c5900000|100%| E|CS|TAMS 0x00000000c5800000| PB 0x00000000c5800000| Complete 
|  57|0x00000000c5900000, 0x00000000c5a00000, 0x00000000c5a00000|100%| E|CS|TAMS 0x00000000c5900000| PB 0x00000000c5900000| Complete 
|  58|0x00000000c5a00000, 0x00000000c5b00000, 0x00000000c5b00000|100%| E|CS|TAMS 0x00000000c5a00000| PB 0x00000000c5a00000| Complete 
|  59|0x00000000c5b00000, 0x00000000c5c00000, 0x00000000c5c00000|100%| E|CS|TAMS 0x00000000c5b00000| PB 0x00000000c5b00000| Complete 
|  60|0x00000000c5c00000, 0x00000000c5d00000, 0x00000000c5d00000|100%| E|CS|TAMS 0x00000000c5c00000| PB 0x00000000c5c00000| Complete 
|  61|0x00000000c5d00000, 0x00000000c5e00000, 0x00000000c5e00000|100%| E|CS|TAMS 0x00000000c5d00000| PB 0x00000000c5d00000| Complete 

Card table byte_map: [0x0000028c46860000,0x0000028c46a50000] _byte_map_base: 0x0000028c46250000

Marking Bits: (CMBitMap*) 0x0000028c2f5ed380
 Bits: [0x0000028c46c40000, 0x0000028c47bc0000)

Polling page: 0x0000028c2d560000

Metaspace:

Usage:
  Non-class:      6.35 MB used.
      Class:    786.20 KB used.
       Both:      7.12 MB used.

Virtual space:
  Non-class space:       64.00 MB reserved,       6.44 MB ( 10%) committed,  1 nodes.
      Class space:        1.00 GB reserved,     896.00 KB ( <1%) committed,  1 nodes.
             Both:        1.06 GB reserved,       7.31 MB ( <1%) committed. 

Chunk freelists:
   Non-Class:  1.00 MB
       Class:  3.11 MB
        Both:  4.11 MB

MaxMetaspaceSize: unlimited
CompressedClassSpaceSize: 1.00 GB
Initial GC threshold: 21.00 MB
Current GC threshold: 21.00 MB
CDS: on
MetaspaceReclaimPolicy: balanced
 - commit_granule_bytes: 65536.
 - commit_granule_words: 8192.
 - virtual_space_node_default_size: 8388608.
 - enlarge_chunks_in_place: 1.
 - new_chunks_are_fully_committed: 0.
 - uncommit_free_chunks: 1.
 - use_allocation_guard: 0.


Internal statistics:

num_allocs_failed_limit: 0.
num_arena_births: 152.
num_arena_deaths: 0.
num_vsnodes_births: 2.
num_vsnodes_deaths: 0.
num_space_committed: 117.
num_space_uncommitted: 0.
num_chunks_returned_to_freelist: 0.
num_chunks_taken_from_freelist: 191.
num_chunk_merges: 0.
num_chunk_splits: 111.
num_chunks_enlarged: 42.
num_inconsistent_stats: 0.

CodeHeap 'non-profiled nmethods': size=120000Kb used=298Kb max_used=298Kb free=119701Kb
 bounds [0x0000028c3f140000, 0x0000028c3f3b0000, 0x0000028c46670000]
CodeHeap 'profiled nmethods': size=120000Kb used=1633Kb max_used=1633Kb free=118366Kb
 bounds [0x0000028c37670000, 0x0000028c378e0000, 0x0000028c3eba0000]
CodeHeap 'non-nmethods': size=5760Kb used=1591Kb max_used=1605Kb free=4168Kb
 bounds [0x0000028c3eba0000, 0x0000028c3ee10000, 0x0000028c3f140000]
 total_blobs=1674 nmethods=1071 adapters=514
 compilation: enabled
              stopped_count=0, restarted_count=0
 full_count=0

Compilation events (20 events):
Event: 9.828 Thread 0x0000028c4a028d60 nmethod 1062 0x0000028c3f18a610 code [0x0000028c3f18a780, 0x0000028c3f18a8c0]
Event: 9.843 Thread 0x0000028c4a02f3b0 1063   !   3       java.awt.EventQueue::wakeup (79 bytes)
Event: 9.846 Thread 0x0000028c4a02f3b0 nmethod 1063 0x0000028c37805010 code [0x0000028c37805240, 0x0000028c37805a30]
Event: 9.861 Thread 0x0000028c4a02f3b0 1064   !   3       sun.awt.AWTAutoShutdown::getPeer (43 bytes)
Event: 9.862 Thread 0x0000028c4a02f3b0 nmethod 1064 0x0000028c37805e10 code [0x0000028c37805fc0, 0x0000028c37806388]
Event: 9.862 Thread 0x0000028c4a02f3b0 1065       3       java.lang.Thread::interrupted (7 bytes)
Event: 9.863 Thread 0x0000028c4a02f3b0 nmethod 1065 0x0000028c37806590 code [0x0000028c37806720, 0x0000028c37806988]
Event: 9.863 Thread 0x0000028c4a02f3b0 1066       3       java.lang.Thread::getAndClearInterrupt (19 bytes)
Event: 9.864 Thread 0x0000028c4a02f3b0 nmethod 1066 0x0000028c37806a90 code [0x0000028c37806c20, 0x0000028c37806da8]
Event: 10.598 Thread 0x0000028c4a02f3b0 1067       3       sun.awt.SunToolkit::getSystemEventQueueImplPP (13 bytes)
Event: 10.599 Thread 0x0000028c4a02f3b0 nmethod 1067 0x0000028c37806e90 code [0x0000028c37807020, 0x0000028c37807238]
Event: 67.045 Thread 0x0000028c4a02f3b0 1068       3       jdk.internal.org.objectweb.asm.ClassWriter::visitMethod (57 bytes)
Event: 67.046 Thread 0x0000028c4a02f3b0 nmethod 1068 0x0000028c37807310 code [0x0000028c378074c0, 0x0000028c37807820]
Event: 67.046 Thread 0x0000028c4a02f3b0 1069       3       jdk.internal.org.objectweb.asm.MethodVisitor::<init> (7 bytes)
Event: 67.046 Thread 0x0000028c4a02f3b0 nmethod 1069 0x0000028c37807990 code [0x0000028c37807b20, 0x0000028c37807c60]
Event: 67.046 Thread 0x0000028c4a02f3b0 1070       3       jdk.internal.org.objectweb.asm.MethodWriter::visitMaxs (60 bytes)
Event: 67.047 Thread 0x0000028c4a02f3b0 nmethod 1070 0x0000028c37807d10 code [0x0000028c37807ee0, 0x0000028c378081a8]
Event: 67.047 Thread 0x0000028c4a02f3b0 1071       3       jdk.internal.org.objectweb.asm.MethodWriter::visitEnd (1 bytes)
Event: 67.047 Thread 0x0000028c4a02f3b0 nmethod 1071 0x0000028c37808290 code [0x0000028c37808420, 0x0000028c37808530]
Event: 67.047 Thread 0x0000028c4a02f3b0 1072       3       jdk.internal.org.objectweb.asm.MethodWriter::computeMethodInfoSize (571 bytes)

GC Heap History (0 events):
No events

Dll operation events (10 events):
Event: 0.011 Loaded shared library C:\Program Files\Java\jdk-20\bin\java.dll
Event: 0.025 Loaded shared library C:\Program Files\Java\jdk-20\bin\jsvml.dll
Event: 0.121 Loaded shared library C:\Program Files\Java\jdk-20\bin\net.dll
Event: 0.124 Loaded shared library C:\Program Files\Java\jdk-20\bin\nio.dll
Event: 0.197 Loaded shared library C:\Program Files\Java\jdk-20\bin\jimage.dll
Event: 0.218 Loaded shared library C:\Program Files\Java\jdk-20\bin\awt.dll
Event: 0.582 Loaded shared library C:\Program Files\Java\jdk-20\bin\zip.dll
Event: 0.658 Loaded shared library C:\Program Files\Java\jdk-20\bin\javajpeg.dll
Event: 0.769 Loaded shared library C:\Program Files\Java\jdk-20\bin\freetype.dll
Event: 0.771 Loaded shared library C:\Program Files\Java\jdk-20\bin\fontmanager.dll

Deoptimization events (20 events):
Event: 0.639 Thread 0x0000028c4e726370 Uncommon trap: trap_request=0xffffff45 fr.pc=0x0000028c3f16ec5c relative=0x00000000000006fc
Event: 0.639 Thread 0x0000028c4e726370 Uncommon trap: reason=unstable_if action=reinterpret pc=0x0000028c3f16ec5c method=java.util.regex.Matcher.search(I)Z @ 30 c2
Event: 0.639 Thread 0x0000028c4e726370 DEOPT PACKING pc=0x0000028c3f16ec5c sp=0x000000b03aafe4c0
Event: 0.639 Thread 0x0000028c4e726370 DEOPT UNPACKING pc=0x0000028c3ec09d22 sp=0x000000b03aafe4a0 mode 2
Event: 0.739 Thread 0x0000028c4e6f11d0 Uncommon trap: trap_request=0xffffff45 fr.pc=0x0000028c3f16abe8 relative=0x0000000000000168
Event: 0.739 Thread 0x0000028c4e6f11d0 Uncommon trap: reason=unstable_if action=reinterpret pc=0x0000028c3f16abe8 method=java.util.concurrent.locks.ReentrantLock$NonfairSync.initialTryLock()Z @ 10 c2
Event: 0.739 Thread 0x0000028c4e6f11d0 DEOPT PACKING pc=0x0000028c3f16abe8 sp=0x000000b03a9fdc20
Event: 0.739 Thread 0x0000028c4e6f11d0 DEOPT UNPACKING pc=0x0000028c3ec09d22 sp=0x000000b03a9fdb10 mode 2
Event: 0.740 Thread 0x0000028c4e6f11d0 Uncommon trap: trap_request=0xffffff45 fr.pc=0x0000028c3f16a7d4 relative=0x00000000000000d4
Event: 0.740 Thread 0x0000028c4e6f11d0 Uncommon trap: reason=unstable_if action=reinterpret pc=0x0000028c3f16a7d4 method=java.util.concurrent.locks.ReentrantLock$Sync.tryRelease(I)Z @ 26 c2
Event: 0.740 Thread 0x0000028c4e6f11d0 DEOPT PACKING pc=0x0000028c3f16a7d4 sp=0x000000b03a9fdbd0
Event: 0.740 Thread 0x0000028c4e6f11d0 DEOPT UNPACKING pc=0x0000028c3ec09d22 sp=0x000000b03a9fdb70 mode 2
Event: 0.787 Thread 0x0000028c2d41bfe0 Uncommon trap: trap_request=0xffffff45 fr.pc=0x0000028c3f16f800 relative=0x0000000000000200
Event: 0.787 Thread 0x0000028c2d41bfe0 Uncommon trap: reason=unstable_if action=reinterpret pc=0x0000028c3f16f800 method=java.lang.StringUTF16.compress([CI[BII)I @ 20 c2
Event: 0.787 Thread 0x0000028c2d41bfe0 DEOPT PACKING pc=0x0000028c3f16f800 sp=0x000000b0395fd890
Event: 0.787 Thread 0x0000028c2d41bfe0 DEOPT UNPACKING pc=0x0000028c3ec09d22 sp=0x000000b0395fd800 mode 2
Event: 9.472 Thread 0x0000028c4e6f11d0 Uncommon trap: trap_request=0xffffff45 fr.pc=0x0000028c3f1899cc relative=0x000000000000004c
Event: 9.472 Thread 0x0000028c4e6f11d0 Uncommon trap: reason=unstable_if action=reinterpret pc=0x0000028c3f1899cc method=java.util.concurrent.locks.AbstractQueuedSynchronizer.signalNext(Ljava/util/concurrent/locks/AbstractQueuedSynchronizer$Node;)V @ 10 c2
Event: 9.472 Thread 0x0000028c4e6f11d0 DEOPT PACKING pc=0x0000028c3f1899cc sp=0x000000b03a9fe1c0
Event: 9.472 Thread 0x0000028c4e6f11d0 DEOPT UNPACKING pc=0x0000028c3ec09d22 sp=0x000000b03a9fe140 mode 2

Classes loaded (20 events):
Event: 1.009 Loading class java/text/AttributedString$AttributedStringIterator
Event: 1.009 Loading class java/text/AttributedCharacterIterator
Event: 1.009 Loading class java/text/CharacterIterator
Event: 1.009 Loading class java/text/CharacterIterator done
Event: 1.009 Loading class java/text/AttributedCharacterIterator done
Event: 1.010 Loading class java/text/AttributedString$AttributedStringIterator done
Event: 1.010 Loading class java/awt/event/ContainerEvent
Event: 1.010 Loading class java/awt/event/ContainerEvent done
Event: 1.012 Loading class java/applet/Applet
Event: 1.012 Loading class java/awt/Panel
Event: 1.012 Loading class java/awt/Panel done
Event: 1.012 Loading class java/applet/Applet done
Event: 7.308 Loading class java/awt/LightweightDispatcher$2
Event: 7.309 Loading class java/awt/LightweightDispatcher$2 done
Event: 8.041 Loading class javax/swing/event/ChangeEvent
Event: 8.041 Loading class javax/swing/event/ChangeEvent done
Event: 10.539 Loading class java/awt/KeyboardFocusManager$2
Event: 10.539 Loading class java/awt/KeyboardFocusManager$2 done
Event: 10.540 Loading class sun/awt/SunToolkit$1
Event: 10.540 Loading class sun/awt/SunToolkit$1 done

Classes unloaded (0 events):
No events

Classes redefined (0 events):
No events

Internal exceptions (15 events):
Event: 0.126 Thread 0x0000028c2d41bfe0 Exception <a 'sun/nio/fs/WindowsException'{0x00000000c5c3e8d0}> (0x00000000c5c3e8d0) 
thrown [s\open\src\hotspot\share\prims\jni.cpp, line 519]
Event: 0.130 Thread 0x0000028c2d41bfe0 Exception <a 'sun/nio/fs/WindowsException'{0x00000000c5c40d30}> (0x00000000c5c40d30) 
thrown [s\open\src\hotspot\share\prims\jni.cpp, line 519]
Event: 0.131 Thread 0x0000028c2d41bfe0 Exception <a 'sun/nio/fs/WindowsException'{0x00000000c5c417e0}> (0x00000000c5c417e0) 
thrown [s\open\src\hotspot\share\prims\jni.cpp, line 519]
Event: 0.206 Thread 0x0000028c2d41bfe0 Exception <a 'java/lang/ClassNotFoundException'{0x00000000c5b23a40}: sun/awt/resources/spi/awtProvider> (0x00000000c5b23a40) 
thrown [s\open\src\hotspot\share\classfile\systemDictionary.cpp, line 305]
Event: 0.233 Thread 0x0000028c2d41bfe0 Exception <a 'java/io/FileNotFoundException'{0x00000000c5b7a560}> (0x00000000c5b7a560) 
thrown [s\open\src\hotspot\share\prims\jni.cpp, line 519]
Event: 0.243 Thread 0x0000028c2d41bfe0 Exception <a 'java/io/FileNotFoundException'{0x00000000c5ba4790}> (0x00000000c5ba4790) 
thrown [s\open\src\hotspot\share\prims\jni.cpp, line 519]
Event: 0.399 Thread 0x0000028c2d41bfe0 Exception <a 'java/lang/NoSuchMethodError'{0x00000000c5abf240}: 'void java.lang.invoke.DirectMethodHandle$Holder.invokeSpecial(java.lang.Object, java.lang.Object, java.lang.Object)'> (0x00000000c5abf240) 
thrown [s\open\src\hotspot\share\interpreter\linkResolver.cpp, line 773]
Event: 0.419 Thread 0x0000028c2d41bfe0 Exception <a 'java/lang/NoSuchMethodError'{0x00000000c59216e0}: 'java.lang.Object java.lang.invoke.DirectMethodHandle$Holder.newInvokeSpecial(java.lang.Object, java.lang.Object, java.lang.Object, java.lang.Object, java.lang.Object)'> (0x00000000c59216e0) 
thrown [s\open\src\hotspot\share\interpreter\linkResolver.cpp, line 773]
Event: 0.446 Thread 0x0000028c2d41bfe0 Exception <a 'java/lang/NoSuchMethodError'{0x00000000c5952360}: 'java.lang.Object java.lang.invoke.DirectMethodHandle$Holder.invokeStatic(java.lang.Object, int, java.lang.Object)'> (0x00000000c5952360) 
thrown [s\open\src\hotspot\share\interpreter\linkResolver.cpp, line 773]
Event: 0.512 Thread 0x0000028c2d41bfe0 Exception <a 'java/lang/ClassNotFoundException'{0x00000000c580d818}: com/sun/swing/internal/plaf/metal/resources/spi/metalProvider> (0x00000000c580d818) 
thrown [s\open\src\hotspot\share\classfile\systemDictionary.cpp, line 305]
Event: 0.514 Thread 0x0000028c2d41bfe0 Exception <a 'java/lang/ClassNotFoundException'{0x00000000c58117c8}: com/sun/swing/internal/plaf/basic/resources/spi/basicProvider> (0x00000000c58117c8) 
thrown [s\open\src\hotspot\share\classfile\systemDictionary.cpp, line 305]
Event: 0.539 Thread 0x0000028c2d41bfe0 Exception <a 'java/lang/NoSuchMethodError'{0x00000000c58309e8}: 'int java.lang.invoke.Invokers$Holder.invokeExact_MT(java.lang.Object, java.lang.Object)'> (0x00000000c58309e8) 
thrown [s\open\src\hotspot\share\interpreter\linkResolver.cpp, line 773]
Event: 0.661 Thread 0x0000028c4e726370 Exception <a 'java/lang/NoSuchMethodError'{0x00000000c57e13a8}: 'java.lang.Object java.lang.invoke.DirectMethodHandle$Holder.newInvokeSpecial(java.lang.Object, java.lang.Object, java.lang.Object, int, int, int, int, int)'> (0x00000000c57e13a8) 
thrown [s\open\src\hotspot\share\interpreter\linkResolver.cpp, line 773]
Event: 0.762 Thread 0x0000028c2d41bfe0 Exception <a 'java/lang/NoSuchMethodError'{0x00000000c54693d0}: 'void java.lang.invoke.DirectMethodHandle$Holder.invokeStaticInit(java.lang.Object)'> (0x00000000c54693d0) 
thrown [s\open\src\hotspot\share\interpreter\linkResolver.cpp, line 773]
Event: 0.850 Thread 0x0000028c4e6f11d0 Exception <a 'java/lang/NoSuchMethodError'{0x00000000c5a53228}: 'void java.lang.invoke.DirectMethodHandle$Holder.invokeVirtual(java.lang.Object, java.lang.Object)'> (0x00000000c5a53228) 
thrown [s\open\src\hotspot\share\interpreter\linkResolver.cpp, line 773]

VM Operations (20 events):
Event: 0.133 Executing VM operation: HandshakeAllThreads
Event: 0.133 Executing VM operation: HandshakeAllThreads done
Event: 0.253 Executing VM operation: HandshakeAllThreads
Event: 0.253 Executing VM operation: HandshakeAllThreads done
Event: 0.636 Executing VM operation: HandshakeAllThreads
Event: 0.636 Executing VM operation: HandshakeAllThreads done
Event: 0.711 Executing VM operation: HandshakeAllThreads
Event: 0.711 Executing VM operation: HandshakeAllThreads done
Event: 0.885 Executing VM operation: HandshakeAllThreads
Event: 0.885 Executing VM operation: HandshakeAllThreads done
Event: 1.896 Executing VM operation: Cleanup
Event: 1.897 Executing VM operation: Cleanup done
Event: 7.951 Executing VM operation: Cleanup
Event: 7.951 Executing VM operation: Cleanup done
Event: 8.959 Executing VM operation: Cleanup
Event: 8.959 Executing VM operation: Cleanup done
Event: 9.973 Executing VM operation: Cleanup
Event: 9.974 Executing VM operation: Cleanup done
Event: 10.982 Executing VM operation: Cleanup
Event: 10.982 Executing VM operation: Cleanup done

Events (19 events):
Event: 0.026 Thread 0x0000028c2d41bfe0 Thread added: 0x0000028c2d41bfe0
Event: 0.048 Thread 0x0000028c4a019ba0 Thread added: 0x0000028c4a019ba0
Event: 0.048 Thread 0x0000028c4a01a5b0 Thread added: 0x0000028c4a01a5b0
Event: 0.049 Thread 0x0000028c4a01fdf0 Thread added: 0x0000028c4a01fdf0
Event: 0.049 Thread 0x0000028c4a020340 Thread added: 0x0000028c4a020340
Event: 0.049 Thread 0x0000028c4a021030 Thread added: 0x0000028c4a021030
Event: 0.049 Thread 0x0000028c4a021580 Thread added: 0x0000028c4a021580
Event: 0.049 Thread 0x0000028c4a028d60 Thread added: 0x0000028c4a028d60
Event: 0.049 Thread 0x0000028c4a02f3b0 Thread added: 0x0000028c4a02f3b0
Event: 0.090 Thread 0x0000028c4e44d0a0 Thread added: 0x0000028c4e44d0a0
Event: 0.179 Thread 0x0000028c4e539350 Thread added: 0x0000028c4e539350
Event: 0.304 Thread 0x0000028c4e6e6ad0 Thread added: 0x0000028c4e6e6ad0
Event: 0.307 Thread 0x0000028c4e5cd350 Thread added: 0x0000028c4e5cd350
Event: 0.309 Thread 0x0000028c4e6f11d0 Thread added: 0x0000028c4e6f11d0
Event: 0.553 Thread 0x0000028c4e726370 Thread added: 0x0000028c4e726370
Event: 0.740 Thread 0x0000028c4ed08090 Thread added: 0x0000028c4ed08090
Event: 0.854 Thread 0x0000028c2d41bfe0 Thread exited: 0x0000028c2d41bfe0
Event: 0.854 Thread 0x0000028c2d41bfe0 Thread added: 0x0000028c2d41bfe0
Event: 5.719 Thread 0x0000028c4e726370 Thread exited: 0x0000028c4e726370


Dynamic libraries:
0x00007ff7b7070000 - 0x00007ff7b7080000 	C:\Program Files\Java\jdk-20\bin\java.exe
0x00007ffa86610000 - 0x00007ffa86808000 	C:\WINDOWS\SYSTEM32\ntdll.dll
0x00007ffa848e0000 - 0x00007ffa8499f000 	C:\WINDOWS\System32\KERNEL32.DLL
0x00007ffa84390000 - 0x00007ffa8466a000 	C:\WINDOWS\System32\KERNELBASE.dll
0x00007ffa84150000 - 0x00007ffa84250000 	C:\WINDOWS\System32\ucrtbase.dll
0x00007ffa7f090000 - 0x00007ffa7f0ab000 	C:\Program Files\Java\jdk-20\bin\VCRUNTIME140.dll
0x00007ffa737a0000 - 0x00007ffa737b9000 	C:\Program Files\Java\jdk-20\bin\jli.dll
0x00007ffa859a0000 - 0x00007ffa85a4e000 	C:\WINDOWS\System32\ADVAPI32.dll
0x00007ffa85a50000 - 0x00007ffa85aee000 	C:\WINDOWS\System32\msvcrt.dll
0x00007ffa849a0000 - 0x00007ffa84a3c000 	C:\WINDOWS\System32\sechost.dll
0x00007ffa863c0000 - 0x00007ffa864e6000 	C:\WINDOWS\System32\RPCRT4.dll
0x00007ffa84a40000 - 0x00007ffa84bdd000 	C:\WINDOWS\System32\USER32.dll
0x00007ffa84250000 - 0x00007ffa84272000 	C:\WINDOWS\System32\win32u.dll
0x00007ffa857d0000 - 0x00007ffa857fb000 	C:\WINDOWS\System32\GDI32.dll
0x00007ffa734b0000 - 0x00007ffa7374a000 	C:\WINDOWS\WinSxS\amd64_microsoft.windows.common-controls_6595b64144ccf1df_6.0.19041.1110_none_60b5254171f9507e\COMCTL32.dll
0x00007ffa84280000 - 0x00007ffa84390000 	C:\WINDOWS\System32\gdi32full.dll
0x00007ffa84010000 - 0x00007ffa840ad000 	C:\WINDOWS\System32\msvcp_win.dll
0x00007ffa7e6f0000 - 0x00007ffa7e6fa000 	C:\WINDOWS\SYSTEM32\VERSION.dll
0x00007ffa858c0000 - 0x00007ffa858f0000 	C:\WINDOWS\System32\IMM32.DLL
0x00007ffa7f080000 - 0x00007ffa7f08c000 	C:\Program Files\Java\jdk-20\bin\vcruntime140_1.dll
0x00007ffa5bc30000 - 0x00007ffa5bcbe000 	C:\Program Files\Java\jdk-20\bin\msvcp140.dll
0x00007ffa3aca0000 - 0x00007ffa3b937000 	C:\Program Files\Java\jdk-20\bin\server\jvm.dll
0x00007ffa7e340000 - 0x00007ffa7e367000 	C:\WINDOWS\SYSTEM32\WINMM.dll
0x00007ffa6ed30000 - 0x00007ffa6ed39000 	C:\WINDOWS\SYSTEM32\WSOCK32.dll
0x00007ffa854b0000 - 0x00007ffa8551b000 	C:\WINDOWS\System32\WS2_32.dll
0x00007ffa82570000 - 0x00007ffa82582000 	C:\WINDOWS\SYSTEM32\kernel.appcore.dll
0x00007ffa7e8c0000 - 0x00007ffa7e8ca000 	C:\Program Files\Java\jdk-20\bin\jimage.dll
0x00007ffa81a90000 - 0x00007ffa81c74000 	C:\WINDOWS\SYSTEM32\DBGHELP.DLL
0x00007ffa740b0000 - 0x00007ffa740e4000 	C:\WINDOWS\SYSTEM32\dbgcore.DLL
0x00007ffa83d20000 - 0x00007ffa83da2000 	C:\WINDOWS\System32\bcryptPrimitives.dll
0x00007ffa71fd0000 - 0x00007ffa71ff6000 	C:\Program Files\Java\jdk-20\bin\java.dll
0x00007ffa5bcc0000 - 0x00007ffa5bd97000 	C:\Program Files\Java\jdk-20\bin\jsvml.dll
0x00007ffa85c70000 - 0x00007ffa863b4000 	C:\WINDOWS\System32\SHELL32.dll
0x00007ffa81c80000 - 0x00007ffa82413000 	C:\WINDOWS\SYSTEM32\windows.storage.dll
0x00007ffa85130000 - 0x00007ffa85484000 	C:\WINDOWS\System32\combase.dll
0x00007ffa836a0000 - 0x00007ffa836ce000 	C:\WINDOWS\SYSTEM32\Wldp.dll
0x00007ffa85800000 - 0x00007ffa858ad000 	C:\WINDOWS\System32\SHCORE.dll
0x00007ffa84880000 - 0x00007ffa848d5000 	C:\WINDOWS\System32\shlwapi.dll
0x00007ffa83c60000 - 0x00007ffa83c7f000 	C:\WINDOWS\SYSTEM32\profapi.dll
0x00007ffa7e4d0000 - 0x00007ffa7e4e3000 	C:\Program Files\Java\jdk-20\bin\net.dll
0x00007ffa75560000 - 0x00007ffa7566a000 	C:\WINDOWS\SYSTEM32\WINHTTP.dll
0x00007ffa83400000 - 0x00007ffa8346a000 	C:\WINDOWS\system32\mswsock.dll
0x00007ffa71fb0000 - 0x00007ffa71fc6000 	C:\Program Files\Java\jdk-20\bin\nio.dll
0x00007ffa53100000 - 0x00007ffa53291000 	C:\Program Files\Java\jdk-20\bin\awt.dll
0x00007ffa86500000 - 0x00007ffa865cd000 	C:\WINDOWS\System32\OLEAUT32.dll
0x00007ffa81140000 - 0x00007ffa811d0000 	C:\WINDOWS\SYSTEM32\apphelp.dll
0x00007ffa81500000 - 0x00007ffa8152f000 	C:\WINDOWS\system32\DWMAPI.DLL
0x00007ffa81300000 - 0x00007ffa8139e000 	C:\WINDOWS\system32\uxtheme.dll
0x00007ffa71bc0000 - 0x00007ffa71ce5000 	C:\WINDOWS\system32\opengl32.dll
0x00007ffa72b00000 - 0x00007ffa72b2c000 	C:\WINDOWS\SYSTEM32\GLU32.dll
0x00007ffa85b50000 - 0x00007ffa85c64000 	C:\WINDOWS\System32\MSCTF.dll
0x00007ffa85520000 - 0x00007ffa8564a000 	C:\WINDOWS\System32\ole32.dll
0x00007ffa71f90000 - 0x00007ffa71fa8000 	C:\Program Files\Java\jdk-20\bin\zip.dll
0x00007ffa73770000 - 0x00007ffa7379e000 	C:\Program Files\Java\jdk-20\bin\javajpeg.dll
0x00007ffa57ef0000 - 0x00007ffa57f76000 	C:\Program Files\Java\jdk-20\bin\freetype.dll
0x00007ffa56750000 - 0x00007ffa56816000 	C:\Program Files\Java\jdk-20\bin\fontmanager.dll
0x00007ffa7e030000 - 0x00007ffa7e129000 	C:\WINDOWS\SYSTEM32\textinputframework.dll
0x00007ffa80f10000 - 0x00007ffa81002000 	C:\WINDOWS\System32\CoreMessaging.dll
0x00007ffa80bb0000 - 0x00007ffa80f0e000 	C:\WINDOWS\System32\CoreUIComponents.dll
0x00007ffa82e40000 - 0x00007ffa82e73000 	C:\WINDOWS\SYSTEM32\ntmarta.dll
0x00007ffa80400000 - 0x00007ffa80554000 	C:\WINDOWS\SYSTEM32\wintypes.dll

dbghelp: loaded successfully - version: 4.0.5 - missing functions: none
symbol engine: initialized successfully - sym options: 0x614 - pdb path: .;C:\Program Files\Java\jdk-20\bin;C:\WINDOWS\SYSTEM32;C:\WINDOWS\WinSxS\amd64_microsoft.windows.common-controls_6595b64144ccf1df_6.0.19041.1110_none_60b5254171f9507e;C:\Program Files\Java\jdk-20\bin\server

VM Arguments:
jvm_args: -Dfile.encoding=UTF-8 --module-path=C:\Users\DELL\Documents\NetBeansProjects\Quiz Application\build\classes 
java_command: quiz.application.Quiz
java_class_path (initial): C:\Users\DELL\Documents\NetBeansProjects\Quiz Application\build\classes
Launcher Type: SUN_STANDARD

[Global flags]
     intx CICompilerCount                          = 3                                         {product} {ergonomic}
     uint ConcGCThreads                            = 1                                         {product} {ergonomic}
     uint G1ConcRefinementThreads                  = 4                                         {product} {ergonomic}
   size_t G1HeapRegionSize                         = 1048576                                   {product} {ergonomic}
    uintx GCDrainStackTargetSize                   = 64                                        {product} {ergonomic}
   size_t InitialHeapSize                          = 65011712                                  {product} {ergonomic}
   size_t MarkStackSize                            = 4194304                                   {product} {ergonomic}
   size_t MaxHeapSize                              = 1040187392                                {product} {ergonomic}
   size_t MaxNewSize                               = 623902720                                 {product} {ergonomic}
   size_t MinHeapDeltaBytes                        = 1048576                                   {product} {ergonomic}
   size_t MinHeapSize                              = 8388608                                   {product} {ergonomic}
    uintx NonNMethodCodeHeapSize                   = 5832780                                {pd product} {ergonomic}
    uintx NonProfiledCodeHeapSize                  = 122912730                              {pd product} {ergonomic}
    uintx ProfiledCodeHeapSize                     = 122912730                              {pd product} {ergonomic}
    uintx ReservedCodeCacheSize                    = 251658240                              {pd product} {ergonomic}
     bool SegmentedCodeCache                       = true                                      {product} {ergonomic}
   size_t SoftMaxHeapSize                          = 1040187392                             {manageable} {ergonomic}
     bool UseCompressedClassPointers               = true                           {product lp64_product} {ergonomic}
     bool UseCompressedOops                        = true                           {product lp64_product} {ergonomic}
     bool UseG1GC                                  = true                                      {product} {ergonomic}
     bool UseLargePagesIndividualAllocation        = false                                  {pd product} {ergonomic}

Logging:
Log output configuration:
 #0: stdout all=warning uptime,level,tags foldmultilines=false
 #1: stderr all=off uptime,level,tags foldmultilines=false

Environment Variables:
PATH=C:\Program Files\Common Files\Oracle\Java\javapath;C:\WINDOWS\system32;C:\WINDOWS;C:\WINDOWS\System32\Wbem;C:\WINDOWS\System32\WindowsPowerShell\v1.0\;C:\WINDOWS\System32\OpenSSH\;C:\Program Files\Java\jdk-17\bin;C:\Program Files\Java\jdk-20\bin;C:\Program Files\MySQL\MySQL Shell 8.0\bin\;C:\Users\DELL\AppData\Local\Microsoft\WindowsApps;C:\Program Files\Java\jdk-20\bin;;C:\Program Files\JetBrains\IntelliJ IDEA Community Edition 2023.1\bin;
USERNAME=Raju Raj
OS=Windows_NT
PROCESSOR_IDENTIFIER=Intel64 Family 6 Model 142 Stepping 9, GenuineIntel
TMP=C:\Users\DELL\AppData\Local\Temp
TEMP=C:\Users\DELL\AppData\Local\Temp




---------------  S Y S T E M  ---------------

OS:
 Windows 10 , 64 bit Build 19041 (10.0.19041.2788)
OS uptime: 2 days 10:46 hours

CPU: total 4 (initial active 4) (2 cores per cpu, 2 threads per core) family 6 model 142 stepping 9 microcode 0xb4, cx8, cmov, fxsr, ht, mmx, 3dnowpref, sse, sse2, sse3, ssse3, sse4.1, sse4.2, popcnt, lzcnt, tsc, tscinvbit, avx, avx2, aes, erms, clmul, bmi1, bmi2, adx, fma, vzeroupper, clflush, clflushopt, rdtscp, f16c

Memory: 4k page, system-wide physical 3962M (318M free)
TotalPageFile size 16250M (AvailPageFile size 0M)
current process WorkingSet (physical memory assigned to process): 64M, peak: 64M
current process commit charge ("private bytes"): 143M, peak: 144M

vm_info: Java HotSpot(TM) 64-Bit Server VM (20+36-2344) for windows-amd64 JRE (20+36-2344), built on 2023-02-10T19:30:15Z by "mach5one" with MS VC++ 17.1 (VS2022)

END.
