#
# There is insufficient memory for the Java Runtime Environment to continue.
# Native memory allocation (mmap) failed to map 65011712 bytes for G1 virtual space
# Possible reasons:
#   The system is out of physical RAM or swap space
#   The process is running with CompressedOops enabled, and the Java Heap may be blocking the growth of the native heap
# Possible solutions:
#   Reduce memory load on the system
#   Increase physical memory or swap space
#   Check if swap backing store is full
#   Decrease Java heap size (-Xmx/-Xms)
#   Decrease number of Java threads
#   Decrease Java thread stack sizes (-Xss)
#   Set larger code cache with -XX:ReservedCodeCacheSize=
#   JVM is running with Unscaled Compressed Oops mode in which the Java heap is
#     placed in the first 4GB address space. The Java Heap base address is the
#     maximum limit for the native heap growth. Please use -XX:HeapBaseMinAddress
#     to set the Java Heap base and to place the Java Heap above 4GB virtual address.
# This output file may be truncated or incomplete.
#
#  Out of Memory Error (os_windows.cpp:3528), pid=19024, tid=17876
#
# JRE version:  (20.0+36) (build )
# Java VM: Java HotSpot(TM) 64-Bit Server VM (20+36-2344, mixed mode, sharing, tiered, compressed oops, compressed class ptrs, g1 gc, windows-amd64)
# No core dump will be written. Minidumps are not enabled by default on client versions of Windows
#

---------------  S U M M A R Y ------------

Command Line: -Dfile.encoding=UTF-8 --module-path=C:\Users\DELL\Documents\NetBeansProjects\Quiz Application\build\classes quiz.application.Login

Host: Intel(R) Core(TM) i3-7020U CPU @ 2.30GHz, 4 cores, 3G,  Windows 10 , 64 bit Build 19041 (10.0.19041.2788)
Time: Tue Apr 18 20:06:52 2023 India Standard Time elapsed time: 0.029012 seconds (0d 0h 0m 0s)

---------------  T H R E A D  ---------------

Current thread (0x0000022b9fc66aa0):  JavaThread "Unknown thread" [_thread_in_vm, id=17876, stack(0x000000f39ac00000,0x000000f39ad00000)]

Stack: [0x000000f39ac00000,0x000000f39ad00000]
Native frames: (J=compiled Java code, j=interpreted, Vv=VM code, C=native code)
V  [jvm.dll+0x6bb95a]
V  [jvm.dll+0x8483aa]
V  [jvm.dll+0x849fa5]
V  [jvm.dll+0x84a6a3]
V  [jvm.dll+0x280b0f]
V  [jvm.dll+0x6b86e9]
V  [jvm.dll+0x6ad2da]
V  [jvm.dll+0x35adf5]
V  [jvm.dll+0x363016]
V  [jvm.dll+0x3b3b3e]
V  [jvm.dll+0x3b3dc5]
V  [jvm.dll+0x32b50a]
V  [jvm.dll+0x32c32b]
V  [jvm.dll+0x81106f]
V  [jvm.dll+0x3c0d91]
V  [jvm.dll+0x7fcd93]
V  [jvm.dll+0x44c76f]
V  [jvm.dll+0x44e0e1]
C  [jli.dll+0x5287]
C  [ucrtbase.dll+0x21bb2]
C  [KERNEL32.DLL+0x17604]
C  [ntdll.dll+0x526a1]


---------------  P R O C E S S  ---------------

Threads class SMR info:
_java_thread_list=0x00007ffb11daa098, length=0, elements={
}

Java Threads: ( => current thread )

Other Threads:
  0x0000022b9fca8c90 WorkerThread "GC Thread#0" [stack: 0x000000f39ad00000,0x000000f39ae00000] [id=11576]
  0x0000022b9fcb1820 ConcurrentGCThread "G1 Main Marker" [stack: 0x000000f39ae00000,0x000000f39af00000] [id=17460]
  0x0000022b9fcb23f0 WorkerThread "G1 Conc#0" [stack: 0x000000f39af00000,0x000000f39b000000] [id=13680]

[error occurred during error reporting (printing all threads), id 0xc0000005, EXCEPTION_ACCESS_VIOLATION (0xc0000005) at pc=0x00007ffb1158eb47]
VM state: not at safepoint (not fully initialized)

VM Mutex/Monitor currently owned by a thread:  ([mutex/lock_event])
[0x0000022b9fc61c40] Heap_lock - owner thread: 0x0000022b9fc66aa0

Heap address: 0x00000000c2000000, size: 992 MB, Compressed Oops mode: 32-bit

CDS archive(s) mapped at: [0x0000000000000000-0x0000000000000000-0x0000000000000000), size 0, SharedBaseAddress: 0x0000000800000000, ArchiveRelocationMode: 0.
Narrow klass base: 0x0000000000000000, Narrow klass shift: 0, Narrow klass range: 0x0

GC Precious Log:
 CardTable entry size: 512
 Card Set container configuration: InlinePtr #cards 5 size 8 Array Of Cards #cards 12 size 40 Howl #buckets 4 coarsen threshold 1843 Howl Bitmap #cards 512 size 80 coarsen threshold 460 Card regions per heap region 1 cards per card region 2048

Heap:
 garbage-first heap   total 0K, used 0K [0x00000000c2000000, 0x0000000100000000)
  region size 1024K, 0 young (0K), 0 survivors (0K)

[error occurred during error reporting (printing heap information), id 0xc0000005, EXCEPTION_ACCESS_VIOLATION (0xc0000005) at pc=0x00007ffb11963c59]
GC Heap History (0 events):
No events

Dll operation events (1 events):
Event: 0.016 Loaded shared library C:\Program Files\Java\jdk-20\bin\java.dll

Deoptimization events (0 events):
No events

Classes loaded (0 events):
No events

Classes unloaded (0 events):
No events

Classes redefined (0 events):
No events

Internal exceptions (0 events):
No events

VM Operations (0 events):
No events

Events (0 events):
No events


Dynamic libraries:
0x00007ff7f9020000 - 0x00007ff7f9030000 	C:\Program Files\Java\jdk-20\bin\java.exe
0x00007ffb7a3f0000 - 0x00007ffb7a5e8000 	C:\WINDOWS\SYSTEM32\ntdll.dll
0x00007ffb7a2f0000 - 0x00007ffb7a3af000 	C:\WINDOWS\System32\KERNEL32.DLL
0x00007ffb77b00000 - 0x00007ffb77dda000 	C:\WINDOWS\System32\KERNELBASE.dll
0x00007ffb77f90000 - 0x00007ffb78090000 	C:\WINDOWS\System32\ucrtbase.dll
0x00007ffb4b0e0000 - 0x00007ffb4b0f9000 	C:\Program Files\Java\jdk-20\bin\jli.dll
0x00007ffb74e40000 - 0x00007ffb74e5b000 	C:\Program Files\Java\jdk-20\bin\VCRUNTIME140.dll
0x00007ffb79f60000 - 0x00007ffb7a00e000 	C:\WINDOWS\System32\ADVAPI32.dll
0x00007ffb79180000 - 0x00007ffb7921e000 	C:\WINDOWS\System32\msvcrt.dll
0x00007ffb79220000 - 0x00007ffb792bc000 	C:\WINDOWS\System32\sechost.dll
0x00007ffb79510000 - 0x00007ffb79636000 	C:\WINDOWS\System32\RPCRT4.dll
0x00007ffb796f0000 - 0x00007ffb7988d000 	C:\WINDOWS\System32\USER32.dll
0x00007ffb78380000 - 0x00007ffb783a2000 	C:\WINDOWS\System32\win32u.dll
0x00007ffb79150000 - 0x00007ffb7917b000 	C:\WINDOWS\System32\GDI32.dll
0x00007ffb781f0000 - 0x00007ffb78300000 	C:\WINDOWS\System32\gdi32full.dll
0x00007ffb783b0000 - 0x00007ffb7844d000 	C:\WINDOWS\System32\msvcp_win.dll
0x00007ffb66f00000 - 0x00007ffb6719a000 	C:\WINDOWS\WinSxS\amd64_microsoft.windows.common-controls_6595b64144ccf1df_6.0.19041.1110_none_60b5254171f9507e\COMCTL32.dll
0x00007ffb70530000 - 0x00007ffb7053a000 	C:\WINDOWS\SYSTEM32\VERSION.dll
0x00007ffb799d0000 - 0x00007ffb79a00000 	C:\WINDOWS\System32\IMM32.DLL
0x00007ffb74e30000 - 0x00007ffb74e3c000 	C:\Program Files\Java\jdk-20\bin\vcruntime140_1.dll
0x00007ffb52b20000 - 0x00007ffb52bae000 	C:\Program Files\Java\jdk-20\bin\msvcp140.dll
0x00007ffb11250000 - 0x00007ffb11ee7000 	C:\Program Files\Java\jdk-20\bin\server\jvm.dll
0x00007ffb63760000 - 0x00007ffb63769000 	C:\WINDOWS\SYSTEM32\WSOCK32.dll
0x00007ffb787c0000 - 0x00007ffb7882b000 	C:\WINDOWS\System32\WS2_32.dll
0x00007ffb647c0000 - 0x00007ffb647e7000 	C:\WINDOWS\SYSTEM32\WINMM.dll
0x00007ffb76350000 - 0x00007ffb76362000 	C:\WINDOWS\SYSTEM32\kernel.appcore.dll
0x00007ffb72080000 - 0x00007ffb7208a000 	C:\Program Files\Java\jdk-20\bin\jimage.dll
0x00007ffb75870000 - 0x00007ffb75a54000 	C:\WINDOWS\SYSTEM32\DBGHELP.DLL
0x00007ffb67e20000 - 0x00007ffb67e54000 	C:\WINDOWS\SYSTEM32\dbgcore.DLL
0x00007ffb77f00000 - 0x00007ffb77f82000 	C:\WINDOWS\System32\bcryptPrimitives.dll
0x00007ffb73300000 - 0x00007ffb73326000 	C:\Program Files\Java\jdk-20\bin\java.dll

dbghelp: loaded successfully - version: 4.0.5 - missing functions: none
symbol engine: initialized successfully - sym options: 0x614 - pdb path: .;C:\Program Files\Java\jdk-20\bin;C:\WINDOWS\SYSTEM32;C:\WINDOWS\WinSxS\amd64_microsoft.windows.common-controls_6595b64144ccf1df_6.0.19041.1110_none_60b5254171f9507e;C:\Program Files\Java\jdk-20\bin\server

VM Arguments:
jvm_args: -Dfile.encoding=UTF-8 --module-path=C:\Users\DELL\Documents\NetBeansProjects\Quiz Application\build\classes 
java_command: quiz.application.Login
java_class_path (initial): C:\Users\DELL\Documents\NetBeansProjects\Quiz Application\build\classes
Launcher Type: SUN_STANDARD

[Global flags]
     intx CICompilerCount                          = 3                                         {product} {ergonomic}
     uint ConcGCThreads                            = 1                                         {product} {ergonomic}
     uint G1ConcRefinementThreads                  = 4                                         {product} {ergonomic}
   size_t G1HeapRegionSize                         = 1048576                                   {product} {ergonomic}
    uintx GCDrainStackTargetSize                   = 64                                        {product} {ergonomic}
   size_t InitialHeapSize                          = 65011712                                  {product} {ergonomic}
   size_t MarkStackSize                            = 4194304                                   {product} {ergonomic}
   size_t MaxHeapSize                              = 1040187392                                {product} {ergonomic}
   size_t MinHeapDeltaBytes                        = 1048576                                   {product} {ergonomic}
   size_t MinHeapSize                              = 8388608                                   {product} {ergonomic}
    uintx NonNMethodCodeHeapSize                   = 5832780                                {pd product} {ergonomic}
    uintx NonProfiledCodeHeapSize                  = 122912730                              {pd product} {ergonomic}
    uintx ProfiledCodeHeapSize                     = 122912730                              {pd product} {ergonomic}
    uintx ReservedCodeCacheSize                    = 251658240                              {pd product} {ergonomic}
     bool SegmentedCodeCache                       = true                                      {product} {ergonomic}
   size_t SoftMaxHeapSize                          = 1040187392                             {manageable} {ergonomic}
     bool UseCompressedClassPointers               = true                           {product lp64_product} {ergonomic}
     bool UseCompressedOops                        = true                           {product lp64_product} {ergonomic}
     bool UseG1GC                                  = true                                      {product} {ergonomic}
     bool UseLargePagesIndividualAllocation        = false                                  {pd product} {ergonomic}

Logging:
Log output configuration:
 #0: stdout all=warning uptime,level,tags foldmultilines=false
 #1: stderr all=off uptime,level,tags foldmultilines=false

Environment Variables:
PATH=C:\Program Files\Common Files\Oracle\Java\javapath;C:\WINDOWS\system32;C:\WINDOWS;C:\WINDOWS\System32\Wbem;C:\WINDOWS\System32\WindowsPowerShell\v1.0\;C:\WINDOWS\System32\OpenSSH\;C:\Program Files\Java\jdk-17\bin;C:\Program Files\Java\jdk-20\bin;C:\Program Files\MySQL\MySQL Shell 8.0\bin\;C:\Users\DELL\AppData\Local\Microsoft\WindowsApps;C:\Program Files\Java\jdk-20\bin;;C:\Program Files\JetBrains\IntelliJ IDEA Community Edition 2023.1\bin;
USERNAME=Raju Raj
OS=Windows_NT
PROCESSOR_IDENTIFIER=Intel64 Family 6 Model 142 Stepping 9, GenuineIntel
TMP=C:\Users\DELL\AppData\Local\Temp
TEMP=C:\Users\DELL\AppData\Local\Temp




---------------  S Y S T E M  ---------------

OS:
 Windows 10 , 64 bit Build 19041 (10.0.19041.2788)
OS uptime: 0 days 6:05 hours

CPU: total 4 (initial active 4) (2 cores per cpu, 2 threads per core) family 6 model 142 stepping 9 microcode 0xb4, cx8, cmov, fxsr, ht, mmx, 3dnowpref, sse, sse2, sse3, ssse3, sse4.1, sse4.2, popcnt, lzcnt, tsc, tscinvbit, avx, avx2, aes, erms, clmul, bmi1, bmi2, adx, fma, vzeroupper, clflush, clflushopt, rdtscp, f16c

Memory: 4k page, system-wide physical 3962M (444M free)
TotalPageFile size 16250M (AvailPageFile size 56M)
current process WorkingSet (physical memory assigned to process): 10M, peak: 10M
current process commit charge ("private bytes"): 51M, peak: 113M

vm_info: Java HotSpot(TM) 64-Bit Server VM (20+36-2344) for windows-amd64 JRE (20+36-2344), built on 2023-02-10T19:30:15Z by "mach5one" with MS VC++ 17.1 (VS2022)

END.
