#
# There is insufficient memory for the Java Runtime Environment to continue.
# Native memory allocation (mmap) failed to map 65536 bytes for Failed to commit metaspace.
# Possible reasons:
#   The system is out of physical RAM or swap space
#   The process is running with CompressedOops enabled, and the Java Heap may be blocking the growth of the native heap
# Possible solutions:
#   Reduce memory load on the system
#   Increase physical memory or swap space
#   Check if swap backing store is full
#   Decrease Java heap size (-Xmx/-Xms)
#   Decrease number of Java threads
#   Decrease Java thread stack sizes (-Xss)
#   Set larger code cache with -XX:ReservedCodeCacheSize=
#   JVM is running with Unscaled Compressed Oops mode in which the Java heap is
#     placed in the first 4GB address space. The Java Heap base address is the
#     maximum limit for the native heap growth. Please use -XX:HeapBaseMinAddress
#     to set the Java Heap base and to place the Java Heap above 4GB virtual address.
# This output file may be truncated or incomplete.
#
#  Out of Memory Error (virtualSpaceNode.cpp:110), pid=2704, tid=17100
#
# JRE version: Java(TM) SE Runtime Environment (20.0+36) (build 20+36-2344)
# Java VM: Java HotSpot(TM) 64-Bit Server VM (20+36-2344, mixed mode, sharing, tiered, compressed oops, compressed class ptrs, g1 gc, windows-amd64)
# No core dump will be written. Minidumps are not enabled by default on client versions of Windows
#

---------------  S U M M A R Y ------------

Command Line: -Dfile.encoding=UTF-8 --module-path=C:\Users\DELL\Documents\NetBeansProjects\Quiz Application\build\classes quiz.application.Quiz

Host: Intel(R) Core(TM) i3-7020U CPU @ 2.30GHz, 4 cores, 3G,  Windows 10 , 64 bit Build 19041 (10.0.19041.2788)
Time: Tue Apr 18 13:27:27 2023 India Standard Time elapsed time: 19.464057 seconds (0d 0h 0m 19s)

---------------  T H R E A D  ---------------

Current thread (0x000001d9d2ee9550):  JavaThread "AWT-Windows" daemon [_thread_in_vm, id=17100, stack(0x000000d6f7700000,0x000000d6f7800000)]

Stack: [0x000000d6f7700000,0x000000d6f7800000]
Native frames: (J=compiled Java code, j=interpreted, Vv=VM code, C=native code)
V  [jvm.dll+0x6bb95a]
V  [jvm.dll+0x8483aa]
V  [jvm.dll+0x849fa5]
V  [jvm.dll+0x84a6a3]
V  [jvm.dll+0x280b0f]
V  [jvm.dll+0x8442eb]
V  [jvm.dll+0x65fd86]
V  [jvm.dll+0x65fdea]
V  [jvm.dll+0x6626c3]
V  [jvm.dll+0x66258e]
V  [jvm.dll+0x66079e]
V  [jvm.dll+0x671929]
V  [jvm.dll+0x66b01e]
V  [jvm.dll+0x3d8d51]
C  0x000001d9c3440f79

Java frames: (J=compiled Java code, j=interpreted, Vv=VM code)
j  sun.awt.windows.WToolkit$$Lambda$158+0x00000008010a9ce0.<init>()V+0 java.desktop@20
j  java.lang.invoke.DirectMethodHandle$Holder.newInvokeSpecial(Ljava/lang/Object;)Ljava/lang/Object;+15 java.base@20
j  java.lang.invoke.Invokers$Holder.invokeExact_MT(Ljava/lang/Object;Ljava/lang/Object;)Ljava/lang/Object;+18 java.base@20
j  java.lang.invoke.InnerClassLambdaMetafactory.buildCallSite()Ljava/lang/invoke/CallSite;+90 java.base@20
j  java.lang.invoke.LambdaMetafactory.metafactory(Ljava/lang/invoke/MethodHandles$Lookup;Ljava/lang/String;Ljava/lang/invoke/MethodType;Ljava/lang/invoke/MethodType;Ljava/lang/invoke/MethodHandle;Ljava/lang/invoke/MethodType;)Ljava/lang/invoke/CallSite;+67 java.base@20
j  java.lang.invoke.LambdaForm$DMH+0x0000000801080800.invokeStatic(Ljava/lang/Object;Ljava/lang/Object;Ljava/lang/Object;Ljava/lang/Object;Ljava/lang/Object;Ljava/lang/Object;Ljava/lang/Object;)Ljava/lang/Object;+27 java.base@20
j  java.lang.invoke.Invokers$Holder.invokeExact_MT(Ljava/lang/Object;Ljava/lang/Object;Ljava/lang/Object;Ljava/lang/Object;Ljava/lang/Object;Ljava/lang/Object;Ljava/lang/Object;Ljava/lang/Object;)Ljava/lang/Object;+28 java.base@20
j  java.lang.invoke.BootstrapMethodInvoker.invoke(Ljava/lang/Class;Ljava/lang/invoke/MethodHandle;Ljava/lang/String;Ljava/lang/Object;Ljava/lang/Object;Ljava/lang/Class;)Ljava/lang/Object;+319 java.base@20
j  java.lang.invoke.CallSite.makeSite(Ljava/lang/invoke/MethodHandle;Ljava/lang/String;Ljava/lang/invoke/MethodType;Ljava/lang/Object;Ljava/lang/Class;)Ljava/lang/invoke/CallSite;+8 java.base@20
j  java.lang.invoke.MethodHandleNatives.linkCallSiteImpl(Ljava/lang/Class;Ljava/lang/invoke/MethodHandle;Ljava/lang/String;Ljava/lang/invoke/MethodType;Ljava/lang/Object;[Ljava/lang/Object;)Ljava/lang/invoke/MemberName;+6 java.base@20
j  java.lang.invoke.MethodHandleNatives.linkCallSite(Ljava/lang/Object;Ljava/lang/Object;Ljava/lang/Object;Ljava/lang/Object;Ljava/lang/Object;[Ljava/lang/Object;)Ljava/lang/invoke/MemberName;+45 java.base@20
v  ~StubRoutines::call_stub 0x000001d9c342100d
j  sun.awt.windows.WToolkit.displayChanged()V+0 java.desktop@20
v  ~StubRoutines::call_stub 0x000001d9c342100d
j  sun.awt.windows.WToolkit.eventLoop()V+0 java.desktop@20
j  sun.awt.windows.WToolkit.run()V+50 java.desktop@20
j  java.lang.Thread.runWith(Ljava/lang/Object;Ljava/lang/Runnable;)V+5 java.base@20
j  java.lang.Thread.run()V+19 java.base@20
v  ~StubRoutines::call_stub 0x000001d9c342100d

---------------  P R O C E S S  ---------------

Threads class SMR info:
_java_thread_list=0x000001d9d3927f10, length=15, elements={
0x000001d9ce8971e0, 0x000001d9ce8a0000, 0x000001d9ce8a37f0, 0x000001d9ce8a4330,
0x000001d9ce8a6c80, 0x000001d9ce8a75c0, 0x000001d9ce8ad740, 0x000001d9ce8b90f0,
0x000001d9d2c50a20, 0x000001d9d2d06330, 0x000001d9d2ee0f00, 0x000001d9d2ee6320,
0x000001d9d2ee9550, 0x000001d9d2fd2030, 0x000001d9b3e26d70
}

Java Threads: ( => current thread )
  0x000001d9ce8971e0 JavaThread "Reference Handler" daemon [_thread_blocked, id=14856, stack(0x000000d6f6a00000,0x000000d6f6b00000)]
  0x000001d9ce8a0000 JavaThread "Finalizer" daemon [_thread_blocked, id=3452, stack(0x000000d6f6b00000,0x000000d6f6c00000)]
  0x000001d9ce8a37f0 JavaThread "Signal Dispatcher" daemon [_thread_blocked, id=8400, stack(0x000000d6f6c00000,0x000000d6f6d00000)]
  0x000001d9ce8a4330 JavaThread "Attach Listener" daemon [_thread_blocked, id=18292, stack(0x000000d6f6d00000,0x000000d6f6e00000)]
  0x000001d9ce8a6c80 JavaThread "Service Thread" daemon [_thread_blocked, id=6516, stack(0x000000d6f6e00000,0x000000d6f6f00000)]
  0x000001d9ce8a75c0 JavaThread "Monitor Deflation Thread" daemon [_thread_blocked, id=10112, stack(0x000000d6f6f00000,0x000000d6f7000000)]
  0x000001d9ce8ad740 JavaThread "C2 CompilerThread0" daemon [_thread_blocked, id=15184, stack(0x000000d6f7000000,0x000000d6f7100000)]
  0x000001d9ce8b90f0 JavaThread "C1 CompilerThread0" daemon [_thread_in_vm, id=16576, stack(0x000000d6f7100000,0x000000d6f7200000)]
  0x000001d9d2c50a20 JavaThread "Common-Cleaner" daemon [_thread_blocked, id=13100, stack(0x000000d6f7200000,0x000000d6f7300000)]
  0x000001d9d2d06330 JavaThread "Notification Thread" daemon [_thread_blocked, id=3340, stack(0x000000d6f7300000,0x000000d6f7400000)]
  0x000001d9d2ee0f00 JavaThread "Java2D Disposer" daemon [_thread_blocked, id=15300, stack(0x000000d6f7500000,0x000000d6f7600000)]
  0x000001d9d2ee6320 JavaThread "AWT-Shutdown" [_thread_blocked, id=6704, stack(0x000000d6f7600000,0x000000d6f7700000)]
=>0x000001d9d2ee9550 JavaThread "AWT-Windows" daemon [_thread_in_vm, id=17100, stack(0x000000d6f7700000,0x000000d6f7800000)]
  0x000001d9d2fd2030 JavaThread "AWT-EventQueue-0" [_thread_blocked, id=18372, stack(0x000000d6f7900000,0x000000d6f7a00000)]
  0x000001d9b3e26d70 JavaThread "DestroyJavaVM" [_thread_blocked, id=11104, stack(0x000000d6f6300000,0x000000d6f6400000)]

Other Threads:
  0x000001d9b3eedd90 VMThread "VM Thread" [stack: 0x000000d6f6900000,0x000000d6f6a00000] [id=13888]
  0x000001d9d2d070a0 WatcherThread "VM Periodic Task Thread" [stack: 0x000000d6f7400000,0x000000d6f7500000] [id=17904]
  0x000001d9b3e69d70 WorkerThread "GC Thread#0" [stack: 0x000000d6f6400000,0x000000d6f6500000] [id=3832]
  0x000001d9b3e73940 ConcurrentGCThread "G1 Main Marker" [stack: 0x000000d6f6500000,0x000000d6f6600000] [id=5128]
  0x000001d9b3e74a20 WorkerThread "G1 Conc#0" [stack: 0x000000d6f6600000,0x000000d6f6700000] [id=7556]
  0x000001d9b3ec91b0 ConcurrentGCThread "G1 Refine#0" [stack: 0x000000d6f6700000,0x000000d6f6800000] [id=12192]
  0x000001d9b3ec9b60 ConcurrentGCThread "G1 Service" [stack: 0x000000d6f6800000,0x000000d6f6900000] [id=8860]

Threads with active compile tasks:
C1 CompilerThread0    19967 1151       3       jdk.internal.org.objectweb.asm.MethodWriter::<init> (232 bytes)

VM state: not at safepoint (normal execution)

VM Mutex/Monitor currently owned by a thread:  ([mutex/lock_event])
[0x000001d9b3e20520] Metaspace_lock - owner thread: 0x000001d9d2ee9550

Heap address: 0x00000000c2000000, size: 992 MB, Compressed Oops mode: 32-bit

CDS archive(s) mapped at: [0x0000000800000000-0x0000000800c60000-0x0000000800c60000), size 12976128, SharedBaseAddress: 0x0000000800000000, ArchiveRelocationMode: 0.
Compressed class space mapped at: 0x0000000801000000-0x0000000841000000, reserved size: 1073741824
Narrow klass base: 0x0000000800000000, Narrow klass shift: 0, Narrow klass range: 0x100000000

GC Precious Log:
 CardTable entry size: 512
 Card Set container configuration: InlinePtr #cards 5 size 8 Array Of Cards #cards 12 size 40 Howl #buckets 4 coarsen threshold 1843 Howl Bitmap #cards 512 size 80 coarsen threshold 460 Card regions per heap region 1 cards per card region 2048
 CPUs: 4 total, 4 available
 Memory: 3962M
 Large Page Support: Disabled
 NUMA Support: Disabled
 Compressed Oops: Enabled (32-bit)
 Heap Region Size: 1M
 Heap Min Capacity: 8M
 Heap Initial Capacity: 62M
 Heap Max Capacity: 992M
 Pre-touch: Disabled
 Parallel Workers: 4
 Concurrent Workers: 1
 Concurrent Refinement Workers: 4
 Periodic GC: Disabled

Heap:
 garbage-first heap   total 63488K, used 16384K [0x00000000c2000000, 0x0000000100000000)
  region size 1024K, 11 young (11264K), 0 survivors (0K)
 Metaspace       used 7451K, committed 7616K, reserved 1114112K
  class space    used 784K, committed 896K, reserved 1048576K

Heap Regions: E=young(eden), S=young(survivor), O=old, HS=humongous(starts), HC=humongous(continues), CS=collection set, F=free, OA=open archive, CA=closed archive, TAMS=top-at-mark-start, PB=parsable bottom
|   0|0x00000000c2000000, 0x00000000c2100000, 0x00000000c2100000|100%|HS|  |TAMS 0x00000000c2000000| PB 0x00000000c2000000| Complete 
|   1|0x00000000c2100000, 0x00000000c2200000, 0x00000000c2200000|100%|HC|  |TAMS 0x00000000c2100000| PB 0x00000000c2100000| Complete 
|   2|0x00000000c2200000, 0x00000000c2300000, 0x00000000c2300000|100%|HC|  |TAMS 0x00000000c2200000| PB 0x00000000c2200000| Complete 
|   3|0x00000000c2300000, 0x00000000c2400000, 0x00000000c2400000|100%|HS|  |TAMS 0x00000000c2300000| PB 0x00000000c2300000| Complete 
|   4|0x00000000c2400000, 0x00000000c2500000, 0x00000000c2500000|100%|HC|  |TAMS 0x00000000c2400000| PB 0x00000000c2400000| Complete 
|   5|0x00000000c2500000, 0x00000000c2600000, 0x00000000c2600000|100%|HC|  |TAMS 0x00000000c2500000| PB 0x00000000c2500000| Complete 
|   6|0x00000000c2600000, 0x00000000c2600000, 0x00000000c2700000|  0%| F|  |TAMS 0x00000000c2600000| PB 0x00000000c2600000| Untracked 
|   7|0x00000000c2700000, 0x00000000c2700000, 0x00000000c2800000|  0%| F|  |TAMS 0x00000000c2700000| PB 0x00000000c2700000| Untracked 
|   8|0x00000000c2800000, 0x00000000c2800000, 0x00000000c2900000|  0%| F|  |TAMS 0x00000000c2800000| PB 0x00000000c2800000| Untracked 
|   9|0x00000000c2900000, 0x00000000c2900000, 0x00000000c2a00000|  0%| F|  |TAMS 0x00000000c2900000| PB 0x00000000c2900000| Untracked 
|  10|0x00000000c2a00000, 0x00000000c2a00000, 0x00000000c2b00000|  0%| F|  |TAMS 0x00000000c2a00000| PB 0x00000000c2a00000| Untracked 
|  11|0x00000000c2b00000, 0x00000000c2b00000, 0x00000000c2c00000|  0%| F|  |TAMS 0x00000000c2b00000| PB 0x00000000c2b00000| Untracked 
|  12|0x00000000c2c00000, 0x00000000c2c00000, 0x00000000c2d00000|  0%| F|  |TAMS 0x00000000c2c00000| PB 0x00000000c2c00000| Untracked 
|  13|0x00000000c2d00000, 0x00000000c2d00000, 0x00000000c2e00000|  0%| F|  |TAMS 0x00000000c2d00000| PB 0x00000000c2d00000| Untracked 
|  14|0x00000000c2e00000, 0x00000000c2e00000, 0x00000000c2f00000|  0%| F|  |TAMS 0x00000000c2e00000| PB 0x00000000c2e00000| Untracked 
|  15|0x00000000c2f00000, 0x00000000c2f00000, 0x00000000c3000000|  0%| F|  |TAMS 0x00000000c2f00000| PB 0x00000000c2f00000| Untracked 
|  16|0x00000000c3000000, 0x00000000c3000000, 0x00000000c3100000|  0%| F|  |TAMS 0x00000000c3000000| PB 0x00000000c3000000| Untracked 
|  17|0x00000000c3100000, 0x00000000c3100000, 0x00000000c3200000|  0%| F|  |TAMS 0x00000000c3100000| PB 0x00000000c3100000| Untracked 
|  18|0x00000000c3200000, 0x00000000c3200000, 0x00000000c3300000|  0%| F|  |TAMS 0x00000000c3200000| PB 0x00000000c3200000| Untracked 
|  19|0x00000000c3300000, 0x00000000c3300000, 0x00000000c3400000|  0%| F|  |TAMS 0x00000000c3300000| PB 0x00000000c3300000| Untracked 
|  20|0x00000000c3400000, 0x00000000c3400000, 0x00000000c3500000|  0%| F|  |TAMS 0x00000000c3400000| PB 0x00000000c3400000| Untracked 
|  21|0x00000000c3500000, 0x00000000c3500000, 0x00000000c3600000|  0%| F|  |TAMS 0x00000000c3500000| PB 0x00000000c3500000| Untracked 
|  22|0x00000000c3600000, 0x00000000c3600000, 0x00000000c3700000|  0%| F|  |TAMS 0x00000000c3600000| PB 0x00000000c3600000| Untracked 
|  23|0x00000000c3700000, 0x00000000c3700000, 0x00000000c3800000|  0%| F|  |TAMS 0x00000000c3700000| PB 0x00000000c3700000| Untracked 
|  24|0x00000000c3800000, 0x00000000c3800000, 0x00000000c3900000|  0%| F|  |TAMS 0x00000000c3800000| PB 0x00000000c3800000| Untracked 
|  25|0x00000000c3900000, 0x00000000c3900000, 0x00000000c3a00000|  0%| F|  |TAMS 0x00000000c3900000| PB 0x00000000c3900000| Untracked 
|  26|0x00000000c3a00000, 0x00000000c3a00000, 0x00000000c3b00000|  0%| F|  |TAMS 0x00000000c3a00000| PB 0x00000000c3a00000| Untracked 
|  27|0x00000000c3b00000, 0x00000000c3b00000, 0x00000000c3c00000|  0%| F|  |TAMS 0x00000000c3b00000| PB 0x00000000c3b00000| Untracked 
|  28|0x00000000c3c00000, 0x00000000c3c00000, 0x00000000c3d00000|  0%| F|  |TAMS 0x00000000c3c00000| PB 0x00000000c3c00000| Untracked 
|  29|0x00000000c3d00000, 0x00000000c3d00000, 0x00000000c3e00000|  0%| F|  |TAMS 0x00000000c3d00000| PB 0x00000000c3d00000| Untracked 
|  30|0x00000000c3e00000, 0x00000000c3e00000, 0x00000000c3f00000|  0%| F|  |TAMS 0x00000000c3e00000| PB 0x00000000c3e00000| Untracked 
|  31|0x00000000c3f00000, 0x00000000c3f00000, 0x00000000c4000000|  0%| F|  |TAMS 0x00000000c3f00000| PB 0x00000000c3f00000| Untracked 
|  32|0x00000000c4000000, 0x00000000c4000000, 0x00000000c4100000|  0%| F|  |TAMS 0x00000000c4000000| PB 0x00000000c4000000| Untracked 
|  33|0x00000000c4100000, 0x00000000c4100000, 0x00000000c4200000|  0%| F|  |TAMS 0x00000000c4100000| PB 0x00000000c4100000| Untracked 
|  34|0x00000000c4200000, 0x00000000c4200000, 0x00000000c4300000|  0%| F|  |TAMS 0x00000000c4200000| PB 0x00000000c4200000| Untracked 
|  35|0x00000000c4300000, 0x00000000c4300000, 0x00000000c4400000|  0%| F|  |TAMS 0x00000000c4300000| PB 0x00000000c4300000| Untracked 
|  36|0x00000000c4400000, 0x00000000c4400000, 0x00000000c4500000|  0%| F|  |TAMS 0x00000000c4400000| PB 0x00000000c4400000| Untracked 
|  37|0x00000000c4500000, 0x00000000c4500000, 0x00000000c4600000|  0%| F|  |TAMS 0x00000000c4500000| PB 0x00000000c4500000| Untracked 
|  38|0x00000000c4600000, 0x00000000c4600000, 0x00000000c4700000|  0%| F|  |TAMS 0x00000000c4600000| PB 0x00000000c4600000| Untracked 
|  39|0x00000000c4700000, 0x00000000c4700000, 0x00000000c4800000|  0%| F|  |TAMS 0x00000000c4700000| PB 0x00000000c4700000| Untracked 
|  40|0x00000000c4800000, 0x00000000c4800000, 0x00000000c4900000|  0%| F|  |TAMS 0x00000000c4800000| PB 0x00000000c4800000| Untracked 
|  41|0x00000000c4900000, 0x00000000c4900000, 0x00000000c4a00000|  0%| F|  |TAMS 0x00000000c4900000| PB 0x00000000c4900000| Untracked 
|  42|0x00000000c4a00000, 0x00000000c4a00000, 0x00000000c4b00000|  0%| F|  |TAMS 0x00000000c4a00000| PB 0x00000000c4a00000| Untracked 
|  43|0x00000000c4b00000, 0x00000000c4b00000, 0x00000000c4c00000|  0%| F|  |TAMS 0x00000000c4b00000| PB 0x00000000c4b00000| Untracked 
|  44|0x00000000c4c00000, 0x00000000c4c00000, 0x00000000c4d00000|  0%| F|  |TAMS 0x00000000c4c00000| PB 0x00000000c4c00000| Untracked 
|  45|0x00000000c4d00000, 0x00000000c4d00000, 0x00000000c4e00000|  0%| F|  |TAMS 0x00000000c4d00000| PB 0x00000000c4d00000| Untracked 
|  46|0x00000000c4e00000, 0x00000000c4e00000, 0x00000000c4f00000|  0%| F|  |TAMS 0x00000000c4e00000| PB 0x00000000c4e00000| Untracked 
|  47|0x00000000c4f00000, 0x00000000c4f00000, 0x00000000c5000000|  0%| F|  |TAMS 0x00000000c4f00000| PB 0x00000000c4f00000| Untracked 
|  48|0x00000000c5000000, 0x00000000c5000000, 0x00000000c5100000|  0%| F|  |TAMS 0x00000000c5000000| PB 0x00000000c5000000| Untracked 
|  49|0x00000000c5100000, 0x00000000c5100000, 0x00000000c5200000|  0%| F|  |TAMS 0x00000000c5100000| PB 0x00000000c5100000| Untracked 
|  50|0x00000000c5200000, 0x00000000c5200000, 0x00000000c5300000|  0%| F|  |TAMS 0x00000000c5200000| PB 0x00000000c5200000| Untracked 
|  51|0x00000000c5300000, 0x00000000c53c83e8, 0x00000000c5400000| 78%| E|  |TAMS 0x00000000c5300000| PB 0x00000000c5300000| Complete 
|  52|0x00000000c5400000, 0x00000000c5500000, 0x00000000c5500000|100%| E|CS|TAMS 0x00000000c5400000| PB 0x00000000c5400000| Complete 
|  53|0x00000000c5500000, 0x00000000c5600000, 0x00000000c5600000|100%| E|CS|TAMS 0x00000000c5500000| PB 0x00000000c5500000| Complete 
|  54|0x00000000c5600000, 0x00000000c5700000, 0x00000000c5700000|100%| E|CS|TAMS 0x00000000c5600000| PB 0x00000000c5600000| Complete 
|  55|0x00000000c5700000, 0x00000000c5800000, 0x00000000c5800000|100%| E|CS|TAMS 0x00000000c5700000| PB 0x00000000c5700000| Complete 
|  56|0x00000000c5800000, 0x00000000c5900000, 0x00000000c5900000|100%| E|CS|TAMS 0x00000000c5800000| PB 0x00000000c5800000| Complete 
|  57|0x00000000c5900000, 0x00000000c5a00000, 0x00000000c5a00000|100%| E|CS|TAMS 0x00000000c5900000| PB 0x00000000c5900000| Complete 
|  58|0x00000000c5a00000, 0x00000000c5b00000, 0x00000000c5b00000|100%| E|CS|TAMS 0x00000000c5a00000| PB 0x00000000c5a00000| Complete 
|  59|0x00000000c5b00000, 0x00000000c5c00000, 0x00000000c5c00000|100%| E|CS|TAMS 0x00000000c5b00000| PB 0x00000000c5b00000| Complete 
|  60|0x00000000c5c00000, 0x00000000c5d00000, 0x00000000c5d00000|100%| E|CS|TAMS 0x00000000c5c00000| PB 0x00000000c5c00000| Complete 
|  61|0x00000000c5d00000, 0x00000000c5e00000, 0x00000000c5e00000|100%| E|CS|TAMS 0x00000000c5d00000| PB 0x00000000c5d00000| Complete 

Card table byte_map: [0x000001d9cb0e0000,0x000001d9cb2d0000] _byte_map_base: 0x000001d9caad0000

Marking Bits: (CMBitMap*) 0x000001d9b3e6b2c0
 Bits: [0x000001d9cb4c0000, 0x000001d9cc440000)

Polling page: 0x000001d9b3600000

Metaspace:

Usage:
  Non-class:      6.51 MB used.
      Class:    784.52 KB used.
       Both:      7.28 MB used.

Virtual space:
  Non-class space:       64.00 MB reserved,       6.56 MB ( 10%) committed,  1 nodes.
      Class space:        1.00 GB reserved,     896.00 KB ( <1%) committed,  1 nodes.
             Both:        1.06 GB reserved,       7.44 MB ( <1%) committed. 

Chunk freelists:
   Non-Class:  1.00 MB
       Class:  3.11 MB
        Both:  4.11 MB

MaxMetaspaceSize: unlimited
CompressedClassSpaceSize: 1.00 GB
Initial GC threshold: 21.00 MB
Current GC threshold: 21.00 MB
CDS: on
MetaspaceReclaimPolicy: balanced
 - commit_granule_bytes: 65536.
 - commit_granule_words: 8192.
 - virtual_space_node_default_size: 8388608.
 - enlarge_chunks_in_place: 1.
 - new_chunks_are_fully_committed: 0.
 - uncommit_free_chunks: 1.
 - use_allocation_guard: 0.


Internal statistics:

num_allocs_failed_limit: 0.
num_arena_births: 152.
num_arena_deaths: 0.
num_vsnodes_births: 2.
num_vsnodes_deaths: 0.
num_space_committed: 119.
num_space_uncommitted: 0.
num_chunks_returned_to_freelist: 0.
num_chunks_taken_from_freelist: 193.
num_chunk_merges: 0.
num_chunk_splits: 111.
num_chunks_enlarged: 42.
num_inconsistent_stats: 0.

CodeHeap 'non-profiled nmethods': size=120000Kb used=318Kb max_used=318Kb free=119681Kb
 bounds [0x000001d9c39c0000, 0x000001d9c3c30000, 0x000001d9caef0000]
CodeHeap 'profiled nmethods': size=120000Kb used=2023Kb max_used=2023Kb free=117976Kb
 bounds [0x000001d9bbef0000, 0x000001d9bc160000, 0x000001d9c3420000]
CodeHeap 'non-nmethods': size=5760Kb used=1591Kb max_used=1611Kb free=4168Kb
 bounds [0x000001d9c3420000, 0x000001d9c3690000, 0x000001d9c39c0000]
 total_blobs=1753 nmethods=1150 adapters=514
 compilation: enabled
              stopped_count=0, restarted_count=0
 full_count=0

Compilation events (20 events):
Event: 6.873 Thread 0x000001d9ce8b90f0 nmethod 1137 0x000001d9bc0e6790 code [0x000001d9bc0e6920, 0x000001d9bc0e6a78]
Event: 6.873 Thread 0x000001d9ce8b90f0 1138       3       sun.awt.WeakIdentityHashMap::get (19 bytes)
Event: 6.875 Thread 0x000001d9ce8b90f0 nmethod 1138 0x000001d9bc0e6b10 code [0x000001d9bc0e6d20, 0x000001d9bc0e74d0]
Event: 6.875 Thread 0x000001d9ce8b90f0 1139       3       sun.awt.WeakIdentityHashMap::getMap (31 bytes)
Event: 6.876 Thread 0x000001d9ce8b90f0 nmethod 1139 0x000001d9bc0e7790 code [0x000001d9bc0e7940, 0x000001d9bc0e7c98]
Event: 6.876 Thread 0x000001d9ce8b90f0 1140       3       sun.awt.WeakIdentityHashMap$WeakKey::<init> (15 bytes)
Event: 6.877 Thread 0x000001d9ce8b90f0 nmethod 1140 0x000001d9bc0e7e10 code [0x000001d9bc0e7fc0, 0x000001d9bc0e8330]
Event: 6.877 Thread 0x000001d9ce8b90f0 1141   !   3       java.util.concurrent.locks.AbstractQueuedSynchronizer::tryInitializeHead (66 bytes)
Event: 6.880 Thread 0x000001d9ce8b90f0 nmethod 1141 0x000001d9bc0e8490 code [0x000001d9bc0e8660, 0x000001d9bc0e8c48]
Event: 6.880 Thread 0x000001d9ce8b90f0 1142       3       java.util.concurrent.locks.AbstractQueuedSynchronizer$Node::setStatusRelaxed (12 bytes)
Event: 6.881 Thread 0x000001d9ce8b90f0 nmethod 1142 0x000001d9bc0e8e10 code [0x000001d9bc0e8fa0, 0x000001d9bc0e90b8]
Event: 6.895 Thread 0x000001d9ce8b90f0 1145       3       java.util.concurrent.locks.AbstractQueuedSynchronizer::casTail (13 bytes)
Event: 6.896 Thread 0x000001d9ce8b90f0 nmethod 1145 0x000001d9bc0e9190 code [0x000001d9bc0e9320, 0x000001d9bc0e9498]
Event: 6.896 Thread 0x000001d9ce8b90f0 1147       3       jdk.internal.misc.Unsafe::putIntOpaque (9 bytes)
Event: 6.896 Thread 0x000001d9ce8b90f0 nmethod 1147 0x000001d9bc0e9510 code [0x000001d9bc0e96a0, 0x000001d9bc0e97b8]
Event: 10.210 Thread 0x000001d9ce8ad740 1149       4       sun.awt.AWTAutoShutdown::isReadyToShutdown (37 bytes)
Event: 10.213 Thread 0x000001d9ce8ad740 nmethod 1149 0x000001d9c3a0f710 code [0x000001d9c3a0f880, 0x000001d9c3a0f960]
Event: 19.435 Thread 0x000001d9ce8b90f0 1150       3       jdk.internal.org.objectweb.asm.ClassWriter::visitMethod (57 bytes)
Event: 19.441 Thread 0x000001d9ce8b90f0 nmethod 1150 0x000001d9bc0e9890 code [0x000001d9bc0e9a40, 0x000001d9bc0e9da0]
Event: 19.441 Thread 0x000001d9ce8b90f0 1151       3       jdk.internal.org.objectweb.asm.MethodWriter::<init> (232 bytes)

GC Heap History (0 events):
No events

Dll operation events (10 events):
Event: 0.011 Loaded shared library C:\Program Files\Java\jdk-20\bin\java.dll
Event: 0.025 Loaded shared library C:\Program Files\Java\jdk-20\bin\jsvml.dll
Event: 0.126 Loaded shared library C:\Program Files\Java\jdk-20\bin\net.dll
Event: 0.130 Loaded shared library C:\Program Files\Java\jdk-20\bin\nio.dll
Event: 0.183 Loaded shared library C:\Program Files\Java\jdk-20\bin\jimage.dll
Event: 0.203 Loaded shared library C:\Program Files\Java\jdk-20\bin\awt.dll
Event: 0.466 Loaded shared library C:\Program Files\Java\jdk-20\bin\zip.dll
Event: 0.557 Loaded shared library C:\Program Files\Java\jdk-20\bin\javajpeg.dll
Event: 0.679 Loaded shared library C:\Program Files\Java\jdk-20\bin\freetype.dll
Event: 0.681 Loaded shared library C:\Program Files\Java\jdk-20\bin\fontmanager.dll

Deoptimization events (20 events):
Event: 0.620 Thread 0x000001d9b3e26d70 Uncommon trap: trap_request=0xffffffde fr.pc=0x000001d9c39f1078 relative=0x00000000000002d8
Event: 0.620 Thread 0x000001d9b3e26d70 Uncommon trap: reason=class_check action=maybe_recompile pc=0x000001d9c39f1078 method=java.util.HashMap.getNode(Ljava/lang/Object;)Ljava/util/HashMap$Node; @ 128 c2
Event: 0.620 Thread 0x000001d9b3e26d70 DEOPT PACKING pc=0x000001d9c39f1078 sp=0x000000d6f63fec30
Event: 0.620 Thread 0x000001d9b3e26d70 DEOPT UNPACKING pc=0x000001d9c3489d22 sp=0x000000d6f63feb98 mode 2
Event: 0.644 Thread 0x000001d9d2ee9550 Uncommon trap: trap_request=0xffffff45 fr.pc=0x000001d9c39ea56c relative=0x000000000000016c
Event: 0.644 Thread 0x000001d9d2ee9550 Uncommon trap: reason=unstable_if action=reinterpret pc=0x000001d9c39ea56c method=java.util.concurrent.locks.ReentrantLock$NonfairSync.initialTryLock()Z @ 10 c2
Event: 0.644 Thread 0x000001d9d2ee9550 DEOPT PACKING pc=0x000001d9c39ea56c sp=0x000000d6f77fd880
Event: 0.644 Thread 0x000001d9d2ee9550 DEOPT UNPACKING pc=0x000001d9c3489d22 sp=0x000000d6f77fd828 mode 2
Event: 0.703 Thread 0x000001d9b3e26d70 Uncommon trap: trap_request=0xffffff45 fr.pc=0x000001d9c39ef780 relative=0x0000000000000200
Event: 0.703 Thread 0x000001d9b3e26d70 Uncommon trap: reason=unstable_if action=reinterpret pc=0x000001d9c39ef780 method=java.lang.StringUTF16.compress([CI[BII)I @ 20 c2
Event: 0.703 Thread 0x000001d9b3e26d70 DEOPT PACKING pc=0x000001d9c39ef780 sp=0x000000d6f63fda10
Event: 0.703 Thread 0x000001d9b3e26d70 DEOPT UNPACKING pc=0x000001d9c3489d22 sp=0x000000d6f63fd980 mode 2
Event: 2.138 Thread 0x000001d9d2ee9550 Uncommon trap: trap_request=0xffffff45 fr.pc=0x000001d9c3a03344 relative=0x0000000000000224
Event: 2.138 Thread 0x000001d9d2ee9550 Uncommon trap: reason=unstable_if action=reinterpret pc=0x000001d9c3a03344 method=java.util.concurrent.locks.ReentrantLock$Sync.lock()V @ 4 c2
Event: 2.138 Thread 0x000001d9d2ee9550 DEOPT PACKING pc=0x000001d9c3a03344 sp=0x000000d6f77fdf00
Event: 2.138 Thread 0x000001d9d2ee9550 DEOPT UNPACKING pc=0x000001d9c3489d22 sp=0x000000d6f77fde60 mode 2
Event: 2.940 Thread 0x000001d9d2fd2030 Uncommon trap: trap_request=0xffffff45 fr.pc=0x000001d9c3a0a2c8 relative=0x0000000000000048
Event: 2.940 Thread 0x000001d9d2fd2030 Uncommon trap: reason=unstable_if action=reinterpret pc=0x000001d9c3a0a2c8 method=java.util.concurrent.locks.AbstractQueuedSynchronizer.signalNext(Ljava/util/concurrent/locks/AbstractQueuedSynchronizer$Node;)V @ 1 c2
Event: 2.940 Thread 0x000001d9d2fd2030 DEOPT PACKING pc=0x000001d9c3a0a2c8 sp=0x000000d6f79fecf0
Event: 2.940 Thread 0x000001d9d2fd2030 DEOPT UNPACKING pc=0x000001d9c3489d22 sp=0x000000d6f79fec80 mode 2

Classes loaded (20 events):
Event: 0.940 Loading class java/awt/Container$EventTargetFilter done
Event: 0.940 Loading class java/awt/Container$MouseEventTargetFilter done
Event: 0.940 Loading class java/awt/LightweightDispatcher$1
Event: 0.941 Loading class java/awt/LightweightDispatcher$1 done
Event: 0.941 Loading class java/awt/event/AWTEventListenerProxy
Event: 0.941 Loading class java/awt/event/AWTEventListenerProxy done
Event: 0.941 Loading class java/awt/Toolkit$SelectiveAWTEventListener
Event: 0.941 Loading class java/awt/Toolkit$SelectiveAWTEventListener done
Event: 0.941 Loading class java/awt/Toolkit$ToolkitEventMulticaster
Event: 0.941 Loading class java/awt/Toolkit$ToolkitEventMulticaster done
Event: 0.941 Loading class java/awt/event/MouseWheelEvent
Event: 0.941 Loading class java/awt/event/MouseWheelEvent done
Event: 1.723 Loading class javax/swing/event/ChangeEvent
Event: 1.723 Loading class javax/swing/event/ChangeEvent done
Event: 6.102 Loading class java/awt/LightweightDispatcher$2
Event: 6.102 Loading class java/awt/LightweightDispatcher$2 done
Event: 10.847 Loading class java/awt/KeyboardFocusManager$2
Event: 10.848 Loading class java/awt/KeyboardFocusManager$2 done
Event: 10.848 Loading class sun/awt/SunToolkit$1
Event: 10.849 Loading class sun/awt/SunToolkit$1 done

Classes unloaded (0 events):
No events

Classes redefined (0 events):
No events

Internal exceptions (15 events):
Event: 0.133 Thread 0x000001d9b3e26d70 Exception <a 'sun/nio/fs/WindowsException'{0x00000000c5c3e8d0}> (0x00000000c5c3e8d0) 
thrown [s\open\src\hotspot\share\prims\jni.cpp, line 519]
Event: 0.138 Thread 0x000001d9b3e26d70 Exception <a 'sun/nio/fs/WindowsException'{0x00000000c5c40d30}> (0x00000000c5c40d30) 
thrown [s\open\src\hotspot\share\prims\jni.cpp, line 519]
Event: 0.138 Thread 0x000001d9b3e26d70 Exception <a 'sun/nio/fs/WindowsException'{0x00000000c5c417e0}> (0x00000000c5c417e0) 
thrown [s\open\src\hotspot\share\prims\jni.cpp, line 519]
Event: 0.190 Thread 0x000001d9b3e26d70 Exception <a 'java/lang/ClassNotFoundException'{0x00000000c5b23a20}: sun/awt/resources/spi/awtProvider> (0x00000000c5b23a20) 
thrown [s\open\src\hotspot\share\classfile\systemDictionary.cpp, line 305]
Event: 0.219 Thread 0x000001d9b3e26d70 Exception <a 'java/io/FileNotFoundException'{0x00000000c5b7a4a0}> (0x00000000c5b7a4a0) 
thrown [s\open\src\hotspot\share\prims\jni.cpp, line 519]
Event: 0.229 Thread 0x000001d9b3e26d70 Exception <a 'java/io/FileNotFoundException'{0x00000000c5ba46c0}> (0x00000000c5ba46c0) 
thrown [s\open\src\hotspot\share\prims\jni.cpp, line 519]
Event: 0.323 Thread 0x000001d9b3e26d70 Exception <a 'java/lang/NoSuchMethodError'{0x00000000c5abf240}: 'void java.lang.invoke.DirectMethodHandle$Holder.invokeSpecial(java.lang.Object, java.lang.Object, java.lang.Object)'> (0x00000000c5abf240) 
thrown [s\open\src\hotspot\share\interpreter\linkResolver.cpp, line 773]
Event: 0.334 Thread 0x000001d9b3e26d70 Exception <a 'java/lang/NoSuchMethodError'{0x00000000c59216e0}: 'java.lang.Object java.lang.invoke.DirectMethodHandle$Holder.newInvokeSpecial(java.lang.Object, java.lang.Object, java.lang.Object, java.lang.Object, java.lang.Object)'> (0x00000000c59216e0) 
thrown [s\open\src\hotspot\share\interpreter\linkResolver.cpp, line 773]
Event: 0.344 Thread 0x000001d9b3e26d70 Exception <a 'java/lang/NoSuchMethodError'{0x00000000c5952360}: 'java.lang.Object java.lang.invoke.DirectMethodHandle$Holder.invokeStatic(java.lang.Object, int, java.lang.Object)'> (0x00000000c5952360) 
thrown [s\open\src\hotspot\share\interpreter\linkResolver.cpp, line 773]
Event: 0.388 Thread 0x000001d9b3e26d70 Exception <a 'java/lang/ClassNotFoundException'{0x00000000c580dda0}: com/sun/swing/internal/plaf/metal/resources/spi/metalProvider> (0x00000000c580dda0) 
thrown [s\open\src\hotspot\share\classfile\systemDictionary.cpp, line 305]
Event: 0.389 Thread 0x000001d9b3e26d70 Exception <a 'java/lang/ClassNotFoundException'{0x00000000c5811d50}: com/sun/swing/internal/plaf/basic/resources/spi/basicProvider> (0x00000000c5811d50) 
thrown [s\open\src\hotspot\share\classfile\systemDictionary.cpp, line 305]
Event: 0.430 Thread 0x000001d9b3e26d70 Exception <a 'java/lang/NoSuchMethodError'{0x00000000c5830f70}: 'int java.lang.invoke.Invokers$Holder.invokeExact_MT(java.lang.Object, java.lang.Object)'> (0x00000000c5830f70) 
thrown [s\open\src\hotspot\share\interpreter\linkResolver.cpp, line 773]
Event: 0.559 Thread 0x000001d9d2f29b60 Exception <a 'java/lang/NoSuchMethodError'{0x00000000c57e1200}: 'java.lang.Object java.lang.invoke.DirectMethodHandle$Holder.newInvokeSpecial(java.lang.Object, java.lang.Object, java.lang.Object, int, int, int, int, int)'> (0x00000000c57e1200) 
thrown [s\open\src\hotspot\share\interpreter\linkResolver.cpp, line 773]
Event: 0.671 Thread 0x000001d9b3e26d70 Exception <a 'java/lang/NoSuchMethodError'{0x00000000c5469540}: 'void java.lang.invoke.DirectMethodHandle$Holder.invokeStaticInit(java.lang.Object)'> (0x00000000c5469540) 
thrown [s\open\src\hotspot\share\interpreter\linkResolver.cpp, line 773]
Event: 0.816 Thread 0x000001d9d2ee9550 Exception <a 'java/lang/NoSuchMethodError'{0x00000000c5a53228}: 'void java.lang.invoke.DirectMethodHandle$Holder.invokeVirtual(java.lang.Object, java.lang.Object)'> (0x00000000c5a53228) 
thrown [s\open\src\hotspot\share\interpreter\linkResolver.cpp, line 773]

VM Operations (20 events):
Event: 0.536 Executing VM operation: HandshakeAllThreads
Event: 0.536 Executing VM operation: HandshakeAllThreads done
Event: 0.610 Executing VM operation: HandshakeAllThreads
Event: 0.610 Executing VM operation: HandshakeAllThreads done
Event: 0.848 Executing VM operation: HandshakeAllThreads
Event: 0.848 Executing VM operation: HandshakeAllThreads done
Event: 1.852 Executing VM operation: Cleanup
Event: 1.852 Executing VM operation: Cleanup done
Event: 2.863 Executing VM operation: Cleanup
Event: 2.863 Executing VM operation: Cleanup done
Event: 3.890 Executing VM operation: Cleanup
Event: 3.890 Executing VM operation: Cleanup done
Event: 4.896 Executing VM operation: Cleanup
Event: 4.896 Executing VM operation: Cleanup done
Event: 5.908 Executing VM operation: Cleanup
Event: 5.908 Executing VM operation: Cleanup done
Event: 6.923 Executing VM operation: Cleanup
Event: 6.924 Executing VM operation: Cleanup done
Event: 10.956 Executing VM operation: Cleanup
Event: 10.956 Executing VM operation: Cleanup done

Events (19 events):
Event: 0.026 Thread 0x000001d9b3e26d70 Thread added: 0x000001d9b3e26d70
Event: 0.042 Thread 0x000001d9ce8971e0 Thread added: 0x000001d9ce8971e0
Event: 0.043 Thread 0x000001d9ce8a0000 Thread added: 0x000001d9ce8a0000
Event: 0.043 Thread 0x000001d9ce8a37f0 Thread added: 0x000001d9ce8a37f0
Event: 0.043 Thread 0x000001d9ce8a4330 Thread added: 0x000001d9ce8a4330
Event: 0.044 Thread 0x000001d9ce8a6c80 Thread added: 0x000001d9ce8a6c80
Event: 0.044 Thread 0x000001d9ce8a75c0 Thread added: 0x000001d9ce8a75c0
Event: 0.044 Thread 0x000001d9ce8ad740 Thread added: 0x000001d9ce8ad740
Event: 0.044 Thread 0x000001d9ce8b90f0 Thread added: 0x000001d9ce8b90f0
Event: 0.101 Thread 0x000001d9d2c50a20 Thread added: 0x000001d9d2c50a20
Event: 0.166 Thread 0x000001d9d2d06330 Thread added: 0x000001d9d2d06330
Event: 0.281 Thread 0x000001d9d2ee0f00 Thread added: 0x000001d9d2ee0f00
Event: 0.283 Thread 0x000001d9d2ee6320 Thread added: 0x000001d9d2ee6320
Event: 0.285 Thread 0x000001d9d2ee9550 Thread added: 0x000001d9d2ee9550
Event: 0.439 Thread 0x000001d9d2f29b60 Thread added: 0x000001d9d2f29b60
Event: 0.644 Thread 0x000001d9d2fd2030 Thread added: 0x000001d9d2fd2030
Event: 0.820 Thread 0x000001d9b3e26d70 Thread exited: 0x000001d9b3e26d70
Event: 0.820 Thread 0x000001d9b3e26d70 Thread added: 0x000001d9b3e26d70
Event: 5.615 Thread 0x000001d9d2f29b60 Thread exited: 0x000001d9d2f29b60


Dynamic libraries:
0x00007ff7b7070000 - 0x00007ff7b7080000 	C:\Program Files\Java\jdk-20\bin\java.exe
0x00007ffa86610000 - 0x00007ffa86808000 	C:\WINDOWS\SYSTEM32\ntdll.dll
0x00007ffa848e0000 - 0x00007ffa8499f000 	C:\WINDOWS\System32\KERNEL32.DLL
0x00007ffa84390000 - 0x00007ffa8466a000 	C:\WINDOWS\System32\KERNELBASE.dll
0x00007ffa84150000 - 0x00007ffa84250000 	C:\WINDOWS\System32\ucrtbase.dll
0x00007ffa7f090000 - 0x00007ffa7f0ab000 	C:\Program Files\Java\jdk-20\bin\VCRUNTIME140.dll
0x00007ffa737a0000 - 0x00007ffa737b9000 	C:\Program Files\Java\jdk-20\bin\jli.dll
0x00007ffa859a0000 - 0x00007ffa85a4e000 	C:\WINDOWS\System32\ADVAPI32.dll
0x00007ffa85a50000 - 0x00007ffa85aee000 	C:\WINDOWS\System32\msvcrt.dll
0x00007ffa849a0000 - 0x00007ffa84a3c000 	C:\WINDOWS\System32\sechost.dll
0x00007ffa863c0000 - 0x00007ffa864e6000 	C:\WINDOWS\System32\RPCRT4.dll
0x00007ffa84a40000 - 0x00007ffa84bdd000 	C:\WINDOWS\System32\USER32.dll
0x00007ffa84250000 - 0x00007ffa84272000 	C:\WINDOWS\System32\win32u.dll
0x00007ffa734b0000 - 0x00007ffa7374a000 	C:\WINDOWS\WinSxS\amd64_microsoft.windows.common-controls_6595b64144ccf1df_6.0.19041.1110_none_60b5254171f9507e\COMCTL32.dll
0x00007ffa857d0000 - 0x00007ffa857fb000 	C:\WINDOWS\System32\GDI32.dll
0x00007ffa84280000 - 0x00007ffa84390000 	C:\WINDOWS\System32\gdi32full.dll
0x00007ffa84010000 - 0x00007ffa840ad000 	C:\WINDOWS\System32\msvcp_win.dll
0x00007ffa7e6f0000 - 0x00007ffa7e6fa000 	C:\WINDOWS\SYSTEM32\VERSION.dll
0x00007ffa858c0000 - 0x00007ffa858f0000 	C:\WINDOWS\System32\IMM32.DLL
0x00007ffa7f080000 - 0x00007ffa7f08c000 	C:\Program Files\Java\jdk-20\bin\vcruntime140_1.dll
0x00007ffa5bc30000 - 0x00007ffa5bcbe000 	C:\Program Files\Java\jdk-20\bin\msvcp140.dll
0x00007ffa3aca0000 - 0x00007ffa3b937000 	C:\Program Files\Java\jdk-20\bin\server\jvm.dll
0x00007ffa7e340000 - 0x00007ffa7e367000 	C:\WINDOWS\SYSTEM32\WINMM.dll
0x00007ffa6ed30000 - 0x00007ffa6ed39000 	C:\WINDOWS\SYSTEM32\WSOCK32.dll
0x00007ffa854b0000 - 0x00007ffa8551b000 	C:\WINDOWS\System32\ws2_32.DLL
0x00007ffa82570000 - 0x00007ffa82582000 	C:\WINDOWS\SYSTEM32\kernel.appcore.dll
0x00007ffa7e8c0000 - 0x00007ffa7e8ca000 	C:\Program Files\Java\jdk-20\bin\jimage.dll
0x00007ffa81a90000 - 0x00007ffa81c74000 	C:\WINDOWS\SYSTEM32\DBGHELP.DLL
0x00007ffa740b0000 - 0x00007ffa740e4000 	C:\WINDOWS\SYSTEM32\dbgcore.DLL
0x00007ffa83d20000 - 0x00007ffa83da2000 	C:\WINDOWS\System32\bcryptPrimitives.dll
0x00007ffa71fd0000 - 0x00007ffa71ff6000 	C:\Program Files\Java\jdk-20\bin\java.dll
0x00007ffa5bcc0000 - 0x00007ffa5bd97000 	C:\Program Files\Java\jdk-20\bin\jsvml.dll
0x00007ffa85c70000 - 0x00007ffa863b4000 	C:\WINDOWS\System32\SHELL32.dll
0x00007ffa81c80000 - 0x00007ffa82413000 	C:\WINDOWS\SYSTEM32\windows.storage.dll
0x00007ffa85130000 - 0x00007ffa85484000 	C:\WINDOWS\System32\combase.dll
0x00007ffa836a0000 - 0x00007ffa836ce000 	C:\WINDOWS\SYSTEM32\Wldp.dll
0x00007ffa85800000 - 0x00007ffa858ad000 	C:\WINDOWS\System32\SHCORE.dll
0x00007ffa84880000 - 0x00007ffa848d5000 	C:\WINDOWS\System32\shlwapi.dll
0x00007ffa83c60000 - 0x00007ffa83c7f000 	C:\WINDOWS\SYSTEM32\profapi.dll
0x00007ffa7e4d0000 - 0x00007ffa7e4e3000 	C:\Program Files\Java\jdk-20\bin\net.dll
0x00007ffa75560000 - 0x00007ffa7566a000 	C:\WINDOWS\SYSTEM32\WINHTTP.dll
0x00007ffa83400000 - 0x00007ffa8346a000 	C:\WINDOWS\system32\mswsock.dll
0x00007ffa71fb0000 - 0x00007ffa71fc6000 	C:\Program Files\Java\jdk-20\bin\nio.dll
0x00007ffa53100000 - 0x00007ffa53291000 	C:\Program Files\Java\jdk-20\bin\awt.dll
0x00007ffa86500000 - 0x00007ffa865cd000 	C:\WINDOWS\System32\OLEAUT32.dll
0x00007ffa81140000 - 0x00007ffa811d0000 	C:\WINDOWS\SYSTEM32\apphelp.dll
0x00007ffa81500000 - 0x00007ffa8152f000 	C:\WINDOWS\system32\DWMAPI.DLL
0x00007ffa81300000 - 0x00007ffa8139e000 	C:\WINDOWS\system32\uxtheme.dll
0x00007ffa71bc0000 - 0x00007ffa71ce5000 	C:\WINDOWS\system32\opengl32.dll
0x00007ffa72b00000 - 0x00007ffa72b2c000 	C:\WINDOWS\SYSTEM32\GLU32.dll
0x00007ffa85b50000 - 0x00007ffa85c64000 	C:\WINDOWS\System32\MSCTF.dll
0x00007ffa85520000 - 0x00007ffa8564a000 	C:\WINDOWS\System32\ole32.dll
0x00007ffa71f90000 - 0x00007ffa71fa8000 	C:\Program Files\Java\jdk-20\bin\zip.dll
0x00007ffa73770000 - 0x00007ffa7379e000 	C:\Program Files\Java\jdk-20\bin\javajpeg.dll
0x00007ffa57ef0000 - 0x00007ffa57f76000 	C:\Program Files\Java\jdk-20\bin\freetype.dll
0x00007ffa56750000 - 0x00007ffa56816000 	C:\Program Files\Java\jdk-20\bin\fontmanager.dll
0x00007ffa7e030000 - 0x00007ffa7e129000 	C:\WINDOWS\SYSTEM32\textinputframework.dll
0x00007ffa80f10000 - 0x00007ffa81002000 	C:\WINDOWS\System32\CoreMessaging.dll
0x00007ffa80bb0000 - 0x00007ffa80f0e000 	C:\WINDOWS\System32\CoreUIComponents.dll
0x00007ffa82e40000 - 0x00007ffa82e73000 	C:\WINDOWS\SYSTEM32\ntmarta.dll
0x00007ffa80400000 - 0x00007ffa80554000 	C:\WINDOWS\SYSTEM32\wintypes.dll

dbghelp: loaded successfully - version: 4.0.5 - missing functions: none
symbol engine: initialized successfully - sym options: 0x614 - pdb path: .;C:\Program Files\Java\jdk-20\bin;C:\WINDOWS\SYSTEM32;C:\WINDOWS\WinSxS\amd64_microsoft.windows.common-controls_6595b64144ccf1df_6.0.19041.1110_none_60b5254171f9507e;C:\Program Files\Java\jdk-20\bin\server

VM Arguments:
jvm_args: -Dfile.encoding=UTF-8 --module-path=C:\Users\DELL\Documents\NetBeansProjects\Quiz Application\build\classes 
java_command: quiz.application.Quiz
java_class_path (initial): C:\Users\DELL\Documents\NetBeansProjects\Quiz Application\build\classes
Launcher Type: SUN_STANDARD

[Global flags]
     intx CICompilerCount                          = 3                                         {product} {ergonomic}
     uint ConcGCThreads                            = 1                                         {product} {ergonomic}
     uint G1ConcRefinementThreads                  = 4                                         {product} {ergonomic}
   size_t G1HeapRegionSize                         = 1048576                                   {product} {ergonomic}
    uintx GCDrainStackTargetSize                   = 64                                        {product} {ergonomic}
   size_t InitialHeapSize                          = 65011712                                  {product} {ergonomic}
   size_t MarkStackSize                            = 4194304                                   {product} {ergonomic}
   size_t MaxHeapSize                              = 1040187392                                {product} {ergonomic}
   size_t MaxNewSize                               = 623902720                                 {product} {ergonomic}
   size_t MinHeapDeltaBytes                        = 1048576                                   {product} {ergonomic}
   size_t MinHeapSize                              = 8388608                                   {product} {ergonomic}
    uintx NonNMethodCodeHeapSize                   = 5832780                                {pd product} {ergonomic}
    uintx NonProfiledCodeHeapSize                  = 122912730                              {pd product} {ergonomic}
    uintx ProfiledCodeHeapSize                     = 122912730                              {pd product} {ergonomic}
    uintx ReservedCodeCacheSize                    = 251658240                              {pd product} {ergonomic}
     bool SegmentedCodeCache                       = true                                      {product} {ergonomic}
   size_t SoftMaxHeapSize                          = 1040187392                             {manageable} {ergonomic}
     bool UseCompressedClassPointers               = true                           {product lp64_product} {ergonomic}
     bool UseCompressedOops                        = true                           {product lp64_product} {ergonomic}
     bool UseG1GC                                  = true                                      {product} {ergonomic}
     bool UseLargePagesIndividualAllocation        = false                                  {pd product} {ergonomic}

Logging:
Log output configuration:
 #0: stdout all=warning uptime,level,tags foldmultilines=false
 #1: stderr all=off uptime,level,tags foldmultilines=false

Environment Variables:
PATH=C:\Program Files\Common Files\Oracle\Java\javapath;C:\WINDOWS\system32;C:\WINDOWS;C:\WINDOWS\System32\Wbem;C:\WINDOWS\System32\WindowsPowerShell\v1.0\;C:\WINDOWS\System32\OpenSSH\;C:\Program Files\Java\jdk-17\bin;C:\Program Files\Java\jdk-20\bin;C:\Program Files\MySQL\MySQL Shell 8.0\bin\;C:\Users\DELL\AppData\Local\Microsoft\WindowsApps;C:\Program Files\Java\jdk-20\bin;;C:\Program Files\JetBrains\IntelliJ IDEA Community Edition 2023.1\bin;
USERNAME=Raju Raj
OS=Windows_NT
PROCESSOR_IDENTIFIER=Intel64 Family 6 Model 142 Stepping 9, GenuineIntel
TMP=C:\Users\DELL\AppData\Local\Temp
TEMP=C:\Users\DELL\AppData\Local\Temp




---------------  S Y S T E M  ---------------

OS:
 Windows 10 , 64 bit Build 19041 (10.0.19041.2788)
OS uptime: 2 days 10:46 hours

CPU: total 4 (initial active 4) (2 cores per cpu, 2 threads per core) family 6 model 142 stepping 9 microcode 0xb4, cx8, cmov, fxsr, ht, mmx, 3dnowpref, sse, sse2, sse3, ssse3, sse4.1, sse4.2, popcnt, lzcnt, tsc, tscinvbit, avx, avx2, aes, erms, clmul, bmi1, bmi2, adx, fma, vzeroupper, clflush, clflushopt, rdtscp, f16c

Memory: 4k page, system-wide physical 3962M (421M free)
TotalPageFile size 16250M (AvailPageFile size 835M)
current process WorkingSet (physical memory assigned to process): 65M, peak: 69M
current process commit charge ("private bytes"): 143M, peak: 148M

vm_info: Java HotSpot(TM) 64-Bit Server VM (20+36-2344) for windows-amd64 JRE (20+36-2344), built on 2023-02-10T19:30:15Z by "mach5one" with MS VC++ 17.1 (VS2022)

END.
