#
# There is insufficient memory for the Java Runtime Environment to continue.
# Native memory allocation (malloc) failed to allocate 32744 bytes for Chunk::new
# Possible reasons:
#   The system is out of physical RAM or swap space
#   The process is running with CompressedOops enabled, and the Java Heap may be blocking the growth of the native heap
# Possible solutions:
#   Reduce memory load on the system
#   Increase physical memory or swap space
#   Check if swap backing store is full
#   Decrease Java heap size (-Xmx/-Xms)
#   Decrease number of Java threads
#   Decrease Java thread stack sizes (-Xss)
#   Set larger code cache with -XX:ReservedCodeCacheSize=
#   JVM is running with Unscaled Compressed Oops mode in which the Java heap is
#     placed in the first 4GB address space. The Java Heap base address is the
#     maximum limit for the native heap growth. Please use -XX:HeapBaseMinAddress
#     to set the Java Heap base and to place the Java Heap above 4GB virtual address.
# This output file may be truncated or incomplete.
#
#  Out of Memory Error (arena.cpp:184), pid=18304, tid=8240
#
# JRE version: Java(TM) SE Runtime Environment (20.0+36) (build 20+36-2344)
# Java VM: Java HotSpot(TM) 64-Bit Server VM (20+36-2344, mixed mode, sharing, tiered, compressed oops, compressed class ptrs, g1 gc, windows-amd64)
# No core dump will be written. Minidumps are not enabled by default on client versions of Windows
#

---------------  S U M M A R Y ------------

Command Line: -Dfile.encoding=UTF-8 --module-path=C:\Users\DELL\Documents\NetBeansProjects\Quiz Application\build\classes quiz.application.Quiz

Host: Intel(R) Core(TM) i3-7020U CPU @ 2.30GHz, 4 cores, 3G,  Windows 10 , 64 bit Build 19041 (10.0.19041.2788)
Time: Tue Apr 18 13:27:27 2023 India Standard Time elapsed time: 253.098885 seconds (0d 0h 4m 13s)

---------------  T H R E A D  ---------------

Current thread (0x000001f378d3a540):  JavaThread "C1 CompilerThread0" daemon [_thread_in_native, id=8240, stack(0x0000006996f00000,0x0000006997000000)]


Current CompileTask:
C1: 253099 1114       3       jdk.internal.org.objectweb.asm.MethodWriter::
[error occurred during error reporting (printing current compile task), id 0xe0000001, Out of Memory Error (s\open\src\hotspot\share\memory\arena.cpp:184)]
Stack: [0x0000006996f00000,0x0000006997000000]
Native frames: (J=compiled Java code, j=interpreted, Vv=VM code, C=native code)
V  [jvm.dll+0x6bb95a]
V  [jvm.dll+0x8483aa]
V  [jvm.dll+0x849fa5]
V  [jvm.dll+0x84a6a3]
V  [jvm.dll+0x280b0f]
V  [jvm.dll+0xc2b11]
V  [jvm.dll+0xc2e35]
V  [jvm.dll+0x7b61dd]
V  [jvm.dll+0x66f6e5]
V  [jvm.dll+0x25e3a6]
V  [jvm.dll+0x848246]
V  [jvm.dll+0x849fa5]
V  [jvm.dll+0x84a6a3]
V  [jvm.dll+0x280b0f]
V  [jvm.dll+0xc2b11]
V  [jvm.dll+0xc2e35]
V  [jvm.dll+0x1413fe]
V  [jvm.dll+0x1407b7]
V  [jvm.dll+0x19e30b]
V  [jvm.dll+0x19e8e6]
V  [jvm.dll+0x158863]
V  [jvm.dll+0x158152]
V  [jvm.dll+0x158384]
V  [jvm.dll+0x1577c6]
V  [jvm.dll+0x1594fd]
V  [jvm.dll+0x259e1b]
V  [jvm.dll+0x2584f0]
V  [jvm.dll+0x3f2895]
V  [jvm.dll+0x7f4906]
V  [jvm.dll+0x6ba5cb]
C  [ucrtbase.dll+0x21bb2]
C  [KERNEL32.DLL+0x17604]
C  [ntdll.dll+0x526a1]


---------------  P R O C E S S  ---------------

Threads class SMR info:
_java_thread_list=0x000001f37dbe7600, length=15, elements={
0x000001f378d161b0, 0x000001f378d1f070, 0x000001f378d21ff0, 0x000001f378d22a30,
0x000001f378d24520, 0x000001f378d27980, 0x000001f378d2d030, 0x000001f378d3a540,
0x000001f378d27ed0, 0x000001f378d26990, 0x000001f378d26440, 0x000001f378d28420,
0x000001f378d259a0, 0x000001f378d27430, 0x000001f378d25450
}

Java Threads: ( => current thread )
  0x000001f378d161b0 JavaThread "Reference Handler" daemon [_thread_blocked, id=2388, stack(0x0000006996800000,0x0000006996900000)]
  0x000001f378d1f070 JavaThread "Finalizer" daemon [_thread_blocked, id=12456, stack(0x0000006996900000,0x0000006996a00000)]
  0x000001f378d21ff0 JavaThread "Signal Dispatcher" daemon [_thread_blocked, id=8372, stack(0x0000006996a00000,0x0000006996b00000)]
  0x000001f378d22a30 JavaThread "Attach Listener" daemon [_thread_blocked, id=16232, stack(0x0000006996b00000,0x0000006996c00000)]
  0x000001f378d24520 JavaThread "Service Thread" daemon [_thread_blocked, id=8140, stack(0x0000006996c00000,0x0000006996d00000)]
  0x000001f378d27980 JavaThread "Monitor Deflation Thread" daemon [_thread_blocked, id=18144, stack(0x0000006996d00000,0x0000006996e00000)]
  0x000001f378d2d030 JavaThread "C2 CompilerThread0" daemon [_thread_blocked, id=12140, stack(0x0000006996e00000,0x0000006996f00000)]
=>0x000001f378d3a540 JavaThread "C1 CompilerThread0" daemon [_thread_in_native, id=8240, stack(0x0000006996f00000,0x0000006997000000)]
  0x000001f378d27ed0 JavaThread "Common-Cleaner" daemon [_thread_blocked, id=16016, stack(0x0000006997000000,0x0000006997100000)]
  0x000001f378d26990 JavaThread "Notification Thread" daemon [_thread_blocked, id=1148, stack(0x0000006997100000,0x0000006997200000)]
  0x000001f378d26440 JavaThread "Java2D Disposer" daemon [_thread_blocked, id=14560, stack(0x0000006997300000,0x0000006997400000)]
  0x000001f378d28420 JavaThread "AWT-Shutdown" [_thread_blocked, id=16820, stack(0x0000006997400000,0x0000006997500000)]
  0x000001f378d259a0 JavaThread "AWT-Windows" daemon [_thread_in_vm, id=5156, stack(0x0000006997500000,0x0000006997600000)]
  0x000001f378d27430 JavaThread "AWT-EventQueue-0" [_thread_blocked, id=13652, stack(0x0000006997700000,0x0000006997800000)]
  0x000001f378d25450 JavaThread "DestroyJavaVM" [_thread_blocked, id=18004, stack(0x0000006996100000,0x0000006996200000)]

Other Threads:
  0x000001f35e36d9e0 VMThread "VM Thread" [stack: 0x0000006996700000,0x0000006996800000] [id=14720]
  0x000001f37d085b60 WatcherThread "VM Periodic Task Thread" [stack: 0x0000006997200000,0x0000006997300000] [id=9128]
  0x000001f35e2e9ca0 WorkerThread "GC Thread#0" [stack: 0x0000006996200000,0x0000006996300000] [id=9284]
  0x000001f35e2f3870 ConcurrentGCThread "G1 Main Marker" [stack: 0x0000006996300000,0x0000006996400000] [id=9140]
  0x000001f35e2f4950 WorkerThread "G1 Conc#0" [stack: 0x0000006996400000,0x0000006996500000] [id=8396]
  0x000001f35e347310 ConcurrentGCThread "G1 Refine#0" [stack: 0x0000006996500000,0x0000006996600000] [id=3036]
  0x000001f35e347cc0 ConcurrentGCThread "G1 Service" [stack: 0x0000006996600000,0x0000006996700000] [id=11280]

Threads with active compile tasks:
C1 CompilerThread0   253272 1114       3       jdk.internal.org.objectweb.asm.MethodWriter::<init> (232 bytes)

VM state: not at safepoint (normal execution)

VM Mutex/Monitor currently owned by a thread: None

Heap address: 0x00000000c2000000, size: 992 MB, Compressed Oops mode: 32-bit

CDS archive(s) mapped at: [0x0000000800000000-0x0000000800c60000-0x0000000800c60000), size 12976128, SharedBaseAddress: 0x0000000800000000, ArchiveRelocationMode: 0.
Compressed class space mapped at: 0x0000000801000000-0x0000000841000000, reserved size: 1073741824
Narrow klass base: 0x0000000800000000, Narrow klass shift: 0, Narrow klass range: 0x100000000

GC Precious Log:
 CardTable entry size: 512
 Card Set container configuration: InlinePtr #cards 5 size 8 Array Of Cards #cards 12 size 40 Howl #buckets 4 coarsen threshold 1843 Howl Bitmap #cards 512 size 80 coarsen threshold 460 Card regions per heap region 1 cards per card region 2048
 CPUs: 4 total, 4 available
 Memory: 3962M
 Large Page Support: Disabled
 NUMA Support: Disabled
 Compressed Oops: Enabled (32-bit)
 Heap Region Size: 1M
 Heap Min Capacity: 8M
 Heap Initial Capacity: 62M
 Heap Max Capacity: 992M
 Pre-touch: Disabled
 Parallel Workers: 4
 Concurrent Workers: 1
 Concurrent Refinement Workers: 4
 Periodic GC: Disabled

Heap:
 garbage-first heap   total 63488K, used 16384K [0x00000000c2000000, 0x0000000100000000)
  region size 1024K, 11 young (11264K), 0 survivors (0K)
 Metaspace       used 7401K, committed 7616K, reserved 1114112K
  class space    used 784K, committed 896K, reserved 1048576K

Heap Regions: E=young(eden), S=young(survivor), O=old, HS=humongous(starts), HC=humongous(continues), CS=collection set, F=free, OA=open archive, CA=closed archive, TAMS=top-at-mark-start, PB=parsable bottom
|   0|0x00000000c2000000, 0x00000000c2100000, 0x00000000c2100000|100%|HS|  |TAMS 0x00000000c2000000| PB 0x00000000c2000000| Complete 
|   1|0x00000000c2100000, 0x00000000c2200000, 0x00000000c2200000|100%|HC|  |TAMS 0x00000000c2100000| PB 0x00000000c2100000| Complete 
|   2|0x00000000c2200000, 0x00000000c2300000, 0x00000000c2300000|100%|HC|  |TAMS 0x00000000c2200000| PB 0x00000000c2200000| Complete 
|   3|0x00000000c2300000, 0x00000000c2400000, 0x00000000c2400000|100%|HS|  |TAMS 0x00000000c2300000| PB 0x00000000c2300000| Complete 
|   4|0x00000000c2400000, 0x00000000c2500000, 0x00000000c2500000|100%|HC|  |TAMS 0x00000000c2400000| PB 0x00000000c2400000| Complete 
|   5|0x00000000c2500000, 0x00000000c2600000, 0x00000000c2600000|100%|HC|  |TAMS 0x00000000c2500000| PB 0x00000000c2500000| Complete 
|   6|0x00000000c2600000, 0x00000000c2600000, 0x00000000c2700000|  0%| F|  |TAMS 0x00000000c2600000| PB 0x00000000c2600000| Untracked 
|   7|0x00000000c2700000, 0x00000000c2700000, 0x00000000c2800000|  0%| F|  |TAMS 0x00000000c2700000| PB 0x00000000c2700000| Untracked 
|   8|0x00000000c2800000, 0x00000000c2800000, 0x00000000c2900000|  0%| F|  |TAMS 0x00000000c2800000| PB 0x00000000c2800000| Untracked 
|   9|0x00000000c2900000, 0x00000000c2900000, 0x00000000c2a00000|  0%| F|  |TAMS 0x00000000c2900000| PB 0x00000000c2900000| Untracked 
|  10|0x00000000c2a00000, 0x00000000c2a00000, 0x00000000c2b00000|  0%| F|  |TAMS 0x00000000c2a00000| PB 0x00000000c2a00000| Untracked 
|  11|0x00000000c2b00000, 0x00000000c2b00000, 0x00000000c2c00000|  0%| F|  |TAMS 0x00000000c2b00000| PB 0x00000000c2b00000| Untracked 
|  12|0x00000000c2c00000, 0x00000000c2c00000, 0x00000000c2d00000|  0%| F|  |TAMS 0x00000000c2c00000| PB 0x00000000c2c00000| Untracked 
|  13|0x00000000c2d00000, 0x00000000c2d00000, 0x00000000c2e00000|  0%| F|  |TAMS 0x00000000c2d00000| PB 0x00000000c2d00000| Untracked 
|  14|0x00000000c2e00000, 0x00000000c2e00000, 0x00000000c2f00000|  0%| F|  |TAMS 0x00000000c2e00000| PB 0x00000000c2e00000| Untracked 
|  15|0x00000000c2f00000, 0x00000000c2f00000, 0x00000000c3000000|  0%| F|  |TAMS 0x00000000c2f00000| PB 0x00000000c2f00000| Untracked 
|  16|0x00000000c3000000, 0x00000000c3000000, 0x00000000c3100000|  0%| F|  |TAMS 0x00000000c3000000| PB 0x00000000c3000000| Untracked 
|  17|0x00000000c3100000, 0x00000000c3100000, 0x00000000c3200000|  0%| F|  |TAMS 0x00000000c3100000| PB 0x00000000c3100000| Untracked 
|  18|0x00000000c3200000, 0x00000000c3200000, 0x00000000c3300000|  0%| F|  |TAMS 0x00000000c3200000| PB 0x00000000c3200000| Untracked 
|  19|0x00000000c3300000, 0x00000000c3300000, 0x00000000c3400000|  0%| F|  |TAMS 0x00000000c3300000| PB 0x00000000c3300000| Untracked 
|  20|0x00000000c3400000, 0x00000000c3400000, 0x00000000c3500000|  0%| F|  |TAMS 0x00000000c3400000| PB 0x00000000c3400000| Untracked 
|  21|0x00000000c3500000, 0x00000000c3500000, 0x00000000c3600000|  0%| F|  |TAMS 0x00000000c3500000| PB 0x00000000c3500000| Untracked 
|  22|0x00000000c3600000, 0x00000000c3600000, 0x00000000c3700000|  0%| F|  |TAMS 0x00000000c3600000| PB 0x00000000c3600000| Untracked 
|  23|0x00000000c3700000, 0x00000000c3700000, 0x00000000c3800000|  0%| F|  |TAMS 0x00000000c3700000| PB 0x00000000c3700000| Untracked 
|  24|0x00000000c3800000, 0x00000000c3800000, 0x00000000c3900000|  0%| F|  |TAMS 0x00000000c3800000| PB 0x00000000c3800000| Untracked 
|  25|0x00000000c3900000, 0x00000000c3900000, 0x00000000c3a00000|  0%| F|  |TAMS 0x00000000c3900000| PB 0x00000000c3900000| Untracked 
|  26|0x00000000c3a00000, 0x00000000c3a00000, 0x00000000c3b00000|  0%| F|  |TAMS 0x00000000c3a00000| PB 0x00000000c3a00000| Untracked 
|  27|0x00000000c3b00000, 0x00000000c3b00000, 0x00000000c3c00000|  0%| F|  |TAMS 0x00000000c3b00000| PB 0x00000000c3b00000| Untracked 
|  28|0x00000000c3c00000, 0x00000000c3c00000, 0x00000000c3d00000|  0%| F|  |TAMS 0x00000000c3c00000| PB 0x00000000c3c00000| Untracked 
|  29|0x00000000c3d00000, 0x00000000c3d00000, 0x00000000c3e00000|  0%| F|  |TAMS 0x00000000c3d00000| PB 0x00000000c3d00000| Untracked 
|  30|0x00000000c3e00000, 0x00000000c3e00000, 0x00000000c3f00000|  0%| F|  |TAMS 0x00000000c3e00000| PB 0x00000000c3e00000| Untracked 
|  31|0x00000000c3f00000, 0x00000000c3f00000, 0x00000000c4000000|  0%| F|  |TAMS 0x00000000c3f00000| PB 0x00000000c3f00000| Untracked 
|  32|0x00000000c4000000, 0x00000000c4000000, 0x00000000c4100000|  0%| F|  |TAMS 0x00000000c4000000| PB 0x00000000c4000000| Untracked 
|  33|0x00000000c4100000, 0x00000000c4100000, 0x00000000c4200000|  0%| F|  |TAMS 0x00000000c4100000| PB 0x00000000c4100000| Untracked 
|  34|0x00000000c4200000, 0x00000000c4200000, 0x00000000c4300000|  0%| F|  |TAMS 0x00000000c4200000| PB 0x00000000c4200000| Untracked 
|  35|0x00000000c4300000, 0x00000000c4300000, 0x00000000c4400000|  0%| F|  |TAMS 0x00000000c4300000| PB 0x00000000c4300000| Untracked 
|  36|0x00000000c4400000, 0x00000000c4400000, 0x00000000c4500000|  0%| F|  |TAMS 0x00000000c4400000| PB 0x00000000c4400000| Untracked 
|  37|0x00000000c4500000, 0x00000000c4500000, 0x00000000c4600000|  0%| F|  |TAMS 0x00000000c4500000| PB 0x00000000c4500000| Untracked 
|  38|0x00000000c4600000, 0x00000000c4600000, 0x00000000c4700000|  0%| F|  |TAMS 0x00000000c4600000| PB 0x00000000c4600000| Untracked 
|  39|0x00000000c4700000, 0x00000000c4700000, 0x00000000c4800000|  0%| F|  |TAMS 0x00000000c4700000| PB 0x00000000c4700000| Untracked 
|  40|0x00000000c4800000, 0x00000000c4800000, 0x00000000c4900000|  0%| F|  |TAMS 0x00000000c4800000| PB 0x00000000c4800000| Untracked 
|  41|0x00000000c4900000, 0x00000000c4900000, 0x00000000c4a00000|  0%| F|  |TAMS 0x00000000c4900000| PB 0x00000000c4900000| Untracked 
|  42|0x00000000c4a00000, 0x00000000c4a00000, 0x00000000c4b00000|  0%| F|  |TAMS 0x00000000c4a00000| PB 0x00000000c4a00000| Untracked 
|  43|0x00000000c4b00000, 0x00000000c4b00000, 0x00000000c4c00000|  0%| F|  |TAMS 0x00000000c4b00000| PB 0x00000000c4b00000| Untracked 
|  44|0x00000000c4c00000, 0x00000000c4c00000, 0x00000000c4d00000|  0%| F|  |TAMS 0x00000000c4c00000| PB 0x00000000c4c00000| Untracked 
|  45|0x00000000c4d00000, 0x00000000c4d00000, 0x00000000c4e00000|  0%| F|  |TAMS 0x00000000c4d00000| PB 0x00000000c4d00000| Untracked 
|  46|0x00000000c4e00000, 0x00000000c4e00000, 0x00000000c4f00000|  0%| F|  |TAMS 0x00000000c4e00000| PB 0x00000000c4e00000| Untracked 
|  47|0x00000000c4f00000, 0x00000000c4f00000, 0x00000000c5000000|  0%| F|  |TAMS 0x00000000c4f00000| PB 0x00000000c4f00000| Untracked 
|  48|0x00000000c5000000, 0x00000000c5000000, 0x00000000c5100000|  0%| F|  |TAMS 0x00000000c5000000| PB 0x00000000c5000000| Untracked 
|  49|0x00000000c5100000, 0x00000000c5100000, 0x00000000c5200000|  0%| F|  |TAMS 0x00000000c5100000| PB 0x00000000c5100000| Untracked 
|  50|0x00000000c5200000, 0x00000000c5200000, 0x00000000c5300000|  0%| F|  |TAMS 0x00000000c5200000| PB 0x00000000c5200000| Untracked 
|  51|0x00000000c5300000, 0x00000000c5400000, 0x00000000c5400000|100%| E|  |TAMS 0x00000000c5300000| PB 0x00000000c5300000| Complete 
|  52|0x00000000c5400000, 0x00000000c5500000, 0x00000000c5500000|100%| E|CS|TAMS 0x00000000c5400000| PB 0x00000000c5400000| Complete 
|  53|0x00000000c5500000, 0x00000000c5600000, 0x00000000c5600000|100%| E|CS|TAMS 0x00000000c5500000| PB 0x00000000c5500000| Complete 
|  54|0x00000000c5600000, 0x00000000c5700000, 0x00000000c5700000|100%| E|CS|TAMS 0x00000000c5600000| PB 0x00000000c5600000| Complete 
|  55|0x00000000c5700000, 0x00000000c5800000, 0x00000000c5800000|100%| E|CS|TAMS 0x00000000c5700000| PB 0x00000000c5700000| Complete 
|  56|0x00000000c5800000, 0x00000000c5900000, 0x00000000c5900000|100%| E|CS|TAMS 0x00000000c5800000| PB 0x00000000c5800000| Complete 
|  57|0x00000000c5900000, 0x00000000c5a00000, 0x00000000c5a00000|100%| E|CS|TAMS 0x00000000c5900000| PB 0x00000000c5900000| Complete 
|  58|0x00000000c5a00000, 0x00000000c5b00000, 0x00000000c5b00000|100%| E|CS|TAMS 0x00000000c5a00000| PB 0x00000000c5a00000| Complete 
|  59|0x00000000c5b00000, 0x00000000c5c00000, 0x00000000c5c00000|100%| E|CS|TAMS 0x00000000c5b00000| PB 0x00000000c5b00000| Complete 
|  60|0x00000000c5c00000, 0x00000000c5d00000, 0x00000000c5d00000|100%| E|CS|TAMS 0x00000000c5c00000| PB 0x00000000c5c00000| Complete 
|  61|0x00000000c5d00000, 0x00000000c5e00000, 0x00000000c5e00000|100%| E|CS|TAMS 0x00000000c5d00000| PB 0x00000000c5d00000| Complete 

Card table byte_map: [0x000001f375560000,0x000001f375750000] _byte_map_base: 0x000001f374f50000

Marking Bits: (CMBitMap*) 0x000001f35e2eb1f0
 Bits: [0x000001f375940000, 0x000001f3768c0000)

Polling page: 0x000001f35da80000

Metaspace:

Usage:
  Non-class:      6.46 MB used.
      Class:    784.52 KB used.
       Both:      7.23 MB used.

Virtual space:
  Non-class space:       64.00 MB reserved,       6.56 MB ( 10%) committed,  1 nodes.
      Class space:        1.00 GB reserved,     896.00 KB ( <1%) committed,  1 nodes.
             Both:        1.06 GB reserved,       7.44 MB ( <1%) committed. 

Chunk freelists:
   Non-Class:  1.00 MB
       Class:  3.11 MB
        Both:  4.11 MB

MaxMetaspaceSize: unlimited
CompressedClassSpaceSize: 1.00 GB
Initial GC threshold: 21.00 MB
Current GC threshold: 21.00 MB
CDS: on
MetaspaceReclaimPolicy: balanced
 - commit_granule_bytes: 65536.
 - commit_granule_words: 8192.
 - virtual_space_node_default_size: 8388608.
 - enlarge_chunks_in_place: 1.
 - new_chunks_are_fully_committed: 0.
 - uncommit_free_chunks: 1.
 - use_allocation_guard: 0.


Internal statistics:

num_allocs_failed_limit: 0.
num_arena_births: 152.
num_arena_deaths: 0.
num_vsnodes_births: 2.
num_vsnodes_deaths: 0.
num_space_committed: 119.
num_space_uncommitted: 0.
num_chunks_returned_to_freelist: 0.
num_chunks_taken_from_freelist: 193.
num_chunk_merges: 0.
num_chunk_splits: 111.
num_chunks_enlarged: 42.
num_inconsistent_stats: 0.

CodeHeap 'non-profiled nmethods': size=120000Kb used=305Kb max_used=305Kb free=119694Kb
 bounds [0x000001f36de40000, 0x000001f36e0b0000, 0x000001f375370000]
CodeHeap 'profiled nmethods': size=120000Kb used=1921Kb max_used=1921Kb free=118078Kb
 bounds [0x000001f366370000, 0x000001f3665e0000, 0x000001f36d8a0000]
CodeHeap 'non-nmethods': size=5760Kb used=1591Kb max_used=1606Kb free=4168Kb
 bounds [0x000001f36d8a0000, 0x000001f36db10000, 0x000001f36de40000]
 total_blobs=1715 nmethods=1112 adapters=514
 compilation: enabled
              stopped_count=0, restarted_count=0
 full_count=0

Compilation events (20 events):
Event: 8.664 Thread 0x000001f378d3a540 nmethod 1104 0x000001f366541810 code [0x000001f366541d20, 0x000001f366544fb8]
Event: 8.664 Thread 0x000001f378d3a540 1105   !   3       java.awt.KeyboardFocusManager::processCurrentLightweightRequests (345 bytes)
Event: 8.670 Thread 0x000001f378d3a540 nmethod 1105 0x000001f366545f10 code [0x000001f3665463e0, 0x000001f366548f98]
Event: 8.670 Thread 0x000001f378d3a540 1106       3       java.awt.Window::eventEnabled (138 bytes)
Event: 8.671 Thread 0x000001f378d3a540 nmethod 1106 0x000001f36654a290 code [0x000001f36654a460, 0x000001f36654a9b0]
Event: 9.128 Thread 0x000001f378d3a540 1107       3       java.awt.Toolkit$SelectiveAWTEventListener::eventDispatched (745 bytes)
Event: 9.134 Thread 0x000001f378d3a540 nmethod 1107 0x000001f36654aa90 code [0x000001f36654ace0, 0x000001f36654c238]
Event: 9.289 Thread 0x000001f378d3a540 1108   !   3       sun.awt.AWTAutoShutdown::notifyThreadFree (74 bytes)
Event: 9.290 Thread 0x000001f378d3a540 nmethod 1108 0x000001f36654c690 code [0x000001f36654c860, 0x000001f36654cd68]
Event: 9.290 Thread 0x000001f378d3a540 1109   !   3       java.util.concurrent.locks.AbstractQueuedSynchronizer$ConditionObject::await (185 bytes)
Event: 9.293 Thread 0x000001f378d3a540 nmethod 1109 0x000001f36654d010 code [0x000001f36654d360, 0x000001f36654e830]
Event: 9.333 Thread 0x000001f378d2d030 1110       4       java.util.ArrayList::get (15 bytes)
Event: 9.335 Thread 0x000001f378d2d030 nmethod 1110 0x000001f36de8c110 code [0x000001f36de8c280, 0x000001f36de8c380]
Event: 9.339 Thread 0x000001f378d3a540 1111       3       java.util.concurrent.locks.AbstractQueuedSynchronizer$ConditionObject::doSignal (54 bytes)
Event: 9.340 Thread 0x000001f378d3a540 nmethod 1111 0x000001f36654f090 code [0x000001f36654f240, 0x000001f36654f5f8]
Event: 10.269 Thread 0x000001f378d3a540 1112  s    3       java.util.Hashtable::get (69 bytes)
Event: 10.270 Thread 0x000001f378d3a540 nmethod 1112 0x000001f36654f790 code [0x000001f36654f960, 0x000001f36654feb8]
Event: 253.089 Thread 0x000001f378d3a540 1113       3       jdk.internal.org.objectweb.asm.ClassWriter::visitMethod (57 bytes)
Event: 253.090 Thread 0x000001f378d3a540 nmethod 1113 0x000001f366550090 code [0x000001f366550240, 0x000001f3665505a0]
Event: 253.090 Thread 0x000001f378d3a540 1114       3       jdk.internal.org.objectweb.asm.MethodWriter::<init> (232 bytes)

GC Heap History (0 events):
No events

Dll operation events (10 events):
Event: 0.010 Loaded shared library C:\Program Files\Java\jdk-20\bin\java.dll
Event: 0.022 Loaded shared library C:\Program Files\Java\jdk-20\bin\jsvml.dll
Event: 0.157 Loaded shared library C:\Program Files\Java\jdk-20\bin\net.dll
Event: 0.159 Loaded shared library C:\Program Files\Java\jdk-20\bin\nio.dll
Event: 0.209 Loaded shared library C:\Program Files\Java\jdk-20\bin\jimage.dll
Event: 0.234 Loaded shared library C:\Program Files\Java\jdk-20\bin\awt.dll
Event: 0.657 Loaded shared library C:\Program Files\Java\jdk-20\bin\zip.dll
Event: 0.770 Loaded shared library C:\Program Files\Java\jdk-20\bin\javajpeg.dll
Event: 0.915 Loaded shared library C:\Program Files\Java\jdk-20\bin\freetype.dll
Event: 0.916 Loaded shared library C:\Program Files\Java\jdk-20\bin\fontmanager.dll

Deoptimization events (20 events):
Event: 0.854 Thread 0x000001f35e2a59a0 Uncommon trap: trap_request=0xffffffde fr.pc=0x000001f36de70978 relative=0x00000000000002d8
Event: 0.854 Thread 0x000001f35e2a59a0 Uncommon trap: reason=class_check action=maybe_recompile pc=0x000001f36de70978 method=java.util.HashMap.getNode(Ljava/lang/Object;)Ljava/util/HashMap$Node; @ 128 c2
Event: 0.854 Thread 0x000001f35e2a59a0 DEOPT PACKING pc=0x000001f36de70978 sp=0x00000069961ff160
Event: 0.854 Thread 0x000001f35e2a59a0 DEOPT UNPACKING pc=0x000001f36d909d22 sp=0x00000069961ff0c8 mode 2
Event: 0.878 Thread 0x000001f378d259a0 Uncommon trap: trap_request=0xffffff45 fr.pc=0x000001f36de697ec relative=0x000000000000016c
Event: 0.878 Thread 0x000001f378d259a0 Uncommon trap: reason=unstable_if action=reinterpret pc=0x000001f36de697ec method=java.util.concurrent.locks.ReentrantLock$NonfairSync.initialTryLock()Z @ 10 c2
Event: 0.878 Thread 0x000001f378d259a0 DEOPT PACKING pc=0x000001f36de697ec sp=0x00000069975fda80
Event: 0.878 Thread 0x000001f378d259a0 DEOPT UNPACKING pc=0x000001f36d909d22 sp=0x00000069975fda28 mode 2
Event: 0.879 Thread 0x000001f378d259a0 Uncommon trap: trap_request=0xffffff45 fr.pc=0x000001f36de6a0d4 relative=0x00000000000000d4
Event: 0.879 Thread 0x000001f378d259a0 Uncommon trap: reason=unstable_if action=reinterpret pc=0x000001f36de6a0d4 method=java.util.concurrent.locks.ReentrantLock$Sync.tryRelease(I)Z @ 26 c2
Event: 0.879 Thread 0x000001f378d259a0 DEOPT PACKING pc=0x000001f36de6a0d4 sp=0x00000069975fda80
Event: 0.879 Thread 0x000001f378d259a0 DEOPT UNPACKING pc=0x000001f36d909d22 sp=0x00000069975fda20 mode 2
Event: 0.959 Thread 0x000001f35e2a59a0 Uncommon trap: trap_request=0xffffff45 fr.pc=0x000001f36de6df80 relative=0x0000000000000200
Event: 0.959 Thread 0x000001f35e2a59a0 Uncommon trap: reason=unstable_if action=reinterpret pc=0x000001f36de6df80 method=java.lang.StringUTF16.compress([CI[BII)I @ 20 c2
Event: 0.959 Thread 0x000001f35e2a59a0 DEOPT PACKING pc=0x000001f36de6df80 sp=0x00000069961fdf40
Event: 0.959 Thread 0x000001f35e2a59a0 DEOPT UNPACKING pc=0x000001f36d909d22 sp=0x00000069961fdeb0 mode 2
Event: 1.034 Thread 0x000001f378d259a0 Uncommon trap: trap_request=0xffffff45 fr.pc=0x000001f36de6a3c8 relative=0x0000000000000048
Event: 1.034 Thread 0x000001f378d259a0 Uncommon trap: reason=unstable_if action=reinterpret pc=0x000001f36de6a3c8 method=java.util.concurrent.locks.AbstractQueuedSynchronizer.signalNext(Ljava/util/concurrent/locks/AbstractQueuedSynchronizer$Node;)V @ 1 c2
Event: 1.034 Thread 0x000001f378d259a0 DEOPT PACKING pc=0x000001f36de6a3c8 sp=0x00000069975fcf50
Event: 1.034 Thread 0x000001f378d259a0 DEOPT UNPACKING pc=0x000001f36d909d22 sp=0x00000069975fcee0 mode 2

Classes loaded (20 events):
Event: 1.166 Loading class java/awt/Container$EventTargetFilter done
Event: 1.166 Loading class java/awt/Container$MouseEventTargetFilter done
Event: 1.166 Loading class java/awt/LightweightDispatcher$1
Event: 1.166 Loading class java/awt/LightweightDispatcher$1 done
Event: 1.166 Loading class java/awt/event/AWTEventListenerProxy
Event: 1.166 Loading class java/awt/event/AWTEventListenerProxy done
Event: 1.166 Loading class java/awt/Toolkit$SelectiveAWTEventListener
Event: 1.166 Loading class java/awt/Toolkit$SelectiveAWTEventListener done
Event: 1.166 Loading class java/awt/Toolkit$ToolkitEventMulticaster
Event: 1.167 Loading class java/awt/Toolkit$ToolkitEventMulticaster done
Event: 1.168 Loading class java/awt/event/MouseWheelEvent
Event: 1.168 Loading class java/awt/event/MouseWheelEvent done
Event: 2.240 Loading class java/awt/LightweightDispatcher$2
Event: 2.240 Loading class java/awt/LightweightDispatcher$2 done
Event: 5.237 Loading class javax/swing/event/ChangeEvent
Event: 5.239 Loading class javax/swing/event/ChangeEvent done
Event: 10.214 Loading class java/awt/KeyboardFocusManager$2
Event: 10.215 Loading class java/awt/KeyboardFocusManager$2 done
Event: 10.215 Loading class sun/awt/SunToolkit$1
Event: 10.216 Loading class sun/awt/SunToolkit$1 done

Classes unloaded (0 events):
No events

Classes redefined (0 events):
No events

Internal exceptions (15 events):
Event: 0.161 Thread 0x000001f35e2a59a0 Exception <a 'sun/nio/fs/WindowsException'{0x00000000c5c3e8d0}> (0x00000000c5c3e8d0) 
thrown [s\open\src\hotspot\share\prims\jni.cpp, line 519]
Event: 0.164 Thread 0x000001f35e2a59a0 Exception <a 'sun/nio/fs/WindowsException'{0x00000000c5c40d30}> (0x00000000c5c40d30) 
thrown [s\open\src\hotspot\share\prims\jni.cpp, line 519]
Event: 0.164 Thread 0x000001f35e2a59a0 Exception <a 'sun/nio/fs/WindowsException'{0x00000000c5c417e0}> (0x00000000c5c417e0) 
thrown [s\open\src\hotspot\share\prims\jni.cpp, line 519]
Event: 0.219 Thread 0x000001f35e2a59a0 Exception <a 'java/lang/ClassNotFoundException'{0x00000000c5b23a10}: sun/awt/resources/spi/awtProvider> (0x00000000c5b23a10) 
thrown [s\open\src\hotspot\share\classfile\systemDictionary.cpp, line 305]
Event: 0.256 Thread 0x000001f35e2a59a0 Exception <a 'java/io/FileNotFoundException'{0x00000000c5b7a4a0}> (0x00000000c5b7a4a0) 
thrown [s\open\src\hotspot\share\prims\jni.cpp, line 519]
Event: 0.269 Thread 0x000001f35e2a59a0 Exception <a 'java/io/FileNotFoundException'{0x00000000c5ba46c0}> (0x00000000c5ba46c0) 
thrown [s\open\src\hotspot\share\prims\jni.cpp, line 519]
Event: 0.400 Thread 0x000001f35e2a59a0 Exception <a 'java/lang/NoSuchMethodError'{0x00000000c5abf240}: 'void java.lang.invoke.DirectMethodHandle$Holder.invokeSpecial(java.lang.Object, java.lang.Object, java.lang.Object)'> (0x00000000c5abf240) 
thrown [s\open\src\hotspot\share\interpreter\linkResolver.cpp, line 773]
Event: 0.444 Thread 0x000001f35e2a59a0 Exception <a 'java/lang/NoSuchMethodError'{0x00000000c59216e0}: 'java.lang.Object java.lang.invoke.DirectMethodHandle$Holder.newInvokeSpecial(java.lang.Object, java.lang.Object, java.lang.Object, java.lang.Object, java.lang.Object)'> (0x00000000c59216e0) 
thrown [s\open\src\hotspot\share\interpreter\linkResolver.cpp, line 773]
Event: 0.463 Thread 0x000001f35e2a59a0 Exception <a 'java/lang/NoSuchMethodError'{0x00000000c5952360}: 'java.lang.Object java.lang.invoke.DirectMethodHandle$Holder.invokeStatic(java.lang.Object, int, java.lang.Object)'> (0x00000000c5952360) 
thrown [s\open\src\hotspot\share\interpreter\linkResolver.cpp, line 773]
Event: 0.521 Thread 0x000001f35e2a59a0 Exception <a 'java/lang/ClassNotFoundException'{0x00000000c580dbf0}: com/sun/swing/internal/plaf/metal/resources/spi/metalProvider> (0x00000000c580dbf0) 
thrown [s\open\src\hotspot\share\classfile\systemDictionary.cpp, line 305]
Event: 0.523 Thread 0x000001f35e2a59a0 Exception <a 'java/lang/ClassNotFoundException'{0x00000000c5811ba0}: com/sun/swing/internal/plaf/basic/resources/spi/basicProvider> (0x00000000c5811ba0) 
thrown [s\open\src\hotspot\share\classfile\systemDictionary.cpp, line 305]
Event: 0.584 Thread 0x000001f35e2a59a0 Exception <a 'java/lang/NoSuchMethodError'{0x00000000c5830dc0}: 'int java.lang.invoke.Invokers$Holder.invokeExact_MT(java.lang.Object, java.lang.Object)'> (0x00000000c5830dc0) 
thrown [s\open\src\hotspot\share\interpreter\linkResolver.cpp, line 773]
Event: 0.772 Thread 0x000001f378d26ee0 Exception <a 'java/lang/NoSuchMethodError'{0x00000000c57e1218}: 'java.lang.Object java.lang.invoke.DirectMethodHandle$Holder.newInvokeSpecial(java.lang.Object, java.lang.Object, java.lang.Object, int, int, int, int, int)'> (0x00000000c57e1218) 
thrown [s\open\src\hotspot\share\interpreter\linkResolver.cpp, line 773]
Event: 0.907 Thread 0x000001f35e2a59a0 Exception <a 'java/lang/NoSuchMethodError'{0x00000000c5469370}: 'void java.lang.invoke.DirectMethodHandle$Holder.invokeStaticInit(java.lang.Object)'> (0x00000000c5469370) 
thrown [s\open\src\hotspot\share\interpreter\linkResolver.cpp, line 773]
Event: 1.052 Thread 0x000001f378d259a0 Exception <a 'java/lang/NoSuchMethodError'{0x00000000c5a53228}: 'void java.lang.invoke.DirectMethodHandle$Holder.invokeVirtual(java.lang.Object, java.lang.Object)'> (0x00000000c5a53228) 
thrown [s\open\src\hotspot\share\interpreter\linkResolver.cpp, line 773]

VM Operations (20 events):
Event: 0.844 Executing VM operation: HandshakeAllThreads
Event: 0.844 Executing VM operation: HandshakeAllThreads done
Event: 1.085 Executing VM operation: HandshakeAllThreads
Event: 1.085 Executing VM operation: HandshakeAllThreads done
Event: 1.085 Executing VM operation: Cleanup
Event: 1.085 Executing VM operation: Cleanup done
Event: 2.090 Executing VM operation: Cleanup
Event: 2.090 Executing VM operation: Cleanup done
Event: 3.097 Executing VM operation: Cleanup
Event: 3.097 Executing VM operation: Cleanup done
Event: 6.120 Executing VM operation: Cleanup
Event: 6.120 Executing VM operation: Cleanup done
Event: 7.124 Executing VM operation: Cleanup
Event: 7.124 Executing VM operation: Cleanup done
Event: 9.148 Executing VM operation: Cleanup
Event: 9.149 Executing VM operation: Cleanup done
Event: 10.149 Executing VM operation: Cleanup
Event: 10.150 Executing VM operation: Cleanup done
Event: 12.151 Executing VM operation: Cleanup
Event: 12.151 Executing VM operation: Cleanup done

Events (19 events):
Event: 0.022 Thread 0x000001f35e2a59a0 Thread added: 0x000001f35e2a59a0
Event: 0.043 Thread 0x000001f378d161b0 Thread added: 0x000001f378d161b0
Event: 0.043 Thread 0x000001f378d1f070 Thread added: 0x000001f378d1f070
Event: 0.043 Thread 0x000001f378d21ff0 Thread added: 0x000001f378d21ff0
Event: 0.044 Thread 0x000001f378d22a30 Thread added: 0x000001f378d22a30
Event: 0.044 Thread 0x000001f378d24520 Thread added: 0x000001f378d24520
Event: 0.044 Thread 0x000001f378d27980 Thread added: 0x000001f378d27980
Event: 0.044 Thread 0x000001f378d2d030 Thread added: 0x000001f378d2d030
Event: 0.044 Thread 0x000001f378d3a540 Thread added: 0x000001f378d3a540
Event: 0.129 Thread 0x000001f378d27ed0 Thread added: 0x000001f378d27ed0
Event: 0.188 Thread 0x000001f378d26990 Thread added: 0x000001f378d26990
Event: 0.338 Thread 0x000001f378d26440 Thread added: 0x000001f378d26440
Event: 0.340 Thread 0x000001f378d28420 Thread added: 0x000001f378d28420
Event: 0.343 Thread 0x000001f378d259a0 Thread added: 0x000001f378d259a0
Event: 0.617 Thread 0x000001f378d26ee0 Thread added: 0x000001f378d26ee0
Event: 0.879 Thread 0x000001f378d27430 Thread added: 0x000001f378d27430
Event: 1.056 Thread 0x000001f35e2a59a0 Thread exited: 0x000001f35e2a59a0
Event: 1.056 Thread 0x000001f378d25450 Thread added: 0x000001f378d25450
Event: 5.841 Thread 0x000001f378d26ee0 Thread exited: 0x000001f378d26ee0


Dynamic libraries:
0x00007ff7b7070000 - 0x00007ff7b7080000 	C:\Program Files\Java\jdk-20\bin\java.exe
0x00007ffa86610000 - 0x00007ffa86808000 	C:\WINDOWS\SYSTEM32\ntdll.dll
0x00007ffa848e0000 - 0x00007ffa8499f000 	C:\WINDOWS\System32\KERNEL32.DLL
0x00007ffa84390000 - 0x00007ffa8466a000 	C:\WINDOWS\System32\KERNELBASE.dll
0x00007ffa84150000 - 0x00007ffa84250000 	C:\WINDOWS\System32\ucrtbase.dll
0x00007ffa7f090000 - 0x00007ffa7f0ab000 	C:\Program Files\Java\jdk-20\bin\VCRUNTIME140.dll
0x00007ffa737a0000 - 0x00007ffa737b9000 	C:\Program Files\Java\jdk-20\bin\jli.dll
0x00007ffa859a0000 - 0x00007ffa85a4e000 	C:\WINDOWS\System32\ADVAPI32.dll
0x00007ffa85a50000 - 0x00007ffa85aee000 	C:\WINDOWS\System32\msvcrt.dll
0x00007ffa849a0000 - 0x00007ffa84a3c000 	C:\WINDOWS\System32\sechost.dll
0x00007ffa863c0000 - 0x00007ffa864e6000 	C:\WINDOWS\System32\RPCRT4.dll
0x00007ffa84a40000 - 0x00007ffa84bdd000 	C:\WINDOWS\System32\USER32.dll
0x00007ffa84250000 - 0x00007ffa84272000 	C:\WINDOWS\System32\win32u.dll
0x00007ffa857d0000 - 0x00007ffa857fb000 	C:\WINDOWS\System32\GDI32.dll
0x00007ffa84280000 - 0x00007ffa84390000 	C:\WINDOWS\System32\gdi32full.dll
0x00007ffa734b0000 - 0x00007ffa7374a000 	C:\WINDOWS\WinSxS\amd64_microsoft.windows.common-controls_6595b64144ccf1df_6.0.19041.1110_none_60b5254171f9507e\COMCTL32.dll
0x00007ffa84010000 - 0x00007ffa840ad000 	C:\WINDOWS\System32\msvcp_win.dll
0x00007ffa7e6f0000 - 0x00007ffa7e6fa000 	C:\WINDOWS\SYSTEM32\VERSION.dll
0x00007ffa858c0000 - 0x00007ffa858f0000 	C:\WINDOWS\System32\IMM32.DLL
0x00007ffa7f080000 - 0x00007ffa7f08c000 	C:\Program Files\Java\jdk-20\bin\vcruntime140_1.dll
0x00007ffa5bc30000 - 0x00007ffa5bcbe000 	C:\Program Files\Java\jdk-20\bin\msvcp140.dll
0x00007ffa3aca0000 - 0x00007ffa3b937000 	C:\Program Files\Java\jdk-20\bin\server\jvm.dll
0x00007ffa6ed30000 - 0x00007ffa6ed39000 	C:\WINDOWS\SYSTEM32\WSOCK32.dll
0x00007ffa7e340000 - 0x00007ffa7e367000 	C:\WINDOWS\SYSTEM32\WINMM.dll
0x00007ffa854b0000 - 0x00007ffa8551b000 	C:\WINDOWS\System32\WS2_32.dll
0x00007ffa82570000 - 0x00007ffa82582000 	C:\WINDOWS\SYSTEM32\kernel.appcore.dll
0x00007ffa7e8c0000 - 0x00007ffa7e8ca000 	C:\Program Files\Java\jdk-20\bin\jimage.dll
0x00007ffa81a90000 - 0x00007ffa81c74000 	C:\WINDOWS\SYSTEM32\DBGHELP.DLL
0x00007ffa740b0000 - 0x00007ffa740e4000 	C:\WINDOWS\SYSTEM32\dbgcore.DLL
0x00007ffa83d20000 - 0x00007ffa83da2000 	C:\WINDOWS\System32\bcryptPrimitives.dll
0x00007ffa71fd0000 - 0x00007ffa71ff6000 	C:\Program Files\Java\jdk-20\bin\java.dll
0x00007ffa5bcc0000 - 0x00007ffa5bd97000 	C:\Program Files\Java\jdk-20\bin\jsvml.dll
0x00007ffa85c70000 - 0x00007ffa863b4000 	C:\WINDOWS\System32\SHELL32.dll
0x00007ffa81c80000 - 0x00007ffa82413000 	C:\WINDOWS\SYSTEM32\windows.storage.dll
0x00007ffa85130000 - 0x00007ffa85484000 	C:\WINDOWS\System32\combase.dll
0x00007ffa836a0000 - 0x00007ffa836ce000 	C:\WINDOWS\SYSTEM32\Wldp.dll
0x00007ffa85800000 - 0x00007ffa858ad000 	C:\WINDOWS\System32\SHCORE.dll
0x00007ffa84880000 - 0x00007ffa848d5000 	C:\WINDOWS\System32\shlwapi.dll
0x00007ffa83c60000 - 0x00007ffa83c7f000 	C:\WINDOWS\SYSTEM32\profapi.dll
0x00007ffa7e4d0000 - 0x00007ffa7e4e3000 	C:\Program Files\Java\jdk-20\bin\net.dll
0x00007ffa75560000 - 0x00007ffa7566a000 	C:\WINDOWS\SYSTEM32\WINHTTP.dll
0x00007ffa83400000 - 0x00007ffa8346a000 	C:\WINDOWS\system32\mswsock.dll
0x00007ffa71fb0000 - 0x00007ffa71fc6000 	C:\Program Files\Java\jdk-20\bin\nio.dll
0x00007ffa53100000 - 0x00007ffa53291000 	C:\Program Files\Java\jdk-20\bin\awt.dll
0x00007ffa86500000 - 0x00007ffa865cd000 	C:\WINDOWS\System32\OLEAUT32.dll
0x00007ffa81140000 - 0x00007ffa811d0000 	C:\WINDOWS\SYSTEM32\apphelp.dll
0x00007ffa81500000 - 0x00007ffa8152f000 	C:\WINDOWS\system32\DWMAPI.DLL
0x00007ffa81300000 - 0x00007ffa8139e000 	C:\WINDOWS\system32\uxtheme.dll
0x00007ffa71bc0000 - 0x00007ffa71ce5000 	C:\WINDOWS\system32\opengl32.dll
0x00007ffa72b00000 - 0x00007ffa72b2c000 	C:\WINDOWS\SYSTEM32\GLU32.dll
0x00007ffa85b50000 - 0x00007ffa85c64000 	C:\WINDOWS\System32\MSCTF.dll
0x00007ffa85520000 - 0x00007ffa8564a000 	C:\WINDOWS\System32\ole32.dll
0x00007ffa71f90000 - 0x00007ffa71fa8000 	C:\Program Files\Java\jdk-20\bin\zip.dll
0x00007ffa73770000 - 0x00007ffa7379e000 	C:\Program Files\Java\jdk-20\bin\javajpeg.dll
0x00007ffa57ef0000 - 0x00007ffa57f76000 	C:\Program Files\Java\jdk-20\bin\freetype.dll
0x00007ffa56750000 - 0x00007ffa56816000 	C:\Program Files\Java\jdk-20\bin\fontmanager.dll
0x00007ffa7e030000 - 0x00007ffa7e129000 	C:\WINDOWS\SYSTEM32\textinputframework.dll
0x00007ffa80f10000 - 0x00007ffa81002000 	C:\WINDOWS\System32\CoreMessaging.dll
0x00007ffa80bb0000 - 0x00007ffa80f0e000 	C:\WINDOWS\System32\CoreUIComponents.dll
0x00007ffa82e40000 - 0x00007ffa82e73000 	C:\WINDOWS\SYSTEM32\ntmarta.dll
0x00007ffa80400000 - 0x00007ffa80554000 	C:\WINDOWS\SYSTEM32\wintypes.dll

dbghelp: loaded successfully - version: 4.0.5 - missing functions: none
symbol engine: initialized successfully - sym options: 0x614 - pdb path: .;C:\Program Files\Java\jdk-20\bin;C:\WINDOWS\SYSTEM32;C:\WINDOWS\WinSxS\amd64_microsoft.windows.common-controls_6595b64144ccf1df_6.0.19041.1110_none_60b5254171f9507e;C:\Program Files\Java\jdk-20\bin\server

VM Arguments:
jvm_args: -Dfile.encoding=UTF-8 --module-path=C:\Users\DELL\Documents\NetBeansProjects\Quiz Application\build\classes 
java_command: quiz.application.Quiz
java_class_path (initial): C:\Users\DELL\Documents\NetBeansProjects\Quiz Application\build\classes
Launcher Type: SUN_STANDARD

[Global flags]
     intx CICompilerCount                          = 3                                         {product} {ergonomic}
     uint ConcGCThreads                            = 1                                         {product} {ergonomic}
     uint G1ConcRefinementThreads                  = 4                                         {product} {ergonomic}
   size_t G1HeapRegionSize                         = 1048576                                   {product} {ergonomic}
    uintx GCDrainStackTargetSize                   = 64                                        {product} {ergonomic}
   size_t InitialHeapSize                          = 65011712                                  {product} {ergonomic}
   size_t MarkStackSize                            = 4194304                                   {product} {ergonomic}
   size_t MaxHeapSize                              = 1040187392                                {product} {ergonomic}
   size_t MaxNewSize                               = 623902720                                 {product} {ergonomic}
   size_t MinHeapDeltaBytes                        = 1048576                                   {product} {ergonomic}
   size_t MinHeapSize                              = 8388608                                   {product} {ergonomic}
    uintx NonNMethodCodeHeapSize                   = 5832780                                {pd product} {ergonomic}
    uintx NonProfiledCodeHeapSize                  = 122912730                              {pd product} {ergonomic}
    uintx ProfiledCodeHeapSize                     = 122912730                              {pd product} {ergonomic}
    uintx ReservedCodeCacheSize                    = 251658240                              {pd product} {ergonomic}
     bool SegmentedCodeCache                       = true                                      {product} {ergonomic}
   size_t SoftMaxHeapSize                          = 1040187392                             {manageable} {ergonomic}
     bool UseCompressedClassPointers               = true                           {product lp64_product} {ergonomic}
     bool UseCompressedOops                        = true                           {product lp64_product} {ergonomic}
     bool UseG1GC                                  = true                                      {product} {ergonomic}
     bool UseLargePagesIndividualAllocation        = false                                  {pd product} {ergonomic}

Logging:
Log output configuration:
 #0: stdout all=warning uptime,level,tags foldmultilines=false
 #1: stderr all=off uptime,level,tags foldmultilines=false

Environment Variables:
PATH=C:\Program Files\Common Files\Oracle\Java\javapath;C:\WINDOWS\system32;C:\WINDOWS;C:\WINDOWS\System32\Wbem;C:\WINDOWS\System32\WindowsPowerShell\v1.0\;C:\WINDOWS\System32\OpenSSH\;C:\Program Files\Java\jdk-17\bin;C:\Program Files\Java\jdk-20\bin;C:\Program Files\MySQL\MySQL Shell 8.0\bin\;C:\Users\DELL\AppData\Local\Microsoft\WindowsApps;C:\Program Files\Java\jdk-20\bin;;C:\Program Files\JetBrains\IntelliJ IDEA Community Edition 2023.1\bin;
USERNAME=Raju Raj
OS=Windows_NT
PROCESSOR_IDENTIFIER=Intel64 Family 6 Model 142 Stepping 9, GenuineIntel
TMP=C:\Users\DELL\AppData\Local\Temp
TEMP=C:\Users\DELL\AppData\Local\Temp




---------------  S Y S T E M  ---------------

OS:
 Windows 10 , 64 bit Build 19041 (10.0.19041.2788)
OS uptime: 2 days 10:46 hours

CPU: total 4 (initial active 4) (2 cores per cpu, 2 threads per core) family 6 model 142 stepping 9 microcode 0xb4, cx8, cmov, fxsr, ht, mmx, 3dnowpref, sse, sse2, sse3, ssse3, sse4.1, sse4.2, popcnt, lzcnt, tsc, tscinvbit, avx, avx2, aes, erms, clmul, bmi1, bmi2, adx, fma, vzeroupper, clflush, clflushopt, rdtscp, f16c

Memory: 4k page, system-wide physical 3962M (318M free)
TotalPageFile size 16250M (AvailPageFile size 0M)
current process WorkingSet (physical memory assigned to process): 64M, peak: 69M
current process commit charge ("private bytes"): 144M, peak: 148M

vm_info: Java HotSpot(TM) 64-Bit Server VM (20+36-2344) for windows-amd64 JRE (20+36-2344), built on 2023-02-10T19:30:15Z by "mach5one" with MS VC++ 17.1 (VS2022)

END.
