#
# There is insufficient memory for the Java Runtime Environment to continue.
# Native memory allocation (malloc) failed to allocate 32744 bytes for Chunk::new
# Possible reasons:
#   The system is out of physical RAM or swap space
#   The process is running with CompressedOops enabled, and the Java Heap may be blocking the growth of the native heap
# Possible solutions:
#   Reduce memory load on the system
#   Increase physical memory or swap space
#   Check if swap backing store is full
#   Decrease Java heap size (-Xmx/-Xms)
#   Decrease number of Java threads
#   Decrease Java thread stack sizes (-Xss)
#   Set larger code cache with -XX:ReservedCodeCacheSize=
#   JVM is running with Unscaled Compressed Oops mode in which the Java heap is
#     placed in the first 4GB address space. The Java Heap base address is the
#     maximum limit for the native heap growth. Please use -XX:HeapBaseMinAddress
#     to set the Java Heap base and to place the Java Heap above 4GB virtual address.
# This output file may be truncated or incomplete.
#
#  Out of Memory Error (arena.cpp:184), pid=5640, tid=5672
#
# JRE version: Java(TM) SE Runtime Environment (20.0+36) (build 20+36-2344)
# Java VM: Java HotSpot(TM) 64-Bit Server VM (20+36-2344, mixed mode, sharing, tiered, compressed oops, compressed class ptrs, g1 gc, windows-amd64)
# No core dump will be written. Minidumps are not enabled by default on client versions of Windows
#

---------------  S U M M A R Y ------------

Command Line: -Dfile.encoding=UTF-8 --module-path=C:\Users\DELL\Documents\NetBeansProjects\Quiz Application\build\classes quiz.application.Quiz

Host: Intel(R) Core(TM) i3-7020U CPU @ 2.30GHz, 4 cores, 3G,  Windows 10 , 64 bit Build 19041 (10.0.19041.2788)
Time: Tue Apr 18 13:27:27 2023 India Standard Time elapsed time: 741.759868 seconds (0d 0h 12m 21s)

---------------  T H R E A D  ---------------

Current thread (0x0000025ffe2d9d40):  JavaThread "C1 CompilerThread0" daemon [_thread_in_native, id=5672, stack(0x00000065e4b00000,0x00000065e4c00000)]


Current CompileTask:
C1: 741759 1010       3       jdk.internal.org.objectweb.asm.MethodWriter::<init> (232 bytes)

Stack: [0x00000065e4b00000,0x00000065e4c00000]
Native frames: (J=compiled Java code, j=interpreted, Vv=VM code, C=native code)
V  [jvm.dll+0x6bb95a]
V  [jvm.dll+0x8483aa]
V  [jvm.dll+0x849fa5]
V  [jvm.dll+0x84a6a3]
V  [jvm.dll+0x280b0f]
V  [jvm.dll+0xc2b11]
V  [jvm.dll+0xc2e35]
V  [jvm.dll+0x19a274]
V  [jvm.dll+0x19a4ed]
V  [jvm.dll+0x19a56d]
V  [jvm.dll+0x19cdd4]
V  [jvm.dll+0x19e904]
V  [jvm.dll+0x158863]
V  [jvm.dll+0x158152]
V  [jvm.dll+0x158384]
V  [jvm.dll+0x1577c6]
V  [jvm.dll+0x1594fd]
V  [jvm.dll+0x259e1b]
V  [jvm.dll+0x2584f0]
V  [jvm.dll+0x3f2895]
V  [jvm.dll+0x7f4906]
V  [jvm.dll+0x6ba5cb]
C  [ucrtbase.dll+0x21bb2]
C  [KERNEL32.DLL+0x17604]
C  [ntdll.dll+0x526a1]


---------------  P R O C E S S  ---------------

Threads class SMR info:
_java_thread_list=0x0000025f9bc05ec0, length=15, elements={
0x0000025ffa90ea70, 0x0000025ffe2c2a20, 0x0000025ffe2c6610, 0x0000025ffe2c6f50,
0x0000025ffe2c7890, 0x0000025ffe2d01e0, 0x0000025ffe2d4350, 0x0000025ffe2d9d40,
0x0000025f9b118050, 0x0000025f9b1d80f0, 0x0000025f9b3e8480, 0x0000025f9b3f5cc0,
0x0000025f9b3f8ef0, 0x0000025f9b4d6c80, 0x0000025ffa838b00
}

Java Threads: ( => current thread )
  0x0000025ffa90ea70 JavaThread "Reference Handler" daemon [_thread_blocked, id=17148, stack(0x00000065e4400000,0x00000065e4500000)]
  0x0000025ffe2c2a20 JavaThread "Finalizer" daemon [_thread_blocked, id=1192, stack(0x00000065e4500000,0x00000065e4600000)]
  0x0000025ffe2c6610 JavaThread "Signal Dispatcher" daemon [_thread_blocked, id=9312, stack(0x00000065e4600000,0x00000065e4700000)]
  0x0000025ffe2c6f50 JavaThread "Attach Listener" daemon [_thread_blocked, id=3284, stack(0x00000065e4700000,0x00000065e4800000)]
  0x0000025ffe2c7890 JavaThread "Service Thread" daemon [_thread_blocked, id=5752, stack(0x00000065e4800000,0x00000065e4900000)]
  0x0000025ffe2d01e0 JavaThread "Monitor Deflation Thread" daemon [_thread_blocked, id=18032, stack(0x00000065e4900000,0x00000065e4a00000)]
  0x0000025ffe2d4350 JavaThread "C2 CompilerThread0" daemon [_thread_blocked, id=6372, stack(0x00000065e4a00000,0x00000065e4b00000)]
=>0x0000025ffe2d9d40 JavaThread "C1 CompilerThread0" daemon [_thread_in_native, id=5672, stack(0x00000065e4b00000,0x00000065e4c00000)]
  0x0000025f9b118050 JavaThread "Common-Cleaner" daemon [_thread_blocked, id=12912, stack(0x00000065e4c00000,0x00000065e4d00000)]
  0x0000025f9b1d80f0 JavaThread "Notification Thread" daemon [_thread_blocked, id=11460, stack(0x00000065e4d00000,0x00000065e4e00000)]
  0x0000025f9b3e8480 JavaThread "Java2D Disposer" daemon [_thread_blocked, id=9060, stack(0x00000065e4f00000,0x00000065e5000000)]
  0x0000025f9b3f5cc0 JavaThread "AWT-Shutdown" [_thread_blocked, id=5648, stack(0x00000065e5000000,0x00000065e5100000)]
  0x0000025f9b3f8ef0 JavaThread "AWT-Windows" daemon [_thread_in_native, id=14432, stack(0x00000065e5100000,0x00000065e5200000)]
  0x0000025f9b4d6c80 JavaThread "AWT-EventQueue-0" [_thread_in_native, id=6604, stack(0x00000065e5400000,0x00000065e5500000)]
  0x0000025ffa838b00 JavaThread "DestroyJavaVM" [_thread_blocked, id=6436, stack(0x00000065e3d00000,0x00000065e3e00000)]

Other Threads:
  0x0000025ffa8ff650 VMThread "VM Thread" [stack: 0x00000065e4300000,0x00000065e4400000] [id=10080]
  0x0000025f9b1d9470 WatcherThread "VM Periodic Task Thread" [stack: 0x00000065e4e00000,0x00000065e4f00000] [id=12116]
  0x0000025ffa879af0 WorkerThread "GC Thread#0" [stack: 0x00000065e3e00000,0x00000065e3f00000] [id=11064]
  0x0000025ffa8836c0 ConcurrentGCThread "G1 Main Marker" [stack: 0x00000065e3f00000,0x00000065e4000000] [id=12840]
  0x0000025ffa8847a0 WorkerThread "G1 Conc#0" [stack: 0x00000065e4000000,0x00000065e4100000] [id=15016]
  0x0000025ffa8dcb60 ConcurrentGCThread "G1 Refine#0" [stack: 0x00000065e4100000,0x00000065e4200000] [id=5472]
  0x0000025ffa8df420 ConcurrentGCThread "G1 Service" [stack: 0x00000065e4200000,0x00000065e4300000] [id=11476]

Threads with active compile tasks:
C1 CompilerThread0   741932 1010       3       jdk.internal.org.objectweb.asm.MethodWriter::<init> (232 bytes)

VM state: not at safepoint (normal execution)

VM Mutex/Monitor currently owned by a thread: None

Heap address: 0x00000000c2000000, size: 992 MB, Compressed Oops mode: 32-bit

CDS archive(s) mapped at: [0x0000000800000000-0x0000000800c60000-0x0000000800c60000), size 12976128, SharedBaseAddress: 0x0000000800000000, ArchiveRelocationMode: 0.
Compressed class space mapped at: 0x0000000801000000-0x0000000841000000, reserved size: 1073741824
Narrow klass base: 0x0000000800000000, Narrow klass shift: 0, Narrow klass range: 0x100000000

GC Precious Log:
 CardTable entry size: 512
 Card Set container configuration: InlinePtr #cards 5 size 8 Array Of Cards #cards 12 size 40 Howl #buckets 4 coarsen threshold 1843 Howl Bitmap #cards 512 size 80 coarsen threshold 460 Card regions per heap region 1 cards per card region 2048
 CPUs: 4 total, 4 available
 Memory: 3962M
 Large Page Support: Disabled
 NUMA Support: Disabled
 Compressed Oops: Enabled (32-bit)
 Heap Region Size: 1M
 Heap Min Capacity: 8M
 Heap Initial Capacity: 62M
 Heap Max Capacity: 992M
 Pre-touch: Disabled
 Parallel Workers: 4
 Concurrent Workers: 1
 Concurrent Refinement Workers: 4
 Periodic GC: Disabled

Heap:
 garbage-first heap   total 63488K, used 16384K [0x00000000c2000000, 0x0000000100000000)
  region size 1024K, 11 young (11264K), 0 survivors (0K)
 Metaspace       used 7241K, committed 7424K, reserved 1114112K
  class space    used 785K, committed 896K, reserved 1048576K

Heap Regions: E=young(eden), S=young(survivor), O=old, HS=humongous(starts), HC=humongous(continues), CS=collection set, F=free, OA=open archive, CA=closed archive, TAMS=top-at-mark-start, PB=parsable bottom
|   0|0x00000000c2000000, 0x00000000c2100000, 0x00000000c2100000|100%|HS|  |TAMS 0x00000000c2000000| PB 0x00000000c2000000| Complete 
|   1|0x00000000c2100000, 0x00000000c2200000, 0x00000000c2200000|100%|HC|  |TAMS 0x00000000c2100000| PB 0x00000000c2100000| Complete 
|   2|0x00000000c2200000, 0x00000000c2300000, 0x00000000c2300000|100%|HC|  |TAMS 0x00000000c2200000| PB 0x00000000c2200000| Complete 
|   3|0x00000000c2300000, 0x00000000c2400000, 0x00000000c2400000|100%|HS|  |TAMS 0x00000000c2300000| PB 0x00000000c2300000| Complete 
|   4|0x00000000c2400000, 0x00000000c2500000, 0x00000000c2500000|100%|HC|  |TAMS 0x00000000c2400000| PB 0x00000000c2400000| Complete 
|   5|0x00000000c2500000, 0x00000000c2600000, 0x00000000c2600000|100%|HC|  |TAMS 0x00000000c2500000| PB 0x00000000c2500000| Complete 
|   6|0x00000000c2600000, 0x00000000c2600000, 0x00000000c2700000|  0%| F|  |TAMS 0x00000000c2600000| PB 0x00000000c2600000| Untracked 
|   7|0x00000000c2700000, 0x00000000c2700000, 0x00000000c2800000|  0%| F|  |TAMS 0x00000000c2700000| PB 0x00000000c2700000| Untracked 
|   8|0x00000000c2800000, 0x00000000c2800000, 0x00000000c2900000|  0%| F|  |TAMS 0x00000000c2800000| PB 0x00000000c2800000| Untracked 
|   9|0x00000000c2900000, 0x00000000c2900000, 0x00000000c2a00000|  0%| F|  |TAMS 0x00000000c2900000| PB 0x00000000c2900000| Untracked 
|  10|0x00000000c2a00000, 0x00000000c2a00000, 0x00000000c2b00000|  0%| F|  |TAMS 0x00000000c2a00000| PB 0x00000000c2a00000| Untracked 
|  11|0x00000000c2b00000, 0x00000000c2b00000, 0x00000000c2c00000|  0%| F|  |TAMS 0x00000000c2b00000| PB 0x00000000c2b00000| Untracked 
|  12|0x00000000c2c00000, 0x00000000c2c00000, 0x00000000c2d00000|  0%| F|  |TAMS 0x00000000c2c00000| PB 0x00000000c2c00000| Untracked 
|  13|0x00000000c2d00000, 0x00000000c2d00000, 0x00000000c2e00000|  0%| F|  |TAMS 0x00000000c2d00000| PB 0x00000000c2d00000| Untracked 
|  14|0x00000000c2e00000, 0x00000000c2e00000, 0x00000000c2f00000|  0%| F|  |TAMS 0x00000000c2e00000| PB 0x00000000c2e00000| Untracked 
|  15|0x00000000c2f00000, 0x00000000c2f00000, 0x00000000c3000000|  0%| F|  |TAMS 0x00000000c2f00000| PB 0x00000000c2f00000| Untracked 
|  16|0x00000000c3000000, 0x00000000c3000000, 0x00000000c3100000|  0%| F|  |TAMS 0x00000000c3000000| PB 0x00000000c3000000| Untracked 
|  17|0x00000000c3100000, 0x00000000c3100000, 0x00000000c3200000|  0%| F|  |TAMS 0x00000000c3100000| PB 0x00000000c3100000| Untracked 
|  18|0x00000000c3200000, 0x00000000c3200000, 0x00000000c3300000|  0%| F|  |TAMS 0x00000000c3200000| PB 0x00000000c3200000| Untracked 
|  19|0x00000000c3300000, 0x00000000c3300000, 0x00000000c3400000|  0%| F|  |TAMS 0x00000000c3300000| PB 0x00000000c3300000| Untracked 
|  20|0x00000000c3400000, 0x00000000c3400000, 0x00000000c3500000|  0%| F|  |TAMS 0x00000000c3400000| PB 0x00000000c3400000| Untracked 
|  21|0x00000000c3500000, 0x00000000c3500000, 0x00000000c3600000|  0%| F|  |TAMS 0x00000000c3500000| PB 0x00000000c3500000| Untracked 
|  22|0x00000000c3600000, 0x00000000c3600000, 0x00000000c3700000|  0%| F|  |TAMS 0x00000000c3600000| PB 0x00000000c3600000| Untracked 
|  23|0x00000000c3700000, 0x00000000c3700000, 0x00000000c3800000|  0%| F|  |TAMS 0x00000000c3700000| PB 0x00000000c3700000| Untracked 
|  24|0x00000000c3800000, 0x00000000c3800000, 0x00000000c3900000|  0%| F|  |TAMS 0x00000000c3800000| PB 0x00000000c3800000| Untracked 
|  25|0x00000000c3900000, 0x00000000c3900000, 0x00000000c3a00000|  0%| F|  |TAMS 0x00000000c3900000| PB 0x00000000c3900000| Untracked 
|  26|0x00000000c3a00000, 0x00000000c3a00000, 0x00000000c3b00000|  0%| F|  |TAMS 0x00000000c3a00000| PB 0x00000000c3a00000| Untracked 
|  27|0x00000000c3b00000, 0x00000000c3b00000, 0x00000000c3c00000|  0%| F|  |TAMS 0x00000000c3b00000| PB 0x00000000c3b00000| Untracked 
|  28|0x00000000c3c00000, 0x00000000c3c00000, 0x00000000c3d00000|  0%| F|  |TAMS 0x00000000c3c00000| PB 0x00000000c3c00000| Untracked 
|  29|0x00000000c3d00000, 0x00000000c3d00000, 0x00000000c3e00000|  0%| F|  |TAMS 0x00000000c3d00000| PB 0x00000000c3d00000| Untracked 
|  30|0x00000000c3e00000, 0x00000000c3e00000, 0x00000000c3f00000|  0%| F|  |TAMS 0x00000000c3e00000| PB 0x00000000c3e00000| Untracked 
|  31|0x00000000c3f00000, 0x00000000c3f00000, 0x00000000c4000000|  0%| F|  |TAMS 0x00000000c3f00000| PB 0x00000000c3f00000| Untracked 
|  32|0x00000000c4000000, 0x00000000c4000000, 0x00000000c4100000|  0%| F|  |TAMS 0x00000000c4000000| PB 0x00000000c4000000| Untracked 
|  33|0x00000000c4100000, 0x00000000c4100000, 0x00000000c4200000|  0%| F|  |TAMS 0x00000000c4100000| PB 0x00000000c4100000| Untracked 
|  34|0x00000000c4200000, 0x00000000c4200000, 0x00000000c4300000|  0%| F|  |TAMS 0x00000000c4200000| PB 0x00000000c4200000| Untracked 
|  35|0x00000000c4300000, 0x00000000c4300000, 0x00000000c4400000|  0%| F|  |TAMS 0x00000000c4300000| PB 0x00000000c4300000| Untracked 
|  36|0x00000000c4400000, 0x00000000c4400000, 0x00000000c4500000|  0%| F|  |TAMS 0x00000000c4400000| PB 0x00000000c4400000| Untracked 
|  37|0x00000000c4500000, 0x00000000c4500000, 0x00000000c4600000|  0%| F|  |TAMS 0x00000000c4500000| PB 0x00000000c4500000| Untracked 
|  38|0x00000000c4600000, 0x00000000c4600000, 0x00000000c4700000|  0%| F|  |TAMS 0x00000000c4600000| PB 0x00000000c4600000| Untracked 
|  39|0x00000000c4700000, 0x00000000c4700000, 0x00000000c4800000|  0%| F|  |TAMS 0x00000000c4700000| PB 0x00000000c4700000| Untracked 
|  40|0x00000000c4800000, 0x00000000c4800000, 0x00000000c4900000|  0%| F|  |TAMS 0x00000000c4800000| PB 0x00000000c4800000| Untracked 
|  41|0x00000000c4900000, 0x00000000c4900000, 0x00000000c4a00000|  0%| F|  |TAMS 0x00000000c4900000| PB 0x00000000c4900000| Untracked 
|  42|0x00000000c4a00000, 0x00000000c4a00000, 0x00000000c4b00000|  0%| F|  |TAMS 0x00000000c4a00000| PB 0x00000000c4a00000| Untracked 
|  43|0x00000000c4b00000, 0x00000000c4b00000, 0x00000000c4c00000|  0%| F|  |TAMS 0x00000000c4b00000| PB 0x00000000c4b00000| Untracked 
|  44|0x00000000c4c00000, 0x00000000c4c00000, 0x00000000c4d00000|  0%| F|  |TAMS 0x00000000c4c00000| PB 0x00000000c4c00000| Untracked 
|  45|0x00000000c4d00000, 0x00000000c4d00000, 0x00000000c4e00000|  0%| F|  |TAMS 0x00000000c4d00000| PB 0x00000000c4d00000| Untracked 
|  46|0x00000000c4e00000, 0x00000000c4e00000, 0x00000000c4f00000|  0%| F|  |TAMS 0x00000000c4e00000| PB 0x00000000c4e00000| Untracked 
|  47|0x00000000c4f00000, 0x00000000c4f00000, 0x00000000c5000000|  0%| F|  |TAMS 0x00000000c4f00000| PB 0x00000000c4f00000| Untracked 
|  48|0x00000000c5000000, 0x00000000c5000000, 0x00000000c5100000|  0%| F|  |TAMS 0x00000000c5000000| PB 0x00000000c5000000| Untracked 
|  49|0x00000000c5100000, 0x00000000c5100000, 0x00000000c5200000|  0%| F|  |TAMS 0x00000000c5100000| PB 0x00000000c5100000| Untracked 
|  50|0x00000000c5200000, 0x00000000c5200000, 0x00000000c5300000|  0%| F|  |TAMS 0x00000000c5200000| PB 0x00000000c5200000| Untracked 
|  51|0x00000000c5300000, 0x00000000c53caf40, 0x00000000c5400000| 79%| E|  |TAMS 0x00000000c5300000| PB 0x00000000c5300000| Complete 
|  52|0x00000000c5400000, 0x00000000c5500000, 0x00000000c5500000|100%| E|CS|TAMS 0x00000000c5400000| PB 0x00000000c5400000| Complete 
|  53|0x00000000c5500000, 0x00000000c5600000, 0x00000000c5600000|100%| E|CS|TAMS 0x00000000c5500000| PB 0x00000000c5500000| Complete 
|  54|0x00000000c5600000, 0x00000000c5700000, 0x00000000c5700000|100%| E|CS|TAMS 0x00000000c5600000| PB 0x00000000c5600000| Complete 
|  55|0x00000000c5700000, 0x00000000c5800000, 0x00000000c5800000|100%| E|CS|TAMS 0x00000000c5700000| PB 0x00000000c5700000| Complete 
|  56|0x00000000c5800000, 0x00000000c5900000, 0x00000000c5900000|100%| E|CS|TAMS 0x00000000c5800000| PB 0x00000000c5800000| Complete 
|  57|0x00000000c5900000, 0x00000000c5a00000, 0x00000000c5a00000|100%| E|CS|TAMS 0x00000000c5900000| PB 0x00000000c5900000| Complete 
|  58|0x00000000c5a00000, 0x00000000c5b00000, 0x00000000c5b00000|100%| E|CS|TAMS 0x00000000c5a00000| PB 0x00000000c5a00000| Complete 
|  59|0x00000000c5b00000, 0x00000000c5c00000, 0x00000000c5c00000|100%| E|CS|TAMS 0x00000000c5b00000| PB 0x00000000c5b00000| Complete 
|  60|0x00000000c5c00000, 0x00000000c5d00000, 0x00000000c5d00000|100%| E|CS|TAMS 0x00000000c5c00000| PB 0x00000000c5c00000| Complete 
|  61|0x00000000c5d00000, 0x00000000c5e00000, 0x00000000c5e00000|100%| E|CS|TAMS 0x00000000c5d00000| PB 0x00000000c5d00000| Complete 

Card table byte_map: [0x0000025ffab00000,0x0000025ffacf0000] _byte_map_base: 0x0000025ffa4f0000

Marking Bits: (CMBitMap*) 0x0000025ffa87b040
 Bits: [0x0000025ffaee0000, 0x0000025ffbe60000)

Polling page: 0x0000025ff8810000

Metaspace:

Usage:
  Non-class:      6.30 MB used.
      Class:    785.70 KB used.
       Both:      7.07 MB used.

Virtual space:
  Non-class space:       64.00 MB reserved,       6.38 MB ( 10%) committed,  1 nodes.
      Class space:        1.00 GB reserved,     896.00 KB ( <1%) committed,  1 nodes.
             Both:        1.06 GB reserved,       7.25 MB ( <1%) committed. 

Chunk freelists:
   Non-Class:  1.00 MB
       Class:  3.11 MB
        Both:  4.11 MB

MaxMetaspaceSize: unlimited
CompressedClassSpaceSize: 1.00 GB
Initial GC threshold: 21.00 MB
Current GC threshold: 21.00 MB
CDS: on
MetaspaceReclaimPolicy: balanced
 - commit_granule_bytes: 65536.
 - commit_granule_words: 8192.
 - virtual_space_node_default_size: 8388608.
 - enlarge_chunks_in_place: 1.
 - new_chunks_are_fully_committed: 0.
 - uncommit_free_chunks: 1.
 - use_allocation_guard: 0.


Internal statistics:

num_allocs_failed_limit: 0.
num_arena_births: 152.
num_arena_deaths: 0.
num_vsnodes_births: 2.
num_vsnodes_deaths: 0.
num_space_committed: 116.
num_space_uncommitted: 0.
num_chunks_returned_to_freelist: 0.
num_chunks_taken_from_freelist: 191.
num_chunk_merges: 0.
num_chunk_splits: 111.
num_chunks_enlarged: 42.
num_inconsistent_stats: 0.

CodeHeap 'non-profiled nmethods': size=120000Kb used=289Kb max_used=289Kb free=119710Kb
 bounds [0x0000025f8fac0000, 0x0000025f8fd30000, 0x0000025f96ff0000]
CodeHeap 'profiled nmethods': size=120000Kb used=1508Kb max_used=1508Kb free=118491Kb
 bounds [0x0000025f87ff0000, 0x0000025f88260000, 0x0000025f8f520000]
CodeHeap 'non-nmethods': size=5760Kb used=1591Kb max_used=1605Kb free=4169Kb
 bounds [0x0000025f8f520000, 0x0000025f8f790000, 0x0000025f8fac0000]
 total_blobs=1612 nmethods=1009 adapters=514
 compilation: enabled
              stopped_count=0, restarted_count=0
 full_count=0

Compilation events (20 events):
Event: 6.379 Thread 0x0000025ffe2d9d40 nmethod 999 0x0000025f88167010 code [0x0000025f881671a0, 0x0000025f88167300]
Event: 6.379 Thread 0x0000025ffe2d9d40 1001       3       java.util.concurrent.locks.LockSupport::setCurrentBlocker (14 bytes)
Event: 6.379 Thread 0x0000025ffe2d9d40 nmethod 1001 0x0000025f88167390 code [0x0000025f88167520, 0x0000025f88167730]
Event: 6.384 Thread 0x0000025ffe2d9d40 1002       3       java.util.concurrent.locks.AbstractQueuedSynchronizer$Node::getAndUnsetStatus (14 bytes)
Event: 6.384 Thread 0x0000025ffe2d9d40 nmethod 1002 0x0000025f88167810 code [0x0000025f881679c0, 0x0000025f88167cb8]
Event: 6.384 Thread 0x0000025ffe2d9d40 1003       3       jdk.internal.misc.Unsafe::getAndBitwiseAndInt (27 bytes)
Event: 6.385 Thread 0x0000025ffe2d9d40 nmethod 1003 0x0000025f88167e10 code [0x0000025f88167fa0, 0x0000025f881681d8]
Event: 6.421 Thread 0x0000025ffe2d4350 1004       4       java.util.ArrayList$Itr::hasNext (20 bytes)
Event: 6.423 Thread 0x0000025ffe2d4350 nmethod 1004 0x0000025f8fb07610 code [0x0000025f8fb07780, 0x0000025f8fb07828]
Event: 6.451 Thread 0x0000025ffe2d4350 1005       4       java.util.concurrent.locks.ReentrantLock$Sync::tryRelease (51 bytes)
Event: 6.455 Thread 0x0000025ffe2d4350 nmethod 1005 0x0000025f8fb07910 code [0x0000025f8fb07a80, 0x0000025f8fb07bc0]
Event: 6.503 Thread 0x0000025ffe2d9d40 1006       3       java.awt.EventQueue::uncacheEQItem (53 bytes)
Event: 6.505 Thread 0x0000025ffe2d9d40 nmethod 1006 0x0000025f88168290 code [0x0000025f88168460, 0x0000025f88168b50]
Event: 6.914 Thread 0x0000025ffe2d4350 1007       4       java.util.concurrent.locks.AbstractQueuedSynchronizer::signalNext (34 bytes)
Event: 6.916 Thread 0x0000025ffe2d4350 nmethod 1007 0x0000025f8fb07c90 code [0x0000025f8fb07e00, 0x0000025f8fb07e80]
Event: 6.992 Thread 0x0000025ffe2d4350 1008       4       java.util.concurrent.locks.ReentrantLock::unlock (10 bytes)
Event: 6.998 Thread 0x0000025ffe2d4350 nmethod 1008 0x0000025f8fb07f90 code [0x0000025f8fb08120, 0x0000025f8fb082e0]
Event: 741.716 Thread 0x0000025ffe2d9d40 1009       3       jdk.internal.org.objectweb.asm.ClassWriter::visitMethod (57 bytes)
Event: 741.717 Thread 0x0000025ffe2d9d40 nmethod 1009 0x0000025f88168d10 code [0x0000025f88168ec0, 0x0000025f88169220]
Event: 741.717 Thread 0x0000025ffe2d9d40 1010       3       jdk.internal.org.objectweb.asm.MethodWriter::<init> (232 bytes)

GC Heap History (0 events):
No events

Dll operation events (10 events):
Event: 0.011 Loaded shared library C:\Program Files\Java\jdk-20\bin\java.dll
Event: 0.024 Loaded shared library C:\Program Files\Java\jdk-20\bin\jsvml.dll
Event: 0.146 Loaded shared library C:\Program Files\Java\jdk-20\bin\net.dll
Event: 0.149 Loaded shared library C:\Program Files\Java\jdk-20\bin\nio.dll
Event: 0.200 Loaded shared library C:\Program Files\Java\jdk-20\bin\jimage.dll
Event: 0.221 Loaded shared library C:\Program Files\Java\jdk-20\bin\awt.dll
Event: 0.486 Loaded shared library C:\Program Files\Java\jdk-20\bin\zip.dll
Event: 0.561 Loaded shared library C:\Program Files\Java\jdk-20\bin\javajpeg.dll
Event: 0.647 Loaded shared library C:\Program Files\Java\jdk-20\bin\freetype.dll
Event: 0.648 Loaded shared library C:\Program Files\Java\jdk-20\bin\fontmanager.dll

Deoptimization events (16 events):
Event: 0.341 Thread 0x0000025ffa838b00 Uncommon trap: trap_request=0xffffff45 fr.pc=0x0000025f8facfc88 relative=0x0000000000000988
Event: 0.341 Thread 0x0000025ffa838b00 Uncommon trap: reason=unstable_if action=reinterpret pc=0x0000025f8facfc88 method=java.util.HashMap.putVal(ILjava/lang/Object;Ljava/lang/Object;ZZ)Ljava/lang/Object; @ 236 c2
Event: 0.341 Thread 0x0000025ffa838b00 DEOPT PACKING pc=0x0000025f8facfc88 sp=0x00000065e3dfdf20
Event: 0.341 Thread 0x0000025ffa838b00 DEOPT UNPACKING pc=0x0000025f8f589d22 sp=0x00000065e3dfdec8 mode 2
Event: 0.540 Thread 0x0000025f9b48b010 Uncommon trap: trap_request=0xffffff45 fr.pc=0x0000025f8faee7dc relative=0x00000000000006fc
Event: 0.540 Thread 0x0000025f9b48b010 Uncommon trap: reason=unstable_if action=reinterpret pc=0x0000025f8faee7dc method=java.util.regex.Matcher.search(I)Z @ 30 c2
Event: 0.540 Thread 0x0000025f9b48b010 DEOPT PACKING pc=0x0000025f8faee7dc sp=0x00000065e52fe480
Event: 0.540 Thread 0x0000025f9b48b010 DEOPT UNPACKING pc=0x0000025f8f589d22 sp=0x00000065e52fe460 mode 2
Event: 0.658 Thread 0x0000025ffa838b00 Uncommon trap: trap_request=0xffffff45 fr.pc=0x0000025f8faef380 relative=0x0000000000000200
Event: 0.658 Thread 0x0000025ffa838b00 Uncommon trap: reason=unstable_if action=reinterpret pc=0x0000025f8faef380 method=java.lang.StringUTF16.compress([CI[BII)I @ 20 c2
Event: 0.658 Thread 0x0000025ffa838b00 DEOPT PACKING pc=0x0000025f8faef380 sp=0x00000065e3dfdc70
Event: 0.658 Thread 0x0000025ffa838b00 DEOPT UNPACKING pc=0x0000025f8f589d22 sp=0x00000065e3dfdbe0 mode 2
Event: 6.919 Thread 0x0000025f9b3f8ef0 Uncommon trap: trap_request=0xffffff45 fr.pc=0x0000025f8fb07e48 relative=0x0000000000000048
Event: 6.919 Thread 0x0000025f9b3f8ef0 Uncommon trap: reason=unstable_if action=reinterpret pc=0x0000025f8fb07e48 method=java.util.concurrent.locks.AbstractQueuedSynchronizer.signalNext(Ljava/util/concurrent/locks/AbstractQueuedSynchronizer$Node;)V @ 1 c2
Event: 6.919 Thread 0x0000025f9b3f8ef0 DEOPT PACKING pc=0x0000025f8fb07e48 sp=0x00000065e51fe0c0
Event: 6.919 Thread 0x0000025f9b3f8ef0 DEOPT UNPACKING pc=0x0000025f8f589d22 sp=0x00000065e51fe050 mode 2

Classes loaded (20 events):
Event: 0.815 Loading class java/awt/Container$MouseEventTargetFilter
Event: 0.816 Loading class java/awt/Container$EventTargetFilter
Event: 0.816 Loading class java/awt/Container$EventTargetFilter done
Event: 0.816 Loading class java/awt/Container$MouseEventTargetFilter done
Event: 0.816 Loading class java/awt/LightweightDispatcher$1
Event: 0.816 Loading class java/awt/LightweightDispatcher$1 done
Event: 0.816 Loading class java/awt/event/AWTEventListenerProxy
Event: 0.816 Loading class java/awt/event/AWTEventListenerProxy done
Event: 0.816 Loading class java/awt/Toolkit$SelectiveAWTEventListener
Event: 0.816 Loading class java/awt/Toolkit$SelectiveAWTEventListener done
Event: 0.816 Loading class java/awt/Toolkit$ToolkitEventMulticaster
Event: 0.816 Loading class java/awt/Toolkit$ToolkitEventMulticaster done
Event: 0.816 Loading class java/awt/event/MouseWheelEvent
Event: 0.816 Loading class java/awt/event/MouseWheelEvent done
Event: 3.527 Loading class java/awt/LightweightDispatcher$2
Event: 3.528 Loading class java/awt/LightweightDispatcher$2 done
Event: 8.663 Loading class java/awt/KeyboardFocusManager$2
Event: 8.664 Loading class java/awt/KeyboardFocusManager$2 done
Event: 8.665 Loading class sun/awt/SunToolkit$1
Event: 8.665 Loading class sun/awt/SunToolkit$1 done

Classes unloaded (0 events):
No events

Classes redefined (0 events):
No events

Internal exceptions (15 events):
Event: 0.151 Thread 0x0000025ffa838b00 Exception <a 'sun/nio/fs/WindowsException'{0x00000000c5c3e8d0}> (0x00000000c5c3e8d0) 
thrown [s\open\src\hotspot\share\prims\jni.cpp, line 519]
Event: 0.155 Thread 0x0000025ffa838b00 Exception <a 'sun/nio/fs/WindowsException'{0x00000000c5c40d30}> (0x00000000c5c40d30) 
thrown [s\open\src\hotspot\share\prims\jni.cpp, line 519]
Event: 0.155 Thread 0x0000025ffa838b00 Exception <a 'sun/nio/fs/WindowsException'{0x00000000c5c417e0}> (0x00000000c5c417e0) 
thrown [s\open\src\hotspot\share\prims\jni.cpp, line 519]
Event: 0.208 Thread 0x0000025ffa838b00 Exception <a 'java/lang/ClassNotFoundException'{0x00000000c5b23a38}: sun/awt/resources/spi/awtProvider> (0x00000000c5b23a38) 
thrown [s\open\src\hotspot\share\classfile\systemDictionary.cpp, line 305]
Event: 0.238 Thread 0x0000025ffa838b00 Exception <a 'java/io/FileNotFoundException'{0x00000000c5b7a558}> (0x00000000c5b7a558) 
thrown [s\open\src\hotspot\share\prims\jni.cpp, line 519]
Event: 0.249 Thread 0x0000025ffa838b00 Exception <a 'java/io/FileNotFoundException'{0x00000000c5ba4788}> (0x00000000c5ba4788) 
thrown [s\open\src\hotspot\share\prims\jni.cpp, line 519]
Event: 0.345 Thread 0x0000025ffa838b00 Exception <a 'java/lang/NoSuchMethodError'{0x00000000c5abf240}: 'void java.lang.invoke.DirectMethodHandle$Holder.invokeSpecial(java.lang.Object, java.lang.Object, java.lang.Object)'> (0x00000000c5abf240) 
thrown [s\open\src\hotspot\share\interpreter\linkResolver.cpp, line 773]
Event: 0.359 Thread 0x0000025ffa838b00 Exception <a 'java/lang/NoSuchMethodError'{0x00000000c59216e0}: 'java.lang.Object java.lang.invoke.DirectMethodHandle$Holder.newInvokeSpecial(java.lang.Object, java.lang.Object, java.lang.Object, java.lang.Object, java.lang.Object)'> (0x00000000c59216e0) 
thrown [s\open\src\hotspot\share\interpreter\linkResolver.cpp, line 773]
Event: 0.372 Thread 0x0000025ffa838b00 Exception <a 'java/lang/NoSuchMethodError'{0x00000000c5952360}: 'java.lang.Object java.lang.invoke.DirectMethodHandle$Holder.invokeStatic(java.lang.Object, int, java.lang.Object)'> (0x00000000c5952360) 
thrown [s\open\src\hotspot\share\interpreter\linkResolver.cpp, line 773]
Event: 0.424 Thread 0x0000025ffa838b00 Exception <a 'java/lang/ClassNotFoundException'{0x00000000c580dda0}: com/sun/swing/internal/plaf/metal/resources/spi/metalProvider> (0x00000000c580dda0) 
thrown [s\open\src\hotspot\share\classfile\systemDictionary.cpp, line 305]
Event: 0.426 Thread 0x0000025ffa838b00 Exception <a 'java/lang/ClassNotFoundException'{0x00000000c5811d50}: com/sun/swing/internal/plaf/basic/resources/spi/basicProvider> (0x00000000c5811d50) 
thrown [s\open\src\hotspot\share\classfile\systemDictionary.cpp, line 305]
Event: 0.442 Thread 0x0000025ffa838b00 Exception <a 'java/lang/NoSuchMethodError'{0x00000000c5830f70}: 'int java.lang.invoke.Invokers$Holder.invokeExact_MT(java.lang.Object, java.lang.Object)'> (0x00000000c5830f70) 
thrown [s\open\src\hotspot\share\interpreter\linkResolver.cpp, line 773]
Event: 0.564 Thread 0x0000025f9b48b010 Exception <a 'java/lang/NoSuchMethodError'{0x00000000c57e1770}: 'java.lang.Object java.lang.invoke.DirectMethodHandle$Holder.newInvokeSpecial(java.lang.Object, java.lang.Object, java.lang.Object, int, int, int, int, int)'> (0x00000000c57e1770) 
thrown [s\open\src\hotspot\share\interpreter\linkResolver.cpp, line 773]
Event: 0.642 Thread 0x0000025ffa838b00 Exception <a 'java/lang/NoSuchMethodError'{0x00000000c54697c0}: 'void java.lang.invoke.DirectMethodHandle$Holder.invokeStaticInit(java.lang.Object)'> (0x00000000c54697c0) 
thrown [s\open\src\hotspot\share\interpreter\linkResolver.cpp, line 773]
Event: 0.712 Thread 0x0000025f9b3f8ef0 Exception <a 'java/lang/NoSuchMethodError'{0x00000000c5a53228}: 'void java.lang.invoke.DirectMethodHandle$Holder.invokeVirtual(java.lang.Object, java.lang.Object)'> (0x00000000c5a53228) 
thrown [s\open\src\hotspot\share\interpreter\linkResolver.cpp, line 773]

VM Operations (20 events):
Event: 0.258 Executing VM operation: HandshakeAllThreads
Event: 0.258 Executing VM operation: HandshakeAllThreads done
Event: 0.536 Executing VM operation: HandshakeAllThreads
Event: 0.536 Executing VM operation: HandshakeAllThreads done
Event: 0.600 Executing VM operation: HandshakeAllThreads
Event: 0.600 Executing VM operation: HandshakeAllThreads done
Event: 0.744 Executing VM operation: HandshakeAllThreads
Event: 0.744 Executing VM operation: HandshakeAllThreads done
Event: 1.755 Executing VM operation: Cleanup
Event: 1.755 Executing VM operation: Cleanup done
Event: 2.769 Executing VM operation: Cleanup
Event: 2.770 Executing VM operation: Cleanup done
Event: 3.770 Executing VM operation: Cleanup
Event: 3.770 Executing VM operation: Cleanup done
Event: 5.775 Executing VM operation: Cleanup
Event: 5.775 Executing VM operation: Cleanup done
Event: 6.790 Executing VM operation: Cleanup
Event: 6.790 Executing VM operation: Cleanup done
Event: 7.795 Executing VM operation: Cleanup
Event: 7.795 Executing VM operation: Cleanup done

Events (20 events):
Event: 0.042 Thread 0x0000025ffa90ea70 Thread added: 0x0000025ffa90ea70
Event: 0.042 Thread 0x0000025ffe2c2a20 Thread added: 0x0000025ffe2c2a20
Event: 0.043 Thread 0x0000025ffe2c6610 Thread added: 0x0000025ffe2c6610
Event: 0.043 Thread 0x0000025ffe2c6f50 Thread added: 0x0000025ffe2c6f50
Event: 0.043 Thread 0x0000025ffe2c7890 Thread added: 0x0000025ffe2c7890
Event: 0.043 Thread 0x0000025ffe2d01e0 Thread added: 0x0000025ffe2d01e0
Event: 0.043 Thread 0x0000025ffe2d4350 Thread added: 0x0000025ffe2d4350
Event: 0.043 Thread 0x0000025ffe2d9d40 Thread added: 0x0000025ffe2d9d40
Event: 0.100 Thread 0x0000025f9b118050 Thread added: 0x0000025f9b118050
Event: 0.183 Thread 0x0000025f9b1d80f0 Thread added: 0x0000025f9b1d80f0
Event: 0.298 Thread 0x0000025f9b3e8480 Thread added: 0x0000025f9b3e8480
Event: 0.300 Thread 0x0000025f9b3f5cc0 Thread added: 0x0000025f9b3f5cc0
Event: 0.302 Thread 0x0000025f9b3f8ef0 Thread added: 0x0000025f9b3f8ef0
Event: 0.453 Thread 0x0000025f9b48b010 Thread added: 0x0000025f9b48b010
Event: 0.525 Thread 0x0000025f9b4e2550 Thread added: 0x0000025f9b4e2550
Event: 0.624 Thread 0x0000025f9b4d6c80 Thread added: 0x0000025f9b4d6c80
Event: 0.718 Thread 0x0000025ffa838b00 Thread exited: 0x0000025ffa838b00
Event: 0.718 Thread 0x0000025ffa838b00 Thread added: 0x0000025ffa838b00
Event: 2.340 Thread 0x0000025f9b4e2550 Thread exited: 0x0000025f9b4e2550
Event: 5.588 Thread 0x0000025f9b48b010 Thread exited: 0x0000025f9b48b010


Dynamic libraries:
0x00007ff7b7070000 - 0x00007ff7b7080000 	C:\Program Files\Java\jdk-20\bin\java.exe
0x00007ffa86610000 - 0x00007ffa86808000 	C:\WINDOWS\SYSTEM32\ntdll.dll
0x00007ffa848e0000 - 0x00007ffa8499f000 	C:\WINDOWS\System32\KERNEL32.DLL
0x00007ffa84390000 - 0x00007ffa8466a000 	C:\WINDOWS\System32\KERNELBASE.dll
0x00007ffa84150000 - 0x00007ffa84250000 	C:\WINDOWS\System32\ucrtbase.dll
0x00007ffa7f090000 - 0x00007ffa7f0ab000 	C:\Program Files\Java\jdk-20\bin\VCRUNTIME140.dll
0x00007ffa737a0000 - 0x00007ffa737b9000 	C:\Program Files\Java\jdk-20\bin\jli.dll
0x00007ffa859a0000 - 0x00007ffa85a4e000 	C:\WINDOWS\System32\ADVAPI32.dll
0x00007ffa85a50000 - 0x00007ffa85aee000 	C:\WINDOWS\System32\msvcrt.dll
0x00007ffa849a0000 - 0x00007ffa84a3c000 	C:\WINDOWS\System32\sechost.dll
0x00007ffa863c0000 - 0x00007ffa864e6000 	C:\WINDOWS\System32\RPCRT4.dll
0x00007ffa84a40000 - 0x00007ffa84bdd000 	C:\WINDOWS\System32\USER32.dll
0x00007ffa734b0000 - 0x00007ffa7374a000 	C:\WINDOWS\WinSxS\amd64_microsoft.windows.common-controls_6595b64144ccf1df_6.0.19041.1110_none_60b5254171f9507e\COMCTL32.dll
0x00007ffa84250000 - 0x00007ffa84272000 	C:\WINDOWS\System32\win32u.dll
0x00007ffa857d0000 - 0x00007ffa857fb000 	C:\WINDOWS\System32\GDI32.dll
0x00007ffa84280000 - 0x00007ffa84390000 	C:\WINDOWS\System32\gdi32full.dll
0x00007ffa84010000 - 0x00007ffa840ad000 	C:\WINDOWS\System32\msvcp_win.dll
0x00007ffa7e6f0000 - 0x00007ffa7e6fa000 	C:\WINDOWS\SYSTEM32\VERSION.dll
0x00007ffa858c0000 - 0x00007ffa858f0000 	C:\WINDOWS\System32\IMM32.DLL
0x00007ffa7f080000 - 0x00007ffa7f08c000 	C:\Program Files\Java\jdk-20\bin\vcruntime140_1.dll
0x00007ffa5bc30000 - 0x00007ffa5bcbe000 	C:\Program Files\Java\jdk-20\bin\msvcp140.dll
0x00007ffa3aca0000 - 0x00007ffa3b937000 	C:\Program Files\Java\jdk-20\bin\server\jvm.dll
0x00007ffa7e340000 - 0x00007ffa7e367000 	C:\WINDOWS\SYSTEM32\WINMM.dll
0x00007ffa6ed30000 - 0x00007ffa6ed39000 	C:\WINDOWS\SYSTEM32\WSOCK32.dll
0x00007ffa854b0000 - 0x00007ffa8551b000 	C:\WINDOWS\System32\WS2_32.dll
0x00007ffa82570000 - 0x00007ffa82582000 	C:\WINDOWS\SYSTEM32\kernel.appcore.dll
0x00007ffa7e8c0000 - 0x00007ffa7e8ca000 	C:\Program Files\Java\jdk-20\bin\jimage.dll
0x00007ffa81a90000 - 0x00007ffa81c74000 	C:\WINDOWS\SYSTEM32\DBGHELP.DLL
0x00007ffa740b0000 - 0x00007ffa740e4000 	C:\WINDOWS\SYSTEM32\dbgcore.DLL
0x00007ffa83d20000 - 0x00007ffa83da2000 	C:\WINDOWS\System32\bcryptPrimitives.dll
0x00007ffa71fd0000 - 0x00007ffa71ff6000 	C:\Program Files\Java\jdk-20\bin\java.dll
0x00007ffa5bcc0000 - 0x00007ffa5bd97000 	C:\Program Files\Java\jdk-20\bin\jsvml.dll
0x00007ffa85c70000 - 0x00007ffa863b4000 	C:\WINDOWS\System32\SHELL32.dll
0x00007ffa81c80000 - 0x00007ffa82413000 	C:\WINDOWS\SYSTEM32\windows.storage.dll
0x00007ffa85130000 - 0x00007ffa85484000 	C:\WINDOWS\System32\combase.dll
0x00007ffa836a0000 - 0x00007ffa836ce000 	C:\WINDOWS\SYSTEM32\Wldp.dll
0x00007ffa85800000 - 0x00007ffa858ad000 	C:\WINDOWS\System32\SHCORE.dll
0x00007ffa84880000 - 0x00007ffa848d5000 	C:\WINDOWS\System32\shlwapi.dll
0x00007ffa83c60000 - 0x00007ffa83c7f000 	C:\WINDOWS\SYSTEM32\profapi.dll
0x00007ffa7e4d0000 - 0x00007ffa7e4e3000 	C:\Program Files\Java\jdk-20\bin\net.dll
0x00007ffa75560000 - 0x00007ffa7566a000 	C:\WINDOWS\SYSTEM32\WINHTTP.dll
0x00007ffa83400000 - 0x00007ffa8346a000 	C:\WINDOWS\system32\mswsock.dll
0x00007ffa71fb0000 - 0x00007ffa71fc6000 	C:\Program Files\Java\jdk-20\bin\nio.dll
0x00007ffa53100000 - 0x00007ffa53291000 	C:\Program Files\Java\jdk-20\bin\awt.dll
0x00007ffa86500000 - 0x00007ffa865cd000 	C:\WINDOWS\System32\OLEAUT32.dll
0x00007ffa81140000 - 0x00007ffa811d0000 	C:\WINDOWS\SYSTEM32\apphelp.dll
0x00007ffa81500000 - 0x00007ffa8152f000 	C:\WINDOWS\system32\DWMAPI.DLL
0x00007ffa81300000 - 0x00007ffa8139e000 	C:\WINDOWS\system32\uxtheme.dll
0x00007ffa71bc0000 - 0x00007ffa71ce5000 	C:\WINDOWS\system32\opengl32.dll
0x00007ffa72b00000 - 0x00007ffa72b2c000 	C:\WINDOWS\SYSTEM32\GLU32.dll
0x00007ffa85b50000 - 0x00007ffa85c64000 	C:\WINDOWS\System32\MSCTF.dll
0x00007ffa85520000 - 0x00007ffa8564a000 	C:\WINDOWS\System32\ole32.dll
0x00007ffa71f90000 - 0x00007ffa71fa8000 	C:\Program Files\Java\jdk-20\bin\zip.dll
0x00007ffa73770000 - 0x00007ffa7379e000 	C:\Program Files\Java\jdk-20\bin\javajpeg.dll
0x00007ffa57ef0000 - 0x00007ffa57f76000 	C:\Program Files\Java\jdk-20\bin\freetype.dll
0x00007ffa56750000 - 0x00007ffa56816000 	C:\Program Files\Java\jdk-20\bin\fontmanager.dll
0x00007ffa7e030000 - 0x00007ffa7e129000 	C:\WINDOWS\SYSTEM32\textinputframework.dll
0x00007ffa80f10000 - 0x00007ffa81002000 	C:\WINDOWS\System32\CoreMessaging.dll
0x00007ffa80bb0000 - 0x00007ffa80f0e000 	C:\WINDOWS\System32\CoreUIComponents.dll
0x00007ffa82e40000 - 0x00007ffa82e73000 	C:\WINDOWS\SYSTEM32\ntmarta.dll
0x00007ffa80400000 - 0x00007ffa80554000 	C:\WINDOWS\SYSTEM32\wintypes.dll

dbghelp: loaded successfully - version: 4.0.5 - missing functions: none
symbol engine: initialized successfully - sym options: 0x614 - pdb path: .;C:\Program Files\Java\jdk-20\bin;C:\WINDOWS\SYSTEM32;C:\WINDOWS\WinSxS\amd64_microsoft.windows.common-controls_6595b64144ccf1df_6.0.19041.1110_none_60b5254171f9507e;C:\Program Files\Java\jdk-20\bin\server

VM Arguments:
jvm_args: -Dfile.encoding=UTF-8 --module-path=C:\Users\DELL\Documents\NetBeansProjects\Quiz Application\build\classes 
java_command: quiz.application.Quiz
java_class_path (initial): C:\Users\DELL\Documents\NetBeansProjects\Quiz Application\build\classes
Launcher Type: SUN_STANDARD

[Global flags]
     intx CICompilerCount                          = 3                                         {product} {ergonomic}
     uint ConcGCThreads                            = 1                                         {product} {ergonomic}
     uint G1ConcRefinementThreads                  = 4                                         {product} {ergonomic}
   size_t G1HeapRegionSize                         = 1048576                                   {product} {ergonomic}
    uintx GCDrainStackTargetSize                   = 64                                        {product} {ergonomic}
   size_t InitialHeapSize                          = 65011712                                  {product} {ergonomic}
   size_t MarkStackSize                            = 4194304                                   {product} {ergonomic}
   size_t MaxHeapSize                              = 1040187392                                {product} {ergonomic}
   size_t MaxNewSize                               = 623902720                                 {product} {ergonomic}
   size_t MinHeapDeltaBytes                        = 1048576                                   {product} {ergonomic}
   size_t MinHeapSize                              = 8388608                                   {product} {ergonomic}
    uintx NonNMethodCodeHeapSize                   = 5832780                                {pd product} {ergonomic}
    uintx NonProfiledCodeHeapSize                  = 122912730                              {pd product} {ergonomic}
    uintx ProfiledCodeHeapSize                     = 122912730                              {pd product} {ergonomic}
    uintx ReservedCodeCacheSize                    = 251658240                              {pd product} {ergonomic}
     bool SegmentedCodeCache                       = true                                      {product} {ergonomic}
   size_t SoftMaxHeapSize                          = 1040187392                             {manageable} {ergonomic}
     bool UseCompressedClassPointers               = true                           {product lp64_product} {ergonomic}
     bool UseCompressedOops                        = true                           {product lp64_product} {ergonomic}
     bool UseG1GC                                  = true                                      {product} {ergonomic}
     bool UseLargePagesIndividualAllocation        = false                                  {pd product} {ergonomic}

Logging:
Log output configuration:
 #0: stdout all=warning uptime,level,tags foldmultilines=false
 #1: stderr all=off uptime,level,tags foldmultilines=false

Environment Variables:
PATH=C:\Program Files\Common Files\Oracle\Java\javapath;C:\WINDOWS\system32;C:\WINDOWS;C:\WINDOWS\System32\Wbem;C:\WINDOWS\System32\WindowsPowerShell\v1.0\;C:\WINDOWS\System32\OpenSSH\;C:\Program Files\Java\jdk-17\bin;C:\Program Files\Java\jdk-20\bin;C:\Program Files\MySQL\MySQL Shell 8.0\bin\;C:\Users\DELL\AppData\Local\Microsoft\WindowsApps;C:\Program Files\Java\jdk-20\bin;;C:\Program Files\JetBrains\IntelliJ IDEA Community Edition 2023.1\bin;
USERNAME=Raju Raj
OS=Windows_NT
PROCESSOR_IDENTIFIER=Intel64 Family 6 Model 142 Stepping 9, GenuineIntel
TMP=C:\Users\DELL\AppData\Local\Temp
TEMP=C:\Users\DELL\AppData\Local\Temp




---------------  S Y S T E M  ---------------

OS:
 Windows 10 , 64 bit Build 19041 (10.0.19041.2788)
OS uptime: 2 days 10:46 hours

CPU: total 4 (initial active 4) (2 cores per cpu, 2 threads per core) family 6 model 142 stepping 9 microcode 0xb4, cx8, cmov, fxsr, ht, mmx, 3dnowpref, sse, sse2, sse3, ssse3, sse4.1, sse4.2, popcnt, lzcnt, tsc, tscinvbit, avx, avx2, aes, erms, clmul, bmi1, bmi2, adx, fma, vzeroupper, clflush, clflushopt, rdtscp, f16c

Memory: 4k page, system-wide physical 3962M (318M free)
TotalPageFile size 16250M (AvailPageFile size 0M)
current process WorkingSet (physical memory assigned to process): 63M, peak: 65M
current process commit charge ("private bytes"): 142M, peak: 144M

vm_info: Java HotSpot(TM) 64-Bit Server VM (20+36-2344) for windows-amd64 JRE (20+36-2344), built on 2023-02-10T19:30:15Z by "mach5one" with MS VC++ 17.1 (VS2022)

END.
